<!DOCTYPE html PUBLIC "-//W3C//DTD XHTML 1.1//EN" "https://www.w3.org/TR/xhtml11/DTD/xhtml11.dtd">
<html xmlns="https://www.w3.org/1999/xhtml">
<head>
<meta http-equiv="content-type" content="text/html; charset=UTF-8"/>
<title>TestNG Report</title>
<style type="text/css">table {margin-bottom:10px;border-collapse:collapse;empty-cells:show}th,td {border:1px solid #009;padding:.25em .5em}th {vertical-align:bottom}td {vertical-align:top}table a {font-weight:bold}.stripe td {background-color: #E6EBF9}.num {text-align:right}.passedodd td {background-color: #3F3}.passedeven td {background-color: #0A0}.skippedodd td {background-color: #DDD}.skippedeven td {background-color: #CCC}.failedodd td,.attn {background-color: #F33}.failedeven td,.stripe .attn {background-color: #D00}.stacktrace {white-space:pre;font-family:monospace}.totop {font-size:85%;text-align:center;border-bottom:2px solid #000}.invisible {display:none}</style>
</head>
<body>
<table>
<tr><th>Test</th><th># Passed</th><th># Skipped</th><th># Retried</th><th># Failed</th><th>Time (ms)</th><th>Included Groups</th><th>Excluded Groups</th></tr>
<tr><th colspan="8">Suite</th></tr>
<tr><td><a href="#t0">Test</a></td><td class="num">0</td><td class="num attn">6</td><td class="num">0</td><td class="num">0</td><td class="num">1,791</td><td></td><td></td></tr>
</table>
<table id='summary'><thead><tr><th>Class</th><th>Method</th><th>Start</th><th>Time (ms)</th></tr></thead><tbody><tr><th colspan="4">Suite</th></tr></tbody><tbody id="t0"><tr><th colspan="4">Test &#8212; failed (configuration methods)</th></tr><tr class="failedeven"><td rowspan="1">pagesTests.LoginTest</td><td><a href="#m0">SetUp</a></td><td rowspan="1">1644909937409</td><td rowspan="1">702</td></tr><tr class="failedodd"><td rowspan="1">pagesTests.RestAssured1</td><td><a href="#m1">SetUp</a></td><td rowspan="1">1644909936349</td><td rowspan="1">1018</td></tr><tr><th colspan="4">Test &#8212; skipped (configuration methods)</th></tr><tr class="skippedeven"><td rowspan="3">pagesTests.LoginTest</td><td><a href="#m2">SetUp</a></td><td rowspan="1">1644909938116</td><td rowspan="1">-1644909938116</td></tr><tr class="skippedeven"><td><a href="#m3">afterMethod</a></td><td rowspan="2">1644909938115</td><td rowspan="2">-1644909938115</td></tr><tr class="skippedeven"><td><a href="#m4">afterMethod</a></td></tr><tr class="skippedodd"><td rowspan="7">pagesTests.RestAssured1</td><td><a href="#m5">SetUp</a></td><td rowspan="3">1644909937394</td><td rowspan="3">-1644909937394</td></tr><tr class="skippedodd"><td><a href="#m6">SetUp</a></td></tr><tr class="skippedodd"><td><a href="#m7">SetUp</a></td></tr><tr class="skippedodd"><td><a href="#m8">afterMethod</a></td><td rowspan="4">1644909937399</td><td rowspan="4">-1644909937399</td></tr><tr class="skippedodd"><td><a href="#m9">afterMethod</a></td></tr><tr class="skippedodd"><td><a href="#m10">afterMethod</a></td></tr><tr class="skippedodd"><td><a href="#m11">afterMethod</a></td></tr><tr><th colspan="4">Test &#8212; skipped</th></tr><tr class="skippedeven"><td rowspan="2">pagesTests.LoginTest</td><td><a href="#m12">Test1</a></td><td rowspan="1">1644909938113</td><td rowspan="1">0</td></tr><tr class="skippedeven"><td><a href="#m13">Test2</a></td><td rowspan="1">1644909938116</td><td rowspan="1">0</td></tr><tr class="skippedodd"><td rowspan="4">pagesTests.RestAssured1</td><td><a href="#m14">getjsonPageData</a></td><td rowspan="1">1644909937378</td><td rowspan="1">0</td></tr><tr class="skippedodd"><td><a href="#m15">restTest1</a></td><td rowspan="1">1644909937387</td><td rowspan="1">0</td></tr><tr class="skippedodd"><td><a href="#m16">restTest2Statuscode</a></td><td rowspan="1">1644909937395</td><td rowspan="1">0</td></tr><tr class="skippedodd"><td><a href="#m17">restTest3containsdata</a></td><td rowspan="1">1644909937401</td><td rowspan="1">0</td></tr></tbody>
</table>
<h2>Test</h2><h3 id="m0">pagesTests.LoginTest#SetUp</h3><table class="result"><tr class="param"><th>Parameter #1</th><th>Parameter #2</th></tr><tr class="param stripe"><td>public void pagesTests.LoginTest.Test1() throws java.io.IOException</td><td>chrome</td></tr><tr><th colspan="2">Exception</th></tr><tr><td colspan="2"><div class="stacktrace">org.openqa.selenium.SessionNotCreatedException: session not created: This version of ChromeDriver only supports Chrome version 96
Current browser version is 98.0.4758.82 with binary path C:\Program Files\Google\Chrome\Application\chrome.exe
Build info: version: &apos;3.13.0&apos;, revision: &apos;2f0d292&apos;, time: &apos;2018-06-25T15:24:21.231Z&apos;
System info: host: &apos;A-ABDELSATAR&apos;, ip: &apos;197.168.3.131&apos;, os.name: &apos;Windows 10&apos;, os.arch: &apos;amd64&apos;, os.version: &apos;10.0&apos;, java.version: &apos;16.0.2&apos;
Driver info: driver.version: ChromeDriver
remote stacktrace: Backtrace:
	Ordinal0 [0x01056903+2517251]
	Ordinal0 [0x00FEF8E1+2095329]
	Ordinal0 [0x00EF2848+1058888]
	Ordinal0 [0x00F10B9D+1182621]
	Ordinal0 [0x00F0CA60+1165920]
	Ordinal0 [0x00F0A2CF+1155791]
	Ordinal0 [0x00F3AAAF+1354415]
	Ordinal0 [0x00F3A71A+1353498]
	Ordinal0 [0x00F3639B+1336219]
	Ordinal0 [0x00F127A7+1189799]
	Ordinal0 [0x00F13609+1193481]
	GetHandleVerifier [0x011E5904+1577972]
	GetHandleVerifier [0x01290B97+2279047]
	GetHandleVerifier [0x010E6D09+534521]
	GetHandleVerifier [0x010E5DB9+530601]
	Ordinal0 [0x00FF4FF9+2117625]
	Ordinal0 [0x00FF98A8+2136232]
	Ordinal0 [0x00FF99E2+2136546]
	Ordinal0 [0x01003541+2176321]
	BaseThreadInitThunk [0x746E0419+25]
	RtlGetAppContainerNamedObjectPath [0x770B72ED+237]
	RtlGetAppContainerNamedObjectPath [0x770B72BD+189]

	at org.openqa.selenium.remote.W3CHandshakeResponse.lambda$new$0(W3CHandshakeResponse.java:57)
	at org.openqa.selenium.remote.W3CHandshakeResponse.lambda$getResponseFunction$2(W3CHandshakeResponse.java:104)
	at org.openqa.selenium.remote.ProtocolHandshake.lambda$createSession$0(ProtocolHandshake.java:123)
	at java.base/java.util.stream.ReferencePipeline$3$1.accept(ReferencePipeline.java:197)
	at java.base/java.util.Spliterators$ArraySpliterator.tryAdvance(Spliterators.java:958)
	at java.base/java.util.stream.ReferencePipeline.forEachWithCancel(ReferencePipeline.java:129)
	at java.base/java.util.stream.AbstractPipeline.copyIntoWithCancel(AbstractPipeline.java:502)
	at java.base/java.util.stream.AbstractPipeline.copyInto(AbstractPipeline.java:488)
	at java.base/java.util.stream.AbstractPipeline.wrapAndCopyInto(AbstractPipeline.java:474)
	at java.base/java.util.stream.FindOps$FindOp.evaluateSequential(FindOps.java:150)
	at java.base/java.util.stream.AbstractPipeline.evaluate(AbstractPipeline.java:234)
	at java.base/java.util.stream.ReferencePipeline.findFirst(ReferencePipeline.java:647)
	at org.openqa.selenium.remote.ProtocolHandshake.createSession(ProtocolHandshake.java:126)
	at org.openqa.selenium.remote.ProtocolHandshake.createSession(ProtocolHandshake.java:73)
	at org.openqa.selenium.remote.HttpCommandExecutor.execute(HttpCommandExecutor.java:136)
	at org.openqa.selenium.remote.service.DriverCommandExecutor.execute(DriverCommandExecutor.java:83)
	at org.openqa.selenium.remote.RemoteWebDriver.execute(RemoteWebDriver.java:548)
	at org.openqa.selenium.remote.RemoteWebDriver.startSession(RemoteWebDriver.java:212)
	at org.openqa.selenium.remote.RemoteWebDriver.&lt;init&gt;(RemoteWebDriver.java:130)
	at org.openqa.selenium.chrome.ChromeDriver.&lt;init&gt;(ChromeDriver.java:181)
	at org.openqa.selenium.chrome.ChromeDriver.&lt;init&gt;(ChromeDriver.java:168)
	at org.openqa.selenium.chrome.ChromeDriver.&lt;init&gt;(ChromeDriver.java:157)
	at baseConfig.Config.SetUp(Config.java:61)
	at java.base/java.util.ArrayList.forEach(ArrayList.java:1511)
... Removed 36 stack frames</div></td></tr></table><p class="totop"><a href="#summary">back to summary</a></p>
<h3 id="m1">pagesTests.RestAssured1#SetUp</h3><table class="result"><tr class="param"><th>Parameter #1</th><th>Parameter #2</th></tr><tr class="param stripe"><td>public void pagesTests.RestAssured1.getjsonPageData()</td><td>chrome</td></tr><tr><th colspan="2">Exception</th></tr><tr><td colspan="2"><div class="stacktrace">org.openqa.selenium.SessionNotCreatedException: session not created: This version of ChromeDriver only supports Chrome version 96
Current browser version is 98.0.4758.82 with binary path C:\Program Files\Google\Chrome\Application\chrome.exe
Build info: version: &apos;3.13.0&apos;, revision: &apos;2f0d292&apos;, time: &apos;2018-06-25T15:24:21.231Z&apos;
System info: host: &apos;A-ABDELSATAR&apos;, ip: &apos;197.168.3.131&apos;, os.name: &apos;Windows 10&apos;, os.arch: &apos;amd64&apos;, os.version: &apos;10.0&apos;, java.version: &apos;16.0.2&apos;
Driver info: driver.version: ChromeDriver
remote stacktrace: Backtrace:
	Ordinal0 [0x01056903+2517251]
	Ordinal0 [0x00FEF8E1+2095329]
	Ordinal0 [0x00EF2848+1058888]
	Ordinal0 [0x00F10B9D+1182621]
	Ordinal0 [0x00F0CA60+1165920]
	Ordinal0 [0x00F0A2CF+1155791]
	Ordinal0 [0x00F3AAAF+1354415]
	Ordinal0 [0x00F3A71A+1353498]
	Ordinal0 [0x00F3639B+1336219]
	Ordinal0 [0x00F127A7+1189799]
	Ordinal0 [0x00F13609+1193481]
	GetHandleVerifier [0x011E5904+1577972]
	GetHandleVerifier [0x01290B97+2279047]
	GetHandleVerifier [0x010E6D09+534521]
	GetHandleVerifier [0x010E5DB9+530601]
	Ordinal0 [0x00FF4FF9+2117625]
	Ordinal0 [0x00FF98A8+2136232]
	Ordinal0 [0x00FF99E2+2136546]
	Ordinal0 [0x01003541+2176321]
	BaseThreadInitThunk [0x746E0419+25]
	RtlGetAppContainerNamedObjectPath [0x770B72ED+237]
	RtlGetAppContainerNamedObjectPath [0x770B72BD+189]

	at org.openqa.selenium.remote.W3CHandshakeResponse.lambda$new$0(W3CHandshakeResponse.java:57)
	at org.openqa.selenium.remote.W3CHandshakeResponse.lambda$getResponseFunction$2(W3CHandshakeResponse.java:104)
	at org.openqa.selenium.remote.ProtocolHandshake.lambda$createSession$0(ProtocolHandshake.java:123)
	at java.base/java.util.stream.ReferencePipeline$3$1.accept(ReferencePipeline.java:197)
	at java.base/java.util.Spliterators$ArraySpliterator.tryAdvance(Spliterators.java:958)
	at java.base/java.util.stream.ReferencePipeline.forEachWithCancel(ReferencePipeline.java:129)
	at java.base/java.util.stream.AbstractPipeline.copyIntoWithCancel(AbstractPipeline.java:502)
	at java.base/java.util.stream.AbstractPipeline.copyInto(AbstractPipeline.java:488)
	at java.base/java.util.stream.AbstractPipeline.wrapAndCopyInto(AbstractPipeline.java:474)
	at java.base/java.util.stream.FindOps$FindOp.evaluateSequential(FindOps.java:150)
	at java.base/java.util.stream.AbstractPipeline.evaluate(AbstractPipeline.java:234)
	at java.base/java.util.stream.ReferencePipeline.findFirst(ReferencePipeline.java:647)
	at org.openqa.selenium.remote.ProtocolHandshake.createSession(ProtocolHandshake.java:126)
	at org.openqa.selenium.remote.ProtocolHandshake.createSession(ProtocolHandshake.java:73)
	at org.openqa.selenium.remote.HttpCommandExecutor.execute(HttpCommandExecutor.java:136)
	at org.openqa.selenium.remote.service.DriverCommandExecutor.execute(DriverCommandExecutor.java:83)
	at org.openqa.selenium.remote.RemoteWebDriver.execute(RemoteWebDriver.java:548)
	at org.openqa.selenium.remote.RemoteWebDriver.startSession(RemoteWebDriver.java:212)
	at org.openqa.selenium.remote.RemoteWebDriver.&lt;init&gt;(RemoteWebDriver.java:130)
	at org.openqa.selenium.chrome.ChromeDriver.&lt;init&gt;(ChromeDriver.java:181)
	at org.openqa.selenium.chrome.ChromeDriver.&lt;init&gt;(ChromeDriver.java:168)
	at org.openqa.selenium.chrome.ChromeDriver.&lt;init&gt;(ChromeDriver.java:157)
	at baseConfig.Config.SetUp(Config.java:61)
	at java.base/java.util.ArrayList.forEach(ArrayList.java:1511)
... Removed 36 stack frames</div></td></tr></table><p class="totop"><a href="#summary">back to summary</a></p>
<h3 id="m2">pagesTests.LoginTest#SetUp</h3><table class="result"><tr><th class="invisible"/></tr></table><p class="totop"><a href="#summary">back to summary</a></p>
<h3 id="m3">pagesTests.LoginTest#afterMethod</h3><table class="result"><tr><th class="invisible"/></tr></table><p class="totop"><a href="#summary">back to summary</a></p>
<h3 id="m4">pagesTests.LoginTest#afterMethod</h3><table class="result"><tr><th class="invisible"/></tr></table><p class="totop"><a href="#summary">back to summary</a></p>
<h3 id="m5">pagesTests.RestAssured1#SetUp</h3><table class="result"><tr><th class="invisible"/></tr></table><p class="totop"><a href="#summary">back to summary</a></p>
<h3 id="m6">pagesTests.RestAssured1#SetUp</h3><table class="result"><tr><th class="invisible"/></tr></table><p class="totop"><a href="#summary">back to summary</a></p>
<h3 id="m7">pagesTests.RestAssured1#SetUp</h3><table class="result"><tr><th class="invisible"/></tr></table><p class="totop"><a href="#summary">back to summary</a></p>
<h3 id="m8">pagesTests.RestAssured1#afterMethod</h3><table class="result"><tr><th class="invisible"/></tr></table><p class="totop"><a href="#summary">back to summary</a></p>
<h3 id="m9">pagesTests.RestAssured1#afterMethod</h3><table class="result"><tr><th class="invisible"/></tr></table><p class="totop"><a href="#summary">back to summary</a></p>
<h3 id="m10">pagesTests.RestAssured1#afterMethod</h3><table class="result"><tr><th class="invisible"/></tr></table><p class="totop"><a href="#summary">back to summary</a></p>
<h3 id="m11">pagesTests.RestAssured1#afterMethod</h3><table class="result"><tr><th class="invisible"/></tr></table><p class="totop"><a href="#summary">back to summary</a></p>
<h3 id="m12">pagesTests.LoginTest#Test1</h3><table class="result"><tr><th>Exception</th></tr><tr><td><div class="stacktrace">org.openqa.selenium.SessionNotCreatedException: session not created: This version of ChromeDriver only supports Chrome version 96
Current browser version is 98.0.4758.82 with binary path C:\Program Files\Google\Chrome\Application\chrome.exe
Build info: version: &apos;3.13.0&apos;, revision: &apos;2f0d292&apos;, time: &apos;2018-06-25T15:24:21.231Z&apos;
System info: host: &apos;A-ABDELSATAR&apos;, ip: &apos;197.168.3.131&apos;, os.name: &apos;Windows 10&apos;, os.arch: &apos;amd64&apos;, os.version: &apos;10.0&apos;, java.version: &apos;16.0.2&apos;
Driver info: driver.version: ChromeDriver
remote stacktrace: Backtrace:
	Ordinal0 [0x01056903+2517251]
	Ordinal0 [0x00FEF8E1+2095329]
	Ordinal0 [0x00EF2848+1058888]
	Ordinal0 [0x00F10B9D+1182621]
	Ordinal0 [0x00F0CA60+1165920]
	Ordinal0 [0x00F0A2CF+1155791]
	Ordinal0 [0x00F3AAAF+1354415]
	Ordinal0 [0x00F3A71A+1353498]
	Ordinal0 [0x00F3639B+1336219]
	Ordinal0 [0x00F127A7+1189799]
	Ordinal0 [0x00F13609+1193481]
	GetHandleVerifier [0x011E5904+1577972]
	GetHandleVerifier [0x01290B97+2279047]
	GetHandleVerifier [0x010E6D09+534521]
	GetHandleVerifier [0x010E5DB9+530601]
	Ordinal0 [0x00FF4FF9+2117625]
	Ordinal0 [0x00FF98A8+2136232]
	Ordinal0 [0x00FF99E2+2136546]
	Ordinal0 [0x01003541+2176321]
	BaseThreadInitThunk [0x746E0419+25]
	RtlGetAppContainerNamedObjectPath [0x770B72ED+237]
	RtlGetAppContainerNamedObjectPath [0x770B72BD+189]

	at org.openqa.selenium.remote.W3CHandshakeResponse.lambda$new$0(W3CHandshakeResponse.java:57)
	at org.openqa.selenium.remote.W3CHandshakeResponse.lambda$getResponseFunction$2(W3CHandshakeResponse.java:104)
	at org.openqa.selenium.remote.ProtocolHandshake.lambda$createSession$0(ProtocolHandshake.java:123)
	at java.base/java.util.stream.ReferencePipeline$3$1.accept(ReferencePipeline.java:197)
	at java.base/java.util.Spliterators$ArraySpliterator.tryAdvance(Spliterators.java:958)
	at java.base/java.util.stream.ReferencePipeline.forEachWithCancel(ReferencePipeline.java:129)
	at java.base/java.util.stream.AbstractPipeline.copyIntoWithCancel(AbstractPipeline.java:502)
	at java.base/java.util.stream.AbstractPipeline.copyInto(AbstractPipeline.java:488)
	at java.base/java.util.stream.AbstractPipeline.wrapAndCopyInto(AbstractPipeline.java:474)
	at java.base/java.util.stream.FindOps$FindOp.evaluateSequential(FindOps.java:150)
	at java.base/java.util.stream.AbstractPipeline.evaluate(AbstractPipeline.java:234)
	at java.base/java.util.stream.ReferencePipeline.findFirst(ReferencePipeline.java:647)
	at org.openqa.selenium.remote.ProtocolHandshake.createSession(ProtocolHandshake.java:126)
	at org.openqa.selenium.remote.ProtocolHandshake.createSession(ProtocolHandshake.java:73)
	at org.openqa.selenium.remote.HttpCommandExecutor.execute(HttpCommandExecutor.java:136)
	at org.openqa.selenium.remote.service.DriverCommandExecutor.execute(DriverCommandExecutor.java:83)
	at org.openqa.selenium.remote.RemoteWebDriver.execute(RemoteWebDriver.java:548)
	at org.openqa.selenium.remote.RemoteWebDriver.startSession(RemoteWebDriver.java:212)
	at org.openqa.selenium.remote.RemoteWebDriver.&lt;init&gt;(RemoteWebDriver.java:130)
	at org.openqa.selenium.chrome.ChromeDriver.&lt;init&gt;(ChromeDriver.java:181)
	at org.openqa.selenium.chrome.ChromeDriver.&lt;init&gt;(ChromeDriver.java:168)
	at org.openqa.selenium.chrome.ChromeDriver.&lt;init&gt;(ChromeDriver.java:157)
	at baseConfig.Config.SetUp(Config.java:61)
	at java.base/java.util.ArrayList.forEach(ArrayList.java:1511)
... Removed 36 stack frames</div></td></tr></table><p class="totop"><a href="#summary">back to summary</a></p>
<h3 id="m13">pagesTests.LoginTest#Test2</h3><table class="result"><tr><th>Exception</th></tr><tr><td><div class="stacktrace">org.openqa.selenium.SessionNotCreatedException: session not created: This version of ChromeDriver only supports Chrome version 96
Current browser version is 98.0.4758.82 with binary path C:\Program Files\Google\Chrome\Application\chrome.exe
Build info: version: &apos;3.13.0&apos;, revision: &apos;2f0d292&apos;, time: &apos;2018-06-25T15:24:21.231Z&apos;
System info: host: &apos;A-ABDELSATAR&apos;, ip: &apos;197.168.3.131&apos;, os.name: &apos;Windows 10&apos;, os.arch: &apos;amd64&apos;, os.version: &apos;10.0&apos;, java.version: &apos;16.0.2&apos;
Driver info: driver.version: ChromeDriver
remote stacktrace: Backtrace:
	Ordinal0 [0x01056903+2517251]
	Ordinal0 [0x00FEF8E1+2095329]
	Ordinal0 [0x00EF2848+1058888]
	Ordinal0 [0x00F10B9D+1182621]
	Ordinal0 [0x00F0CA60+1165920]
	Ordinal0 [0x00F0A2CF+1155791]
	Ordinal0 [0x00F3AAAF+1354415]
	Ordinal0 [0x00F3A71A+1353498]
	Ordinal0 [0x00F3639B+1336219]
	Ordinal0 [0x00F127A7+1189799]
	Ordinal0 [0x00F13609+1193481]
	GetHandleVerifier [0x011E5904+1577972]
	GetHandleVerifier [0x01290B97+2279047]
	GetHandleVerifier [0x010E6D09+534521]
	GetHandleVerifier [0x010E5DB9+530601]
	Ordinal0 [0x00FF4FF9+2117625]
	Ordinal0 [0x00FF98A8+2136232]
	Ordinal0 [0x00FF99E2+2136546]
	Ordinal0 [0x01003541+2176321]
	BaseThreadInitThunk [0x746E0419+25]
	RtlGetAppContainerNamedObjectPath [0x770B72ED+237]
	RtlGetAppContainerNamedObjectPath [0x770B72BD+189]

	at org.openqa.selenium.remote.W3CHandshakeResponse.lambda$new$0(W3CHandshakeResponse.java:57)
	at org.openqa.selenium.remote.W3CHandshakeResponse.lambda$getResponseFunction$2(W3CHandshakeResponse.java:104)
	at org.openqa.selenium.remote.ProtocolHandshake.lambda$createSession$0(ProtocolHandshake.java:123)
	at java.base/java.util.stream.ReferencePipeline$3$1.accept(ReferencePipeline.java:197)
	at java.base/java.util.Spliterators$ArraySpliterator.tryAdvance(Spliterators.java:958)
	at java.base/java.util.stream.ReferencePipeline.forEachWithCancel(ReferencePipeline.java:129)
	at java.base/java.util.stream.AbstractPipeline.copyIntoWithCancel(AbstractPipeline.java:502)
	at java.base/java.util.stream.AbstractPipeline.copyInto(AbstractPipeline.java:488)
	at java.base/java.util.stream.AbstractPipeline.wrapAndCopyInto(AbstractPipeline.java:474)
	at java.base/java.util.stream.FindOps$FindOp.evaluateSequential(FindOps.java:150)
	at java.base/java.util.stream.AbstractPipeline.evaluate(AbstractPipeline.java:234)
	at java.base/java.util.stream.ReferencePipeline.findFirst(ReferencePipeline.java:647)
	at org.openqa.selenium.remote.ProtocolHandshake.createSession(ProtocolHandshake.java:126)
	at org.openqa.selenium.remote.ProtocolHandshake.createSession(ProtocolHandshake.java:73)
	at org.openqa.selenium.remote.HttpCommandExecutor.execute(HttpCommandExecutor.java:136)
	at org.openqa.selenium.remote.service.DriverCommandExecutor.execute(DriverCommandExecutor.java:83)
	at org.openqa.selenium.remote.RemoteWebDriver.execute(RemoteWebDriver.java:548)
	at org.openqa.selenium.remote.RemoteWebDriver.startSession(RemoteWebDriver.java:212)
	at org.openqa.selenium.remote.RemoteWebDriver.&lt;init&gt;(RemoteWebDriver.java:130)
	at org.openqa.selenium.chrome.ChromeDriver.&lt;init&gt;(ChromeDriver.java:181)
	at org.openqa.selenium.chrome.ChromeDriver.&lt;init&gt;(ChromeDriver.java:168)
	at org.openqa.selenium.chrome.ChromeDriver.&lt;init&gt;(ChromeDriver.java:157)
	at baseConfig.Config.SetUp(Config.java:61)
	at java.base/java.util.ArrayList.forEach(ArrayList.java:1511)
... Removed 36 stack frames</div></td></tr></table><p class="totop"><a href="#summary">back to summary</a></p>
<h3 id="m14">pagesTests.RestAssured1#getjsonPageData</h3><table class="result"><tr><th>Exception</th></tr><tr><td><div class="stacktrace">org.openqa.selenium.SessionNotCreatedException: session not created: This version of ChromeDriver only supports Chrome version 96
Current browser version is 98.0.4758.82 with binary path C:\Program Files\Google\Chrome\Application\chrome.exe
Build info: version: &apos;3.13.0&apos;, revision: &apos;2f0d292&apos;, time: &apos;2018-06-25T15:24:21.231Z&apos;
System info: host: &apos;A-ABDELSATAR&apos;, ip: &apos;197.168.3.131&apos;, os.name: &apos;Windows 10&apos;, os.arch: &apos;amd64&apos;, os.version: &apos;10.0&apos;, java.version: &apos;16.0.2&apos;
Driver info: driver.version: ChromeDriver
remote stacktrace: Backtrace:
	Ordinal0 [0x01056903+2517251]
	Ordinal0 [0x00FEF8E1+2095329]
	Ordinal0 [0x00EF2848+1058888]
	Ordinal0 [0x00F10B9D+1182621]
	Ordinal0 [0x00F0CA60+1165920]
	Ordinal0 [0x00F0A2CF+1155791]
	Ordinal0 [0x00F3AAAF+1354415]
	Ordinal0 [0x00F3A71A+1353498]
	Ordinal0 [0x00F3639B+1336219]
	Ordinal0 [0x00F127A7+1189799]
	Ordinal0 [0x00F13609+1193481]
	GetHandleVerifier [0x011E5904+1577972]
	GetHandleVerifier [0x01290B97+2279047]
	GetHandleVerifier [0x010E6D09+534521]
	GetHandleVerifier [0x010E5DB9+530601]
	Ordinal0 [0x00FF4FF9+2117625]
	Ordinal0 [0x00FF98A8+2136232]
	Ordinal0 [0x00FF99E2+2136546]
	Ordinal0 [0x01003541+2176321]
	BaseThreadInitThunk [0x746E0419+25]
	RtlGetAppContainerNamedObjectPath [0x770B72ED+237]
	RtlGetAppContainerNamedObjectPath [0x770B72BD+189]

	at org.openqa.selenium.remote.W3CHandshakeResponse.lambda$new$0(W3CHandshakeResponse.java:57)
	at org.openqa.selenium.remote.W3CHandshakeResponse.lambda$getResponseFunction$2(W3CHandshakeResponse.java:104)
	at org.openqa.selenium.remote.ProtocolHandshake.lambda$createSession$0(ProtocolHandshake.java:123)
	at java.base/java.util.stream.ReferencePipeline$3$1.accept(ReferencePipeline.java:197)
	at java.base/java.util.Spliterators$ArraySpliterator.tryAdvance(Spliterators.java:958)
	at java.base/java.util.stream.ReferencePipeline.forEachWithCancel(ReferencePipeline.java:129)
	at java.base/java.util.stream.AbstractPipeline.copyIntoWithCancel(AbstractPipeline.java:502)
	at java.base/java.util.stream.AbstractPipeline.copyInto(AbstractPipeline.java:488)
	at java.base/java.util.stream.AbstractPipeline.wrapAndCopyInto(AbstractPipeline.java:474)
	at java.base/java.util.stream.FindOps$FindOp.evaluateSequential(FindOps.java:150)
	at java.base/java.util.stream.AbstractPipeline.evaluate(AbstractPipeline.java:234)
	at java.base/java.util.stream.ReferencePipeline.findFirst(ReferencePipeline.java:647)
	at org.openqa.selenium.remote.ProtocolHandshake.createSession(ProtocolHandshake.java:126)
	at org.openqa.selenium.remote.ProtocolHandshake.createSession(ProtocolHandshake.java:73)
	at org.openqa.selenium.remote.HttpCommandExecutor.execute(HttpCommandExecutor.java:136)
	at org.openqa.selenium.remote.service.DriverCommandExecutor.execute(DriverCommandExecutor.java:83)
	at org.openqa.selenium.remote.RemoteWebDriver.execute(RemoteWebDriver.java:548)
	at org.openqa.selenium.remote.RemoteWebDriver.startSession(RemoteWebDriver.java:212)
	at org.openqa.selenium.remote.RemoteWebDriver.&lt;init&gt;(RemoteWebDriver.java:130)
	at org.openqa.selenium.chrome.ChromeDriver.&lt;init&gt;(ChromeDriver.java:181)
	at org.openqa.selenium.chrome.ChromeDriver.&lt;init&gt;(ChromeDriver.java:168)
	at org.openqa.selenium.chrome.ChromeDriver.&lt;init&gt;(ChromeDriver.java:157)
	at baseConfig.Config.SetUp(Config.java:61)
	at java.base/java.util.ArrayList.forEach(ArrayList.java:1511)
... Removed 36 stack frames</div></td></tr></table><p class="totop"><a href="#summary">back to summary</a></p>
<h3 id="m15">pagesTests.RestAssured1#restTest1</h3><table class="result"><tr><th>Exception</th></tr><tr><td><div class="stacktrace">org.openqa.selenium.SessionNotCreatedException: session not created: This version of ChromeDriver only supports Chrome version 96
Current browser version is 98.0.4758.82 with binary path C:\Program Files\Google\Chrome\Application\chrome.exe
Build info: version: &apos;3.13.0&apos;, revision: &apos;2f0d292&apos;, time: &apos;2018-06-25T15:24:21.231Z&apos;
System info: host: &apos;A-ABDELSATAR&apos;, ip: &apos;197.168.3.131&apos;, os.name: &apos;Windows 10&apos;, os.arch: &apos;amd64&apos;, os.version: &apos;10.0&apos;, java.version: &apos;16.0.2&apos;
Driver info: driver.version: ChromeDriver
remote stacktrace: Backtrace:
	Ordinal0 [0x01056903+2517251]
	Ordinal0 [0x00FEF8E1+2095329]
	Ordinal0 [0x00EF2848+1058888]
	Ordinal0 [0x00F10B9D+1182621]
	Ordinal0 [0x00F0CA60+1165920]
	Ordinal0 [0x00F0A2CF+1155791]
	Ordinal0 [0x00F3AAAF+1354415]
	Ordinal0 [0x00F3A71A+1353498]
	Ordinal0 [0x00F3639B+1336219]
	Ordinal0 [0x00F127A7+1189799]
	Ordinal0 [0x00F13609+1193481]
	GetHandleVerifier [0x011E5904+1577972]
	GetHandleVerifier [0x01290B97+2279047]
	GetHandleVerifier [0x010E6D09+534521]
	GetHandleVerifier [0x010E5DB9+530601]
	Ordinal0 [0x00FF4FF9+2117625]
	Ordinal0 [0x00FF98A8+2136232]
	Ordinal0 [0x00FF99E2+2136546]
	Ordinal0 [0x01003541+2176321]
	BaseThreadInitThunk [0x746E0419+25]
	RtlGetAppContainerNamedObjectPath [0x770B72ED+237]
	RtlGetAppContainerNamedObjectPath [0x770B72BD+189]

	at org.openqa.selenium.remote.W3CHandshakeResponse.lambda$new$0(W3CHandshakeResponse.java:57)
	at org.openqa.selenium.remote.W3CHandshakeResponse.lambda$getResponseFunction$2(W3CHandshakeResponse.java:104)
	at org.openqa.selenium.remote.ProtocolHandshake.lambda$createSession$0(ProtocolHandshake.java:123)
	at java.base/java.util.stream.ReferencePipeline$3$1.accept(ReferencePipeline.java:197)
	at java.base/java.util.Spliterators$ArraySpliterator.tryAdvance(Spliterators.java:958)
	at java.base/java.util.stream.ReferencePipeline.forEachWithCancel(ReferencePipeline.java:129)
	at java.base/java.util.stream.AbstractPipeline.copyIntoWithCancel(AbstractPipeline.java:502)
	at java.base/java.util.stream.AbstractPipeline.copyInto(AbstractPipeline.java:488)
	at java.base/java.util.stream.AbstractPipeline.wrapAndCopyInto(AbstractPipeline.java:474)
	at java.base/java.util.stream.FindOps$FindOp.evaluateSequential(FindOps.java:150)
	at java.base/java.util.stream.AbstractPipeline.evaluate(AbstractPipeline.java:234)
	at java.base/java.util.stream.ReferencePipeline.findFirst(ReferencePipeline.java:647)
	at org.openqa.selenium.remote.ProtocolHandshake.createSession(ProtocolHandshake.java:126)
	at org.openqa.selenium.remote.ProtocolHandshake.createSession(ProtocolHandshake.java:73)
	at org.openqa.selenium.remote.HttpCommandExecutor.execute(HttpCommandExecutor.java:136)
	at org.openqa.selenium.remote.service.DriverCommandExecutor.execute(DriverCommandExecutor.java:83)
	at org.openqa.selenium.remote.RemoteWebDriver.execute(RemoteWebDriver.java:548)
	at org.openqa.selenium.remote.RemoteWebDriver.startSession(RemoteWebDriver.java:212)
	at org.openqa.selenium.remote.RemoteWebDriver.&lt;init&gt;(RemoteWebDriver.java:130)
	at org.openqa.selenium.chrome.ChromeDriver.&lt;init&gt;(ChromeDriver.java:181)
	at org.openqa.selenium.chrome.ChromeDriver.&lt;init&gt;(ChromeDriver.java:168)
	at org.openqa.selenium.chrome.ChromeDriver.&lt;init&gt;(ChromeDriver.java:157)
	at baseConfig.Config.SetUp(Config.java:61)
	at java.base/java.util.ArrayList.forEach(ArrayList.java:1511)
... Removed 36 stack frames</div></td></tr></table><p class="totop"><a href="#summary">back to summary</a></p>
<h3 id="m16">pagesTests.RestAssured1#restTest2Statuscode</h3><table class="result"><tr><th>Exception</th></tr><tr><td><div class="stacktrace">org.openqa.selenium.SessionNotCreatedException: session not created: This version of ChromeDriver only supports Chrome version 96
Current browser version is 98.0.4758.82 with binary path C:\Program Files\Google\Chrome\Application\chrome.exe
Build info: version: &apos;3.13.0&apos;, revision: &apos;2f0d292&apos;, time: &apos;2018-06-25T15:24:21.231Z&apos;
System info: host: &apos;A-ABDELSATAR&apos;, ip: &apos;197.168.3.131&apos;, os.name: &apos;Windows 10&apos;, os.arch: &apos;amd64&apos;, os.version: &apos;10.0&apos;, java.version: &apos;16.0.2&apos;
Driver info: driver.version: ChromeDriver
remote stacktrace: Backtrace:
	Ordinal0 [0x01056903+2517251]
	Ordinal0 [0x00FEF8E1+2095329]
	Ordinal0 [0x00EF2848+1058888]
	Ordinal0 [0x00F10B9D+1182621]
	Ordinal0 [0x00F0CA60+1165920]
	Ordinal0 [0x00F0A2CF+1155791]
	Ordinal0 [0x00F3AAAF+1354415]
	Ordinal0 [0x00F3A71A+1353498]
	Ordinal0 [0x00F3639B+1336219]
	Ordinal0 [0x00F127A7+1189799]
	Ordinal0 [0x00F13609+1193481]
	GetHandleVerifier [0x011E5904+1577972]
	GetHandleVerifier [0x01290B97+2279047]
	GetHandleVerifier [0x010E6D09+534521]
	GetHandleVerifier [0x010E5DB9+530601]
	Ordinal0 [0x00FF4FF9+2117625]
	Ordinal0 [0x00FF98A8+2136232]
	Ordinal0 [0x00FF99E2+2136546]
	Ordinal0 [0x01003541+2176321]
	BaseThreadInitThunk [0x746E0419+25]
	RtlGetAppContainerNamedObjectPath [0x770B72ED+237]
	RtlGetAppContainerNamedObjectPath [0x770B72BD+189]

	at org.openqa.selenium.remote.W3CHandshakeResponse.lambda$new$0(W3CHandshakeResponse.java:57)
	at org.openqa.selenium.remote.W3CHandshakeResponse.lambda$getResponseFunction$2(W3CHandshakeResponse.java:104)
	at org.openqa.selenium.remote.ProtocolHandshake.lambda$createSession$0(ProtocolHandshake.java:123)
	at java.base/java.util.stream.ReferencePipeline$3$1.accept(ReferencePipeline.java:197)
	at java.base/java.util.Spliterators$ArraySpliterator.tryAdvance(Spliterators.java:958)
	at java.base/java.util.stream.ReferencePipeline.forEachWithCancel(ReferencePipeline.java:129)
	at java.base/java.util.stream.AbstractPipeline.copyIntoWithCancel(AbstractPipeline.java:502)
	at java.base/java.util.stream.AbstractPipeline.copyInto(AbstractPipeline.java:488)
	at java.base/java.util.stream.AbstractPipeline.wrapAndCopyInto(AbstractPipeline.java:474)
	at java.base/java.util.stream.FindOps$FindOp.evaluateSequential(FindOps.java:150)
	at java.base/java.util.stream.AbstractPipeline.evaluate(AbstractPipeline.java:234)
	at java.base/java.util.stream.ReferencePipeline.findFirst(ReferencePipeline.java:647)
	at org.openqa.selenium.remote.ProtocolHandshake.createSession(ProtocolHandshake.java:126)
	at org.openqa.selenium.remote.ProtocolHandshake.createSession(ProtocolHandshake.java:73)
	at org.openqa.selenium.remote.HttpCommandExecutor.execute(HttpCommandExecutor.java:136)
	at org.openqa.selenium.remote.service.DriverCommandExecutor.execute(DriverCommandExecutor.java:83)
	at org.openqa.selenium.remote.RemoteWebDriver.execute(RemoteWebDriver.java:548)
	at org.openqa.selenium.remote.RemoteWebDriver.startSession(RemoteWebDriver.java:212)
	at org.openqa.selenium.remote.RemoteWebDriver.&lt;init&gt;(RemoteWebDriver.java:130)
	at org.openqa.selenium.chrome.ChromeDriver.&lt;init&gt;(ChromeDriver.java:181)
	at org.openqa.selenium.chrome.ChromeDriver.&lt;init&gt;(ChromeDriver.java:168)
	at org.openqa.selenium.chrome.ChromeDriver.&lt;init&gt;(ChromeDriver.java:157)
	at baseConfig.Config.SetUp(Config.java:61)
	at java.base/java.util.ArrayList.forEach(ArrayList.java:1511)
... Removed 36 stack frames</div></td></tr></table><p class="totop"><a href="#summary">back to summary</a></p>
<h3 id="m17">pagesTests.RestAssured1#restTest3containsdata</h3><table class="result"><tr><th>Exception</th></tr><tr><td><div class="stacktrace">org.openqa.selenium.SessionNotCreatedException: session not created: This version of ChromeDriver only supports Chrome version 96
Current browser version is 98.0.4758.82 with binary path C:\Program Files\Google\Chrome\Application\chrome.exe
Build info: version: &apos;3.13.0&apos;, revision: &apos;2f0d292&apos;, time: &apos;2018-06-25T15:24:21.231Z&apos;
System info: host: &apos;A-ABDELSATAR&apos;, ip: &apos;197.168.3.131&apos;, os.name: &apos;Windows 10&apos;, os.arch: &apos;amd64&apos;, os.version: &apos;10.0&apos;, java.version: &apos;16.0.2&apos;
Driver info: driver.version: ChromeDriver
remote stacktrace: Backtrace:
	Ordinal0 [0x01056903+2517251]
	Ordinal0 [0x00FEF8E1+2095329]
	Ordinal0 [0x00EF2848+1058888]
	Ordinal0 [0x00F10B9D+1182621]
	Ordinal0 [0x00F0CA60+1165920]
	Ordinal0 [0x00F0A2CF+1155791]
	Ordinal0 [0x00F3AAAF+1354415]
	Ordinal0 [0x00F3A71A+1353498]
	Ordinal0 [0x00F3639B+1336219]
	Ordinal0 [0x00F127A7+1189799]
	Ordinal0 [0x00F13609+1193481]
	GetHandleVerifier [0x011E5904+1577972]
	GetHandleVerifier [0x01290B97+2279047]
	GetHandleVerifier [0x010E6D09+534521]
	GetHandleVerifier [0x010E5DB9+530601]
	Ordinal0 [0x00FF4FF9+2117625]
	Ordinal0 [0x00FF98A8+2136232]
	Ordinal0 [0x00FF99E2+2136546]
	Ordinal0 [0x01003541+2176321]
	BaseThreadInitThunk [0x746E0419+25]
	RtlGetAppContainerNamedObjectPath [0x770B72ED+237]
	RtlGetAppContainerNamedObjectPath [0x770B72BD+189]

	at org.openqa.selenium.remote.W3CHandshakeResponse.lambda$new$0(W3CHandshakeResponse.java:57)
	at org.openqa.selenium.remote.W3CHandshakeResponse.lambda$getResponseFunction$2(W3CHandshakeResponse.java:104)
	at org.openqa.selenium.remote.ProtocolHandshake.lambda$createSession$0(ProtocolHandshake.java:123)
	at java.base/java.util.stream.ReferencePipeline$3$1.accept(ReferencePipeline.java:197)
	at java.base/java.util.Spliterators$ArraySpliterator.tryAdvance(Spliterators.java:958)
	at java.base/java.util.stream.ReferencePipeline.forEachWithCancel(ReferencePipeline.java:129)
	at java.base/java.util.stream.AbstractPipeline.copyIntoWithCancel(AbstractPipeline.java:502)
	at java.base/java.util.stream.AbstractPipeline.copyInto(AbstractPipeline.java:488)
	at java.base/java.util.stream.AbstractPipeline.wrapAndCopyInto(AbstractPipeline.java:474)
	at java.base/java.util.stream.FindOps$FindOp.evaluateSequential(FindOps.java:150)
	at java.base/java.util.stream.AbstractPipeline.evaluate(AbstractPipeline.java:234)
	at java.base/java.util.stream.ReferencePipeline.findFirst(ReferencePipeline.java:647)
	at org.openqa.selenium.remote.ProtocolHandshake.createSession(ProtocolHandshake.java:126)
	at org.openqa.selenium.remote.ProtocolHandshake.createSession(ProtocolHandshake.java:73)
	at org.openqa.selenium.remote.HttpCommandExecutor.execute(HttpCommandExecutor.java:136)
	at org.openqa.selenium.remote.service.DriverCommandExecutor.execute(DriverCommandExecutor.java:83)
	at org.openqa.selenium.remote.RemoteWebDriver.execute(RemoteWebDriver.java:548)
	at org.openqa.selenium.remote.RemoteWebDriver.startSession(RemoteWebDriver.java:212)
	at org.openqa.selenium.remote.RemoteWebDriver.&lt;init&gt;(RemoteWebDriver.java:130)
	at org.openqa.selenium.chrome.ChromeDriver.&lt;init&gt;(ChromeDriver.java:181)
	at org.openqa.selenium.chrome.ChromeDriver.&lt;init&gt;(ChromeDriver.java:168)
	at org.openqa.selenium.chrome.ChromeDriver.&lt;init&gt;(ChromeDriver.java:157)
	at baseConfig.Config.SetUp(Config.java:61)
	at java.base/java.util.ArrayList.forEach(ArrayList.java:1511)
... Removed 36 stack frames</div></td></tr></table><p class="totop"><a href="#summary">back to summary</a></p>
</body>
</html>
