<?xml version="1.0" encoding="UTF-8"?>
<!-- Generated by org.testng.reporters.JUnitXMLReporter -->
<testsuite ignored="0" hostname="A-ABDELSATAR" failures="0" tests="9" name="Test" time="6.674" errors="0" timestamp="2022-02-15T12:28:16 EET">
  <testcase classname="adminConfig.AdminBase_Setup" name="@BeforeMethod before_Method" time="1.045">
    <failure type="org.openqa.selenium.SessionNotCreatedException" message="session not created: This version of ChromeDriver only supports Chrome version 96
Current browser version is 98.0.4758.82 with binary path C:\Program Files\Google\Chrome\Application\chrome.exe
Build info: version: &amp;apos;3.13.0&amp;apos;, revision: &amp;apos;2f0d292&amp;apos;, time: &amp;apos;2018-06-25T15:24:21.231Z&amp;apos;
System info: host: &amp;apos;A-ABDELSATAR&amp;apos;, ip: &amp;apos;197.168.3.131&amp;apos;, os.name: &amp;apos;Windows 10&amp;apos;, os.arch: &amp;apos;amd64&amp;apos;, os.version: &amp;apos;10.0&amp;apos;, java.version: &amp;apos;16.0.2&amp;apos;
Driver info: driver.version: ChromeDriver
remote stacktrace: Backtrace:
	Ordinal0 [0x015E6903+2517251]
	Ordinal0 [0x0157F8E1+2095329]
	Ordinal0 [0x01482848+1058888]
	Ordinal0 [0x014A0B9D+1182621]
	Ordinal0 [0x0149CA60+1165920]
	Ordinal0 [0x0149A2CF+1155791]
	Ordinal0 [0x014CAAAF+1354415]
	Ordinal0 [0x014CA71A+1353498]
	Ordinal0 [0x014C639B+1336219]
	Ordinal0 [0x014A27A7+1189799]
	Ordinal0 [0x014A3609+1193481]
	GetHandleVerifier [0x01775904+1577972]
	GetHandleVerifier [0x01820B97+2279047]
	GetHandleVerifier [0x01676D09+534521]
	GetHandleVerifier [0x01675DB9+530601]
	Ordinal0 [0x01584FF9+2117625]
	Ordinal0 [0x015898A8+2136232]
	Ordinal0 [0x015899E2+2136546]
	Ordinal0 [0x01593541+2176321]
	BaseThreadInitThunk [0x746E0419+25]
	RtlGetAppContainerNamedObjectPath [0x770B72ED+237]
	RtlGetAppContainerNamedObjectPath [0x770B72BD+189]
">
      <![CDATA[org.openqa.selenium.SessionNotCreatedException: session not created: This version of ChromeDriver only supports Chrome version 96
Current browser version is 98.0.4758.82 with binary path C:\Program Files\Google\Chrome\Application\chrome.exe
Build info: version: '3.13.0', revision: '2f0d292', time: '2018-06-25T15:24:21.231Z'
System info: host: 'A-ABDELSATAR', ip: '197.168.3.131', os.name: 'Windows 10', os.arch: 'amd64', os.version: '10.0', java.version: '16.0.2'
Driver info: driver.version: ChromeDriver
remote stacktrace: Backtrace:
Ordinal0 [0x015E6903+2517251]
Ordinal0 [0x0157F8E1+2095329]
Ordinal0 [0x01482848+1058888]
Ordinal0 [0x014A0B9D+1182621]
Ordinal0 [0x0149CA60+1165920]
Ordinal0 [0x0149A2CF+1155791]
Ordinal0 [0x014CAAAF+1354415]
Ordinal0 [0x014CA71A+1353498]
Ordinal0 [0x014C639B+1336219]
Ordinal0 [0x014A27A7+1189799]
Ordinal0 [0x014A3609+1193481]
GetHandleVerifier [0x01775904+1577972]
GetHandleVerifier [0x01820B97+2279047]
GetHandleVerifier [0x01676D09+534521]
GetHandleVerifier [0x01675DB9+530601]
Ordinal0 [0x01584FF9+2117625]
Ordinal0 [0x015898A8+2136232]
Ordinal0 [0x015899E2+2136546]
Ordinal0 [0x01593541+2176321]
BaseThreadInitThunk [0x746E0419+25]
RtlGetAppContainerNamedObjectPath [0x770B72ED+237]
RtlGetAppContainerNamedObjectPath [0x770B72BD+189]

at org.openqa.selenium.remote.W3CHandshakeResponse.lambda$new$0(W3CHandshakeResponse.java:57)
at org.openqa.selenium.remote.W3CHandshakeResponse.lambda$getResponseFunction$2(W3CHandshakeResponse.java:104)
at org.openqa.selenium.remote.ProtocolHandshake.lambda$createSession$0(ProtocolHandshake.java:123)
at java.base/java.util.stream.ReferencePipeline$3$1.accept(ReferencePipeline.java:197)
at java.base/java.util.Spliterators$ArraySpliterator.tryAdvance(Spliterators.java:958)
at java.base/java.util.stream.ReferencePipeline.forEachWithCancel(ReferencePipeline.java:129)
at java.base/java.util.stream.AbstractPipeline.copyIntoWithCancel(AbstractPipeline.java:502)
at java.base/java.util.stream.AbstractPipeline.copyInto(AbstractPipeline.java:488)
at java.base/java.util.stream.AbstractPipeline.wrapAndCopyInto(AbstractPipeline.java:474)
at java.base/java.util.stream.FindOps$FindOp.evaluateSequential(FindOps.java:150)
at java.base/java.util.stream.AbstractPipeline.evaluate(AbstractPipeline.java:234)
at java.base/java.util.stream.ReferencePipeline.findFirst(ReferencePipeline.java:647)
at org.openqa.selenium.remote.ProtocolHandshake.createSession(ProtocolHandshake.java:126)
at org.openqa.selenium.remote.ProtocolHandshake.createSession(ProtocolHandshake.java:73)
at org.openqa.selenium.remote.HttpCommandExecutor.execute(HttpCommandExecutor.java:136)
at org.openqa.selenium.remote.service.DriverCommandExecutor.execute(DriverCommandExecutor.java:83)
at org.openqa.selenium.remote.RemoteWebDriver.execute(RemoteWebDriver.java:548)
at org.openqa.selenium.remote.RemoteWebDriver.startSession(RemoteWebDriver.java:212)
at org.openqa.selenium.remote.RemoteWebDriver.<init>(RemoteWebDriver.java:130)
at org.openqa.selenium.chrome.ChromeDriver.<init>(ChromeDriver.java:181)
at org.openqa.selenium.chrome.ChromeDriver.<init>(ChromeDriver.java:168)
at org.openqa.selenium.chrome.ChromeDriver.<init>(ChromeDriver.java:157)
at adminConfig.AdminBase_Setup.before_Method(AdminBase_Setup.java:61)
at java.base/java.util.ArrayList.forEach(ArrayList.java:1511)
... Removed 36 stack frames]]>
    </failure>
  </testcase> <!-- @BeforeMethod before_Method -->
  <testcase classname="adminConfig.AdminBase_Setup" name="@AfterMethod after_Method" time="-1.644920890998E9">
    <skipped/>
  </testcase> <!-- @AfterMethod after_Method -->
  <testcase classname="adminConfig.AdminBase_Setup" name="@BeforeMethod before_Method" time="0.679">
    <failure type="org.openqa.selenium.SessionNotCreatedException" message="session not created: This version of ChromeDriver only supports Chrome version 96
Current browser version is 98.0.4758.82 with binary path C:\Program Files\Google\Chrome\Application\chrome.exe
Build info: version: &amp;apos;3.13.0&amp;apos;, revision: &amp;apos;2f0d292&amp;apos;, time: &amp;apos;2018-06-25T15:24:21.231Z&amp;apos;
System info: host: &amp;apos;A-ABDELSATAR&amp;apos;, ip: &amp;apos;197.168.3.131&amp;apos;, os.name: &amp;apos;Windows 10&amp;apos;, os.arch: &amp;apos;amd64&amp;apos;, os.version: &amp;apos;10.0&amp;apos;, java.version: &amp;apos;16.0.2&amp;apos;
Driver info: driver.version: ChromeDriver
remote stacktrace: Backtrace:
	Ordinal0 [0x015E6903+2517251]
	Ordinal0 [0x0157F8E1+2095329]
	Ordinal0 [0x01482848+1058888]
	Ordinal0 [0x014A0B9D+1182621]
	Ordinal0 [0x0149CA60+1165920]
	Ordinal0 [0x0149A2CF+1155791]
	Ordinal0 [0x014CAAAF+1354415]
	Ordinal0 [0x014CA71A+1353498]
	Ordinal0 [0x014C639B+1336219]
	Ordinal0 [0x014A27A7+1189799]
	Ordinal0 [0x014A3609+1193481]
	GetHandleVerifier [0x01775904+1577972]
	GetHandleVerifier [0x01820B97+2279047]
	GetHandleVerifier [0x01676D09+534521]
	GetHandleVerifier [0x01675DB9+530601]
	Ordinal0 [0x01584FF9+2117625]
	Ordinal0 [0x015898A8+2136232]
	Ordinal0 [0x015899E2+2136546]
	Ordinal0 [0x01593541+2176321]
	BaseThreadInitThunk [0x746E0419+25]
	RtlGetAppContainerNamedObjectPath [0x770B72ED+237]
	RtlGetAppContainerNamedObjectPath [0x770B72BD+189]
">
      <![CDATA[org.openqa.selenium.SessionNotCreatedException: session not created: This version of ChromeDriver only supports Chrome version 96
Current browser version is 98.0.4758.82 with binary path C:\Program Files\Google\Chrome\Application\chrome.exe
Build info: version: '3.13.0', revision: '2f0d292', time: '2018-06-25T15:24:21.231Z'
System info: host: 'A-ABDELSATAR', ip: '197.168.3.131', os.name: 'Windows 10', os.arch: 'amd64', os.version: '10.0', java.version: '16.0.2'
Driver info: driver.version: ChromeDriver
remote stacktrace: Backtrace:
Ordinal0 [0x015E6903+2517251]
Ordinal0 [0x0157F8E1+2095329]
Ordinal0 [0x01482848+1058888]
Ordinal0 [0x014A0B9D+1182621]
Ordinal0 [0x0149CA60+1165920]
Ordinal0 [0x0149A2CF+1155791]
Ordinal0 [0x014CAAAF+1354415]
Ordinal0 [0x014CA71A+1353498]
Ordinal0 [0x014C639B+1336219]
Ordinal0 [0x014A27A7+1189799]
Ordinal0 [0x014A3609+1193481]
GetHandleVerifier [0x01775904+1577972]
GetHandleVerifier [0x01820B97+2279047]
GetHandleVerifier [0x01676D09+534521]
GetHandleVerifier [0x01675DB9+530601]
Ordinal0 [0x01584FF9+2117625]
Ordinal0 [0x015898A8+2136232]
Ordinal0 [0x015899E2+2136546]
Ordinal0 [0x01593541+2176321]
BaseThreadInitThunk [0x746E0419+25]
RtlGetAppContainerNamedObjectPath [0x770B72ED+237]
RtlGetAppContainerNamedObjectPath [0x770B72BD+189]

at org.openqa.selenium.remote.W3CHandshakeResponse.lambda$new$0(W3CHandshakeResponse.java:57)
at org.openqa.selenium.remote.W3CHandshakeResponse.lambda$getResponseFunction$2(W3CHandshakeResponse.java:104)
at org.openqa.selenium.remote.ProtocolHandshake.lambda$createSession$0(ProtocolHandshake.java:123)
at java.base/java.util.stream.ReferencePipeline$3$1.accept(ReferencePipeline.java:197)
at java.base/java.util.Spliterators$ArraySpliterator.tryAdvance(Spliterators.java:958)
at java.base/java.util.stream.ReferencePipeline.forEachWithCancel(ReferencePipeline.java:129)
at java.base/java.util.stream.AbstractPipeline.copyIntoWithCancel(AbstractPipeline.java:502)
at java.base/java.util.stream.AbstractPipeline.copyInto(AbstractPipeline.java:488)
at java.base/java.util.stream.AbstractPipeline.wrapAndCopyInto(AbstractPipeline.java:474)
at java.base/java.util.stream.FindOps$FindOp.evaluateSequential(FindOps.java:150)
at java.base/java.util.stream.AbstractPipeline.evaluate(AbstractPipeline.java:234)
at java.base/java.util.stream.ReferencePipeline.findFirst(ReferencePipeline.java:647)
at org.openqa.selenium.remote.ProtocolHandshake.createSession(ProtocolHandshake.java:126)
at org.openqa.selenium.remote.ProtocolHandshake.createSession(ProtocolHandshake.java:73)
at org.openqa.selenium.remote.HttpCommandExecutor.execute(HttpCommandExecutor.java:136)
at org.openqa.selenium.remote.service.DriverCommandExecutor.execute(DriverCommandExecutor.java:83)
at org.openqa.selenium.remote.RemoteWebDriver.execute(RemoteWebDriver.java:548)
at org.openqa.selenium.remote.RemoteWebDriver.startSession(RemoteWebDriver.java:212)
at org.openqa.selenium.remote.RemoteWebDriver.<init>(RemoteWebDriver.java:130)
at org.openqa.selenium.chrome.ChromeDriver.<init>(ChromeDriver.java:181)
at org.openqa.selenium.chrome.ChromeDriver.<init>(ChromeDriver.java:168)
at org.openqa.selenium.chrome.ChromeDriver.<init>(ChromeDriver.java:157)
at adminConfig.AdminBase_Setup.before_Method(AdminBase_Setup.java:61)
at java.base/java.util.ArrayList.forEach(ArrayList.java:1511)
... Removed 36 stack frames]]>
    </failure>
  </testcase> <!-- @BeforeMethod before_Method -->
  <testcase classname="adminConfig.AdminBase_Setup" name="@AfterMethod after_Method" time="-1.644920891686E9">
    <skipped/>
  </testcase> <!-- @AfterMethod after_Method -->
  <testcase classname="adminConfig.AdminBase_Setup" name="@BeforeMethod before_Method" time="0.732">
    <failure type="org.openqa.selenium.SessionNotCreatedException" message="session not created: This version of ChromeDriver only supports Chrome version 96
Current browser version is 98.0.4758.82 with binary path C:\Program Files\Google\Chrome\Application\chrome.exe
Build info: version: &amp;apos;3.13.0&amp;apos;, revision: &amp;apos;2f0d292&amp;apos;, time: &amp;apos;2018-06-25T15:24:21.231Z&amp;apos;
System info: host: &amp;apos;A-ABDELSATAR&amp;apos;, ip: &amp;apos;197.168.3.131&amp;apos;, os.name: &amp;apos;Windows 10&amp;apos;, os.arch: &amp;apos;amd64&amp;apos;, os.version: &amp;apos;10.0&amp;apos;, java.version: &amp;apos;16.0.2&amp;apos;
Driver info: driver.version: ChromeDriver
remote stacktrace: Backtrace:
	Ordinal0 [0x015E6903+2517251]
	Ordinal0 [0x0157F8E1+2095329]
	Ordinal0 [0x01482848+1058888]
	Ordinal0 [0x014A0B9D+1182621]
	Ordinal0 [0x0149CA60+1165920]
	Ordinal0 [0x0149A2CF+1155791]
	Ordinal0 [0x014CAAAF+1354415]
	Ordinal0 [0x014CA71A+1353498]
	Ordinal0 [0x014C639B+1336219]
	Ordinal0 [0x014A27A7+1189799]
	Ordinal0 [0x014A3609+1193481]
	GetHandleVerifier [0x01775904+1577972]
	GetHandleVerifier [0x01820B97+2279047]
	GetHandleVerifier [0x01676D09+534521]
	GetHandleVerifier [0x01675DB9+530601]
	Ordinal0 [0x01584FF9+2117625]
	Ordinal0 [0x015898A8+2136232]
	Ordinal0 [0x015899E2+2136546]
	Ordinal0 [0x01593541+2176321]
	BaseThreadInitThunk [0x746E0419+25]
	RtlGetAppContainerNamedObjectPath [0x770B72ED+237]
	RtlGetAppContainerNamedObjectPath [0x770B72BD+189]
">
      <![CDATA[org.openqa.selenium.SessionNotCreatedException: session not created: This version of ChromeDriver only supports Chrome version 96
Current browser version is 98.0.4758.82 with binary path C:\Program Files\Google\Chrome\Application\chrome.exe
Build info: version: '3.13.0', revision: '2f0d292', time: '2018-06-25T15:24:21.231Z'
System info: host: 'A-ABDELSATAR', ip: '197.168.3.131', os.name: 'Windows 10', os.arch: 'amd64', os.version: '10.0', java.version: '16.0.2'
Driver info: driver.version: ChromeDriver
remote stacktrace: Backtrace:
Ordinal0 [0x015E6903+2517251]
Ordinal0 [0x0157F8E1+2095329]
Ordinal0 [0x01482848+1058888]
Ordinal0 [0x014A0B9D+1182621]
Ordinal0 [0x0149CA60+1165920]
Ordinal0 [0x0149A2CF+1155791]
Ordinal0 [0x014CAAAF+1354415]
Ordinal0 [0x014CA71A+1353498]
Ordinal0 [0x014C639B+1336219]
Ordinal0 [0x014A27A7+1189799]
Ordinal0 [0x014A3609+1193481]
GetHandleVerifier [0x01775904+1577972]
GetHandleVerifier [0x01820B97+2279047]
GetHandleVerifier [0x01676D09+534521]
GetHandleVerifier [0x01675DB9+530601]
Ordinal0 [0x01584FF9+2117625]
Ordinal0 [0x015898A8+2136232]
Ordinal0 [0x015899E2+2136546]
Ordinal0 [0x01593541+2176321]
BaseThreadInitThunk [0x746E0419+25]
RtlGetAppContainerNamedObjectPath [0x770B72ED+237]
RtlGetAppContainerNamedObjectPath [0x770B72BD+189]

at org.openqa.selenium.remote.W3CHandshakeResponse.lambda$new$0(W3CHandshakeResponse.java:57)
at org.openqa.selenium.remote.W3CHandshakeResponse.lambda$getResponseFunction$2(W3CHandshakeResponse.java:104)
at org.openqa.selenium.remote.ProtocolHandshake.lambda$createSession$0(ProtocolHandshake.java:123)
at java.base/java.util.stream.ReferencePipeline$3$1.accept(ReferencePipeline.java:197)
at java.base/java.util.Spliterators$ArraySpliterator.tryAdvance(Spliterators.java:958)
at java.base/java.util.stream.ReferencePipeline.forEachWithCancel(ReferencePipeline.java:129)
at java.base/java.util.stream.AbstractPipeline.copyIntoWithCancel(AbstractPipeline.java:502)
at java.base/java.util.stream.AbstractPipeline.copyInto(AbstractPipeline.java:488)
at java.base/java.util.stream.AbstractPipeline.wrapAndCopyInto(AbstractPipeline.java:474)
at java.base/java.util.stream.FindOps$FindOp.evaluateSequential(FindOps.java:150)
at java.base/java.util.stream.AbstractPipeline.evaluate(AbstractPipeline.java:234)
at java.base/java.util.stream.ReferencePipeline.findFirst(ReferencePipeline.java:647)
at org.openqa.selenium.remote.ProtocolHandshake.createSession(ProtocolHandshake.java:126)
at org.openqa.selenium.remote.ProtocolHandshake.createSession(ProtocolHandshake.java:73)
at org.openqa.selenium.remote.HttpCommandExecutor.execute(HttpCommandExecutor.java:136)
at org.openqa.selenium.remote.service.DriverCommandExecutor.execute(DriverCommandExecutor.java:83)
at org.openqa.selenium.remote.RemoteWebDriver.execute(RemoteWebDriver.java:548)
at org.openqa.selenium.remote.RemoteWebDriver.startSession(RemoteWebDriver.java:212)
at org.openqa.selenium.remote.RemoteWebDriver.<init>(RemoteWebDriver.java:130)
at org.openqa.selenium.chrome.ChromeDriver.<init>(ChromeDriver.java:181)
at org.openqa.selenium.chrome.ChromeDriver.<init>(ChromeDriver.java:168)
at org.openqa.selenium.chrome.ChromeDriver.<init>(ChromeDriver.java:157)
at adminConfig.AdminBase_Setup.before_Method(AdminBase_Setup.java:61)
at java.base/java.util.ArrayList.forEach(ArrayList.java:1511)
... Removed 36 stack frames]]>
    </failure>
  </testcase> <!-- @BeforeMethod before_Method -->
  <testcase classname="adminConfig.AdminBase_Setup" name="@AfterMethod after_Method" time="-1.644920892421E9">
    <skipped/>
  </testcase> <!-- @AfterMethod after_Method -->
  <testcase classname="adminConfig.AdminBase_Setup" name="@BeforeMethod before_Method" time="0.731">
    <failure type="org.openqa.selenium.SessionNotCreatedException" message="session not created: This version of ChromeDriver only supports Chrome version 96
Current browser version is 98.0.4758.82 with binary path C:\Program Files\Google\Chrome\Application\chrome.exe
Build info: version: &amp;apos;3.13.0&amp;apos;, revision: &amp;apos;2f0d292&amp;apos;, time: &amp;apos;2018-06-25T15:24:21.231Z&amp;apos;
System info: host: &amp;apos;A-ABDELSATAR&amp;apos;, ip: &amp;apos;197.168.3.131&amp;apos;, os.name: &amp;apos;Windows 10&amp;apos;, os.arch: &amp;apos;amd64&amp;apos;, os.version: &amp;apos;10.0&amp;apos;, java.version: &amp;apos;16.0.2&amp;apos;
Driver info: driver.version: ChromeDriver
remote stacktrace: Backtrace:
	Ordinal0 [0x015E6903+2517251]
	Ordinal0 [0x0157F8E1+2095329]
	Ordinal0 [0x01482848+1058888]
	Ordinal0 [0x014A0B9D+1182621]
	Ordinal0 [0x0149CA60+1165920]
	Ordinal0 [0x0149A2CF+1155791]
	Ordinal0 [0x014CAAAF+1354415]
	Ordinal0 [0x014CA71A+1353498]
	Ordinal0 [0x014C639B+1336219]
	Ordinal0 [0x014A27A7+1189799]
	Ordinal0 [0x014A3609+1193481]
	GetHandleVerifier [0x01775904+1577972]
	GetHandleVerifier [0x01820B97+2279047]
	GetHandleVerifier [0x01676D09+534521]
	GetHandleVerifier [0x01675DB9+530601]
	Ordinal0 [0x01584FF9+2117625]
	Ordinal0 [0x015898A8+2136232]
	Ordinal0 [0x015899E2+2136546]
	Ordinal0 [0x01593541+2176321]
	BaseThreadInitThunk [0x746E0419+25]
	RtlGetAppContainerNamedObjectPath [0x770B72ED+237]
	RtlGetAppContainerNamedObjectPath [0x770B72BD+189]
">
      <![CDATA[org.openqa.selenium.SessionNotCreatedException: session not created: This version of ChromeDriver only supports Chrome version 96
Current browser version is 98.0.4758.82 with binary path C:\Program Files\Google\Chrome\Application\chrome.exe
Build info: version: '3.13.0', revision: '2f0d292', time: '2018-06-25T15:24:21.231Z'
System info: host: 'A-ABDELSATAR', ip: '197.168.3.131', os.name: 'Windows 10', os.arch: 'amd64', os.version: '10.0', java.version: '16.0.2'
Driver info: driver.version: ChromeDriver
remote stacktrace: Backtrace:
Ordinal0 [0x015E6903+2517251]
Ordinal0 [0x0157F8E1+2095329]
Ordinal0 [0x01482848+1058888]
Ordinal0 [0x014A0B9D+1182621]
Ordinal0 [0x0149CA60+1165920]
Ordinal0 [0x0149A2CF+1155791]
Ordinal0 [0x014CAAAF+1354415]
Ordinal0 [0x014CA71A+1353498]
Ordinal0 [0x014C639B+1336219]
Ordinal0 [0x014A27A7+1189799]
Ordinal0 [0x014A3609+1193481]
GetHandleVerifier [0x01775904+1577972]
GetHandleVerifier [0x01820B97+2279047]
GetHandleVerifier [0x01676D09+534521]
GetHandleVerifier [0x01675DB9+530601]
Ordinal0 [0x01584FF9+2117625]
Ordinal0 [0x015898A8+2136232]
Ordinal0 [0x015899E2+2136546]
Ordinal0 [0x01593541+2176321]
BaseThreadInitThunk [0x746E0419+25]
RtlGetAppContainerNamedObjectPath [0x770B72ED+237]
RtlGetAppContainerNamedObjectPath [0x770B72BD+189]

at org.openqa.selenium.remote.W3CHandshakeResponse.lambda$new$0(W3CHandshakeResponse.java:57)
at org.openqa.selenium.remote.W3CHandshakeResponse.lambda$getResponseFunction$2(W3CHandshakeResponse.java:104)
at org.openqa.selenium.remote.ProtocolHandshake.lambda$createSession$0(ProtocolHandshake.java:123)
at java.base/java.util.stream.ReferencePipeline$3$1.accept(ReferencePipeline.java:197)
at java.base/java.util.Spliterators$ArraySpliterator.tryAdvance(Spliterators.java:958)
at java.base/java.util.stream.ReferencePipeline.forEachWithCancel(ReferencePipeline.java:129)
at java.base/java.util.stream.AbstractPipeline.copyIntoWithCancel(AbstractPipeline.java:502)
at java.base/java.util.stream.AbstractPipeline.copyInto(AbstractPipeline.java:488)
at java.base/java.util.stream.AbstractPipeline.wrapAndCopyInto(AbstractPipeline.java:474)
at java.base/java.util.stream.FindOps$FindOp.evaluateSequential(FindOps.java:150)
at java.base/java.util.stream.AbstractPipeline.evaluate(AbstractPipeline.java:234)
at java.base/java.util.stream.ReferencePipeline.findFirst(ReferencePipeline.java:647)
at org.openqa.selenium.remote.ProtocolHandshake.createSession(ProtocolHandshake.java:126)
at org.openqa.selenium.remote.ProtocolHandshake.createSession(ProtocolHandshake.java:73)
at org.openqa.selenium.remote.HttpCommandExecutor.execute(HttpCommandExecutor.java:136)
at org.openqa.selenium.remote.service.DriverCommandExecutor.execute(DriverCommandExecutor.java:83)
at org.openqa.selenium.remote.RemoteWebDriver.execute(RemoteWebDriver.java:548)
at org.openqa.selenium.remote.RemoteWebDriver.startSession(RemoteWebDriver.java:212)
at org.openqa.selenium.remote.RemoteWebDriver.<init>(RemoteWebDriver.java:130)
at org.openqa.selenium.chrome.ChromeDriver.<init>(ChromeDriver.java:181)
at org.openqa.selenium.chrome.ChromeDriver.<init>(ChromeDriver.java:168)
at org.openqa.selenium.chrome.ChromeDriver.<init>(ChromeDriver.java:157)
at adminConfig.AdminBase_Setup.before_Method(AdminBase_Setup.java:61)
at java.base/java.util.ArrayList.forEach(ArrayList.java:1511)
... Removed 36 stack frames]]>
    </failure>
  </testcase> <!-- @BeforeMethod before_Method -->
  <testcase classname="adminConfig.AdminBase_Setup" name="@AfterMethod after_Method" time="-1.644920893158E9">
    <skipped/>
  </testcase> <!-- @AfterMethod after_Method -->
  <testcase classname="adminConfig.AdminBase_Setup" name="@BeforeMethod before_Method" time="0.72">
    <failure type="org.openqa.selenium.SessionNotCreatedException" message="session not created: This version of ChromeDriver only supports Chrome version 96
Current browser version is 98.0.4758.82 with binary path C:\Program Files\Google\Chrome\Application\chrome.exe
Build info: version: &amp;apos;3.13.0&amp;apos;, revision: &amp;apos;2f0d292&amp;apos;, time: &amp;apos;2018-06-25T15:24:21.231Z&amp;apos;
System info: host: &amp;apos;A-ABDELSATAR&amp;apos;, ip: &amp;apos;197.168.3.131&amp;apos;, os.name: &amp;apos;Windows 10&amp;apos;, os.arch: &amp;apos;amd64&amp;apos;, os.version: &amp;apos;10.0&amp;apos;, java.version: &amp;apos;16.0.2&amp;apos;
Driver info: driver.version: ChromeDriver
remote stacktrace: Backtrace:
	Ordinal0 [0x015E6903+2517251]
	Ordinal0 [0x0157F8E1+2095329]
	Ordinal0 [0x01482848+1058888]
	Ordinal0 [0x014A0B9D+1182621]
	Ordinal0 [0x0149CA60+1165920]
	Ordinal0 [0x0149A2CF+1155791]
	Ordinal0 [0x014CAAAF+1354415]
	Ordinal0 [0x014CA71A+1353498]
	Ordinal0 [0x014C639B+1336219]
	Ordinal0 [0x014A27A7+1189799]
	Ordinal0 [0x014A3609+1193481]
	GetHandleVerifier [0x01775904+1577972]
	GetHandleVerifier [0x01820B97+2279047]
	GetHandleVerifier [0x01676D09+534521]
	GetHandleVerifier [0x01675DB9+530601]
	Ordinal0 [0x01584FF9+2117625]
	Ordinal0 [0x015898A8+2136232]
	Ordinal0 [0x015899E2+2136546]
	Ordinal0 [0x01593541+2176321]
	BaseThreadInitThunk [0x746E0419+25]
	RtlGetAppContainerNamedObjectPath [0x770B72ED+237]
	RtlGetAppContainerNamedObjectPath [0x770B72BD+189]
">
      <![CDATA[org.openqa.selenium.SessionNotCreatedException: session not created: This version of ChromeDriver only supports Chrome version 96
Current browser version is 98.0.4758.82 with binary path C:\Program Files\Google\Chrome\Application\chrome.exe
Build info: version: '3.13.0', revision: '2f0d292', time: '2018-06-25T15:24:21.231Z'
System info: host: 'A-ABDELSATAR', ip: '197.168.3.131', os.name: 'Windows 10', os.arch: 'amd64', os.version: '10.0', java.version: '16.0.2'
Driver info: driver.version: ChromeDriver
remote stacktrace: Backtrace:
Ordinal0 [0x015E6903+2517251]
Ordinal0 [0x0157F8E1+2095329]
Ordinal0 [0x01482848+1058888]
Ordinal0 [0x014A0B9D+1182621]
Ordinal0 [0x0149CA60+1165920]
Ordinal0 [0x0149A2CF+1155791]
Ordinal0 [0x014CAAAF+1354415]
Ordinal0 [0x014CA71A+1353498]
Ordinal0 [0x014C639B+1336219]
Ordinal0 [0x014A27A7+1189799]
Ordinal0 [0x014A3609+1193481]
GetHandleVerifier [0x01775904+1577972]
GetHandleVerifier [0x01820B97+2279047]
GetHandleVerifier [0x01676D09+534521]
GetHandleVerifier [0x01675DB9+530601]
Ordinal0 [0x01584FF9+2117625]
Ordinal0 [0x015898A8+2136232]
Ordinal0 [0x015899E2+2136546]
Ordinal0 [0x01593541+2176321]
BaseThreadInitThunk [0x746E0419+25]
RtlGetAppContainerNamedObjectPath [0x770B72ED+237]
RtlGetAppContainerNamedObjectPath [0x770B72BD+189]

at org.openqa.selenium.remote.W3CHandshakeResponse.lambda$new$0(W3CHandshakeResponse.java:57)
at org.openqa.selenium.remote.W3CHandshakeResponse.lambda$getResponseFunction$2(W3CHandshakeResponse.java:104)
at org.openqa.selenium.remote.ProtocolHandshake.lambda$createSession$0(ProtocolHandshake.java:123)
at java.base/java.util.stream.ReferencePipeline$3$1.accept(ReferencePipeline.java:197)
at java.base/java.util.Spliterators$ArraySpliterator.tryAdvance(Spliterators.java:958)
at java.base/java.util.stream.ReferencePipeline.forEachWithCancel(ReferencePipeline.java:129)
at java.base/java.util.stream.AbstractPipeline.copyIntoWithCancel(AbstractPipeline.java:502)
at java.base/java.util.stream.AbstractPipeline.copyInto(AbstractPipeline.java:488)
at java.base/java.util.stream.AbstractPipeline.wrapAndCopyInto(AbstractPipeline.java:474)
at java.base/java.util.stream.FindOps$FindOp.evaluateSequential(FindOps.java:150)
at java.base/java.util.stream.AbstractPipeline.evaluate(AbstractPipeline.java:234)
at java.base/java.util.stream.ReferencePipeline.findFirst(ReferencePipeline.java:647)
at org.openqa.selenium.remote.ProtocolHandshake.createSession(ProtocolHandshake.java:126)
at org.openqa.selenium.remote.ProtocolHandshake.createSession(ProtocolHandshake.java:73)
at org.openqa.selenium.remote.HttpCommandExecutor.execute(HttpCommandExecutor.java:136)
at org.openqa.selenium.remote.service.DriverCommandExecutor.execute(DriverCommandExecutor.java:83)
at org.openqa.selenium.remote.RemoteWebDriver.execute(RemoteWebDriver.java:548)
at org.openqa.selenium.remote.RemoteWebDriver.startSession(RemoteWebDriver.java:212)
at org.openqa.selenium.remote.RemoteWebDriver.<init>(RemoteWebDriver.java:130)
at org.openqa.selenium.chrome.ChromeDriver.<init>(ChromeDriver.java:181)
at org.openqa.selenium.chrome.ChromeDriver.<init>(ChromeDriver.java:168)
at org.openqa.selenium.chrome.ChromeDriver.<init>(ChromeDriver.java:157)
at adminConfig.AdminBase_Setup.before_Method(AdminBase_Setup.java:61)
at java.base/java.util.ArrayList.forEach(ArrayList.java:1511)
... Removed 36 stack frames]]>
    </failure>
  </testcase> <!-- @BeforeMethod before_Method -->
  <testcase classname="adminConfig.AdminBase_Setup" name="@AfterMethod after_Method" time="-1.644920893883E9">
    <skipped/>
  </testcase> <!-- @AfterMethod after_Method -->
  <testcase classname="adminConfig.AdminBase_Setup" name="@BeforeMethod before_Method" time="0.692">
    <failure type="org.openqa.selenium.SessionNotCreatedException" message="session not created: This version of ChromeDriver only supports Chrome version 96
Current browser version is 98.0.4758.82 with binary path C:\Program Files\Google\Chrome\Application\chrome.exe
Build info: version: &amp;apos;3.13.0&amp;apos;, revision: &amp;apos;2f0d292&amp;apos;, time: &amp;apos;2018-06-25T15:24:21.231Z&amp;apos;
System info: host: &amp;apos;A-ABDELSATAR&amp;apos;, ip: &amp;apos;197.168.3.131&amp;apos;, os.name: &amp;apos;Windows 10&amp;apos;, os.arch: &amp;apos;amd64&amp;apos;, os.version: &amp;apos;10.0&amp;apos;, java.version: &amp;apos;16.0.2&amp;apos;
Driver info: driver.version: ChromeDriver
remote stacktrace: Backtrace:
	Ordinal0 [0x015E6903+2517251]
	Ordinal0 [0x0157F8E1+2095329]
	Ordinal0 [0x01482848+1058888]
	Ordinal0 [0x014A0B9D+1182621]
	Ordinal0 [0x0149CA60+1165920]
	Ordinal0 [0x0149A2CF+1155791]
	Ordinal0 [0x014CAAAF+1354415]
	Ordinal0 [0x014CA71A+1353498]
	Ordinal0 [0x014C639B+1336219]
	Ordinal0 [0x014A27A7+1189799]
	Ordinal0 [0x014A3609+1193481]
	GetHandleVerifier [0x01775904+1577972]
	GetHandleVerifier [0x01820B97+2279047]
	GetHandleVerifier [0x01676D09+534521]
	GetHandleVerifier [0x01675DB9+530601]
	Ordinal0 [0x01584FF9+2117625]
	Ordinal0 [0x015898A8+2136232]
	Ordinal0 [0x015899E2+2136546]
	Ordinal0 [0x01593541+2176321]
	BaseThreadInitThunk [0x746E0419+25]
	RtlGetAppContainerNamedObjectPath [0x770B72ED+237]
	RtlGetAppContainerNamedObjectPath [0x770B72BD+189]
">
      <![CDATA[org.openqa.selenium.SessionNotCreatedException: session not created: This version of ChromeDriver only supports Chrome version 96
Current browser version is 98.0.4758.82 with binary path C:\Program Files\Google\Chrome\Application\chrome.exe
Build info: version: '3.13.0', revision: '2f0d292', time: '2018-06-25T15:24:21.231Z'
System info: host: 'A-ABDELSATAR', ip: '197.168.3.131', os.name: 'Windows 10', os.arch: 'amd64', os.version: '10.0', java.version: '16.0.2'
Driver info: driver.version: ChromeDriver
remote stacktrace: Backtrace:
Ordinal0 [0x015E6903+2517251]
Ordinal0 [0x0157F8E1+2095329]
Ordinal0 [0x01482848+1058888]
Ordinal0 [0x014A0B9D+1182621]
Ordinal0 [0x0149CA60+1165920]
Ordinal0 [0x0149A2CF+1155791]
Ordinal0 [0x014CAAAF+1354415]
Ordinal0 [0x014CA71A+1353498]
Ordinal0 [0x014C639B+1336219]
Ordinal0 [0x014A27A7+1189799]
Ordinal0 [0x014A3609+1193481]
GetHandleVerifier [0x01775904+1577972]
GetHandleVerifier [0x01820B97+2279047]
GetHandleVerifier [0x01676D09+534521]
GetHandleVerifier [0x01675DB9+530601]
Ordinal0 [0x01584FF9+2117625]
Ordinal0 [0x015898A8+2136232]
Ordinal0 [0x015899E2+2136546]
Ordinal0 [0x01593541+2176321]
BaseThreadInitThunk [0x746E0419+25]
RtlGetAppContainerNamedObjectPath [0x770B72ED+237]
RtlGetAppContainerNamedObjectPath [0x770B72BD+189]

at org.openqa.selenium.remote.W3CHandshakeResponse.lambda$new$0(W3CHandshakeResponse.java:57)
at org.openqa.selenium.remote.W3CHandshakeResponse.lambda$getResponseFunction$2(W3CHandshakeResponse.java:104)
at org.openqa.selenium.remote.ProtocolHandshake.lambda$createSession$0(ProtocolHandshake.java:123)
at java.base/java.util.stream.ReferencePipeline$3$1.accept(ReferencePipeline.java:197)
at java.base/java.util.Spliterators$ArraySpliterator.tryAdvance(Spliterators.java:958)
at java.base/java.util.stream.ReferencePipeline.forEachWithCancel(ReferencePipeline.java:129)
at java.base/java.util.stream.AbstractPipeline.copyIntoWithCancel(AbstractPipeline.java:502)
at java.base/java.util.stream.AbstractPipeline.copyInto(AbstractPipeline.java:488)
at java.base/java.util.stream.AbstractPipeline.wrapAndCopyInto(AbstractPipeline.java:474)
at java.base/java.util.stream.FindOps$FindOp.evaluateSequential(FindOps.java:150)
at java.base/java.util.stream.AbstractPipeline.evaluate(AbstractPipeline.java:234)
at java.base/java.util.stream.ReferencePipeline.findFirst(ReferencePipeline.java:647)
at org.openqa.selenium.remote.ProtocolHandshake.createSession(ProtocolHandshake.java:126)
at org.openqa.selenium.remote.ProtocolHandshake.createSession(ProtocolHandshake.java:73)
at org.openqa.selenium.remote.HttpCommandExecutor.execute(HttpCommandExecutor.java:136)
at org.openqa.selenium.remote.service.DriverCommandExecutor.execute(DriverCommandExecutor.java:83)
at org.openqa.selenium.remote.RemoteWebDriver.execute(RemoteWebDriver.java:548)
at org.openqa.selenium.remote.RemoteWebDriver.startSession(RemoteWebDriver.java:212)
at org.openqa.selenium.remote.RemoteWebDriver.<init>(RemoteWebDriver.java:130)
at org.openqa.selenium.chrome.ChromeDriver.<init>(ChromeDriver.java:181)
at org.openqa.selenium.chrome.ChromeDriver.<init>(ChromeDriver.java:168)
at org.openqa.selenium.chrome.ChromeDriver.<init>(ChromeDriver.java:157)
at adminConfig.AdminBase_Setup.before_Method(AdminBase_Setup.java:61)
at java.base/java.util.ArrayList.forEach(ArrayList.java:1511)
... Removed 36 stack frames]]>
    </failure>
  </testcase> <!-- @BeforeMethod before_Method -->
  <testcase classname="adminConfig.AdminBase_Setup" name="@AfterMethod after_Method" time="-1.64492089458E9">
    <skipped/>
  </testcase> <!-- @AfterMethod after_Method -->
  <testcase classname="adminConfig.AdminBase_Setup" name="@BeforeMethod before_Method" time="0.657">
    <failure type="org.openqa.selenium.SessionNotCreatedException" message="session not created: This version of ChromeDriver only supports Chrome version 96
Current browser version is 98.0.4758.82 with binary path C:\Program Files\Google\Chrome\Application\chrome.exe
Build info: version: &amp;apos;3.13.0&amp;apos;, revision: &amp;apos;2f0d292&amp;apos;, time: &amp;apos;2018-06-25T15:24:21.231Z&amp;apos;
System info: host: &amp;apos;A-ABDELSATAR&amp;apos;, ip: &amp;apos;197.168.3.131&amp;apos;, os.name: &amp;apos;Windows 10&amp;apos;, os.arch: &amp;apos;amd64&amp;apos;, os.version: &amp;apos;10.0&amp;apos;, java.version: &amp;apos;16.0.2&amp;apos;
Driver info: driver.version: ChromeDriver
remote stacktrace: Backtrace:
	Ordinal0 [0x015E6903+2517251]
	Ordinal0 [0x0157F8E1+2095329]
	Ordinal0 [0x01482848+1058888]
	Ordinal0 [0x014A0B9D+1182621]
	Ordinal0 [0x0149CA60+1165920]
	Ordinal0 [0x0149A2CF+1155791]
	Ordinal0 [0x014CAAAF+1354415]
	Ordinal0 [0x014CA71A+1353498]
	Ordinal0 [0x014C639B+1336219]
	Ordinal0 [0x014A27A7+1189799]
	Ordinal0 [0x014A3609+1193481]
	GetHandleVerifier [0x01775904+1577972]
	GetHandleVerifier [0x01820B97+2279047]
	GetHandleVerifier [0x01676D09+534521]
	GetHandleVerifier [0x01675DB9+530601]
	Ordinal0 [0x01584FF9+2117625]
	Ordinal0 [0x015898A8+2136232]
	Ordinal0 [0x015899E2+2136546]
	Ordinal0 [0x01593541+2176321]
	BaseThreadInitThunk [0x746E0419+25]
	RtlGetAppContainerNamedObjectPath [0x770B72ED+237]
	RtlGetAppContainerNamedObjectPath [0x770B72BD+189]
">
      <![CDATA[org.openqa.selenium.SessionNotCreatedException: session not created: This version of ChromeDriver only supports Chrome version 96
Current browser version is 98.0.4758.82 with binary path C:\Program Files\Google\Chrome\Application\chrome.exe
Build info: version: '3.13.0', revision: '2f0d292', time: '2018-06-25T15:24:21.231Z'
System info: host: 'A-ABDELSATAR', ip: '197.168.3.131', os.name: 'Windows 10', os.arch: 'amd64', os.version: '10.0', java.version: '16.0.2'
Driver info: driver.version: ChromeDriver
remote stacktrace: Backtrace:
Ordinal0 [0x015E6903+2517251]
Ordinal0 [0x0157F8E1+2095329]
Ordinal0 [0x01482848+1058888]
Ordinal0 [0x014A0B9D+1182621]
Ordinal0 [0x0149CA60+1165920]
Ordinal0 [0x0149A2CF+1155791]
Ordinal0 [0x014CAAAF+1354415]
Ordinal0 [0x014CA71A+1353498]
Ordinal0 [0x014C639B+1336219]
Ordinal0 [0x014A27A7+1189799]
Ordinal0 [0x014A3609+1193481]
GetHandleVerifier [0x01775904+1577972]
GetHandleVerifier [0x01820B97+2279047]
GetHandleVerifier [0x01676D09+534521]
GetHandleVerifier [0x01675DB9+530601]
Ordinal0 [0x01584FF9+2117625]
Ordinal0 [0x015898A8+2136232]
Ordinal0 [0x015899E2+2136546]
Ordinal0 [0x01593541+2176321]
BaseThreadInitThunk [0x746E0419+25]
RtlGetAppContainerNamedObjectPath [0x770B72ED+237]
RtlGetAppContainerNamedObjectPath [0x770B72BD+189]

at org.openqa.selenium.remote.W3CHandshakeResponse.lambda$new$0(W3CHandshakeResponse.java:57)
at org.openqa.selenium.remote.W3CHandshakeResponse.lambda$getResponseFunction$2(W3CHandshakeResponse.java:104)
at org.openqa.selenium.remote.ProtocolHandshake.lambda$createSession$0(ProtocolHandshake.java:123)
at java.base/java.util.stream.ReferencePipeline$3$1.accept(ReferencePipeline.java:197)
at java.base/java.util.Spliterators$ArraySpliterator.tryAdvance(Spliterators.java:958)
at java.base/java.util.stream.ReferencePipeline.forEachWithCancel(ReferencePipeline.java:129)
at java.base/java.util.stream.AbstractPipeline.copyIntoWithCancel(AbstractPipeline.java:502)
at java.base/java.util.stream.AbstractPipeline.copyInto(AbstractPipeline.java:488)
at java.base/java.util.stream.AbstractPipeline.wrapAndCopyInto(AbstractPipeline.java:474)
at java.base/java.util.stream.FindOps$FindOp.evaluateSequential(FindOps.java:150)
at java.base/java.util.stream.AbstractPipeline.evaluate(AbstractPipeline.java:234)
at java.base/java.util.stream.ReferencePipeline.findFirst(ReferencePipeline.java:647)
at org.openqa.selenium.remote.ProtocolHandshake.createSession(ProtocolHandshake.java:126)
at org.openqa.selenium.remote.ProtocolHandshake.createSession(ProtocolHandshake.java:73)
at org.openqa.selenium.remote.HttpCommandExecutor.execute(HttpCommandExecutor.java:136)
at org.openqa.selenium.remote.service.DriverCommandExecutor.execute(DriverCommandExecutor.java:83)
at org.openqa.selenium.remote.RemoteWebDriver.execute(RemoteWebDriver.java:548)
at org.openqa.selenium.remote.RemoteWebDriver.startSession(RemoteWebDriver.java:212)
at org.openqa.selenium.remote.RemoteWebDriver.<init>(RemoteWebDriver.java:130)
at org.openqa.selenium.chrome.ChromeDriver.<init>(ChromeDriver.java:181)
at org.openqa.selenium.chrome.ChromeDriver.<init>(ChromeDriver.java:168)
at org.openqa.selenium.chrome.ChromeDriver.<init>(ChromeDriver.java:157)
at adminConfig.AdminBase_Setup.before_Method(AdminBase_Setup.java:61)
at java.base/java.util.ArrayList.forEach(ArrayList.java:1511)
... Removed 36 stack frames]]>
    </failure>
  </testcase> <!-- @BeforeMethod before_Method -->
  <testcase classname="adminConfig.AdminBase_Setup" name="@AfterMethod after_Method" time="-1.644920895241E9">
    <skipped/>
  </testcase> <!-- @AfterMethod after_Method -->
  <testcase classname="adminConfig.AdminBase_Setup" name="@BeforeMethod before_Method" time="0.701">
    <failure type="org.openqa.selenium.SessionNotCreatedException" message="session not created: This version of ChromeDriver only supports Chrome version 96
Current browser version is 98.0.4758.82 with binary path C:\Program Files\Google\Chrome\Application\chrome.exe
Build info: version: &amp;apos;3.13.0&amp;apos;, revision: &amp;apos;2f0d292&amp;apos;, time: &amp;apos;2018-06-25T15:24:21.231Z&amp;apos;
System info: host: &amp;apos;A-ABDELSATAR&amp;apos;, ip: &amp;apos;197.168.3.131&amp;apos;, os.name: &amp;apos;Windows 10&amp;apos;, os.arch: &amp;apos;amd64&amp;apos;, os.version: &amp;apos;10.0&amp;apos;, java.version: &amp;apos;16.0.2&amp;apos;
Driver info: driver.version: ChromeDriver
remote stacktrace: Backtrace:
	Ordinal0 [0x015E6903+2517251]
	Ordinal0 [0x0157F8E1+2095329]
	Ordinal0 [0x01482848+1058888]
	Ordinal0 [0x014A0B9D+1182621]
	Ordinal0 [0x0149CA60+1165920]
	Ordinal0 [0x0149A2CF+1155791]
	Ordinal0 [0x014CAAAF+1354415]
	Ordinal0 [0x014CA71A+1353498]
	Ordinal0 [0x014C639B+1336219]
	Ordinal0 [0x014A27A7+1189799]
	Ordinal0 [0x014A3609+1193481]
	GetHandleVerifier [0x01775904+1577972]
	GetHandleVerifier [0x01820B97+2279047]
	GetHandleVerifier [0x01676D09+534521]
	GetHandleVerifier [0x01675DB9+530601]
	Ordinal0 [0x01584FF9+2117625]
	Ordinal0 [0x015898A8+2136232]
	Ordinal0 [0x015899E2+2136546]
	Ordinal0 [0x01593541+2176321]
	BaseThreadInitThunk [0x746E0419+25]
	RtlGetAppContainerNamedObjectPath [0x770B72ED+237]
	RtlGetAppContainerNamedObjectPath [0x770B72BD+189]
">
      <![CDATA[org.openqa.selenium.SessionNotCreatedException: session not created: This version of ChromeDriver only supports Chrome version 96
Current browser version is 98.0.4758.82 with binary path C:\Program Files\Google\Chrome\Application\chrome.exe
Build info: version: '3.13.0', revision: '2f0d292', time: '2018-06-25T15:24:21.231Z'
System info: host: 'A-ABDELSATAR', ip: '197.168.3.131', os.name: 'Windows 10', os.arch: 'amd64', os.version: '10.0', java.version: '16.0.2'
Driver info: driver.version: ChromeDriver
remote stacktrace: Backtrace:
Ordinal0 [0x015E6903+2517251]
Ordinal0 [0x0157F8E1+2095329]
Ordinal0 [0x01482848+1058888]
Ordinal0 [0x014A0B9D+1182621]
Ordinal0 [0x0149CA60+1165920]
Ordinal0 [0x0149A2CF+1155791]
Ordinal0 [0x014CAAAF+1354415]
Ordinal0 [0x014CA71A+1353498]
Ordinal0 [0x014C639B+1336219]
Ordinal0 [0x014A27A7+1189799]
Ordinal0 [0x014A3609+1193481]
GetHandleVerifier [0x01775904+1577972]
GetHandleVerifier [0x01820B97+2279047]
GetHandleVerifier [0x01676D09+534521]
GetHandleVerifier [0x01675DB9+530601]
Ordinal0 [0x01584FF9+2117625]
Ordinal0 [0x015898A8+2136232]
Ordinal0 [0x015899E2+2136546]
Ordinal0 [0x01593541+2176321]
BaseThreadInitThunk [0x746E0419+25]
RtlGetAppContainerNamedObjectPath [0x770B72ED+237]
RtlGetAppContainerNamedObjectPath [0x770B72BD+189]

at org.openqa.selenium.remote.W3CHandshakeResponse.lambda$new$0(W3CHandshakeResponse.java:57)
at org.openqa.selenium.remote.W3CHandshakeResponse.lambda$getResponseFunction$2(W3CHandshakeResponse.java:104)
at org.openqa.selenium.remote.ProtocolHandshake.lambda$createSession$0(ProtocolHandshake.java:123)
at java.base/java.util.stream.ReferencePipeline$3$1.accept(ReferencePipeline.java:197)
at java.base/java.util.Spliterators$ArraySpliterator.tryAdvance(Spliterators.java:958)
at java.base/java.util.stream.ReferencePipeline.forEachWithCancel(ReferencePipeline.java:129)
at java.base/java.util.stream.AbstractPipeline.copyIntoWithCancel(AbstractPipeline.java:502)
at java.base/java.util.stream.AbstractPipeline.copyInto(AbstractPipeline.java:488)
at java.base/java.util.stream.AbstractPipeline.wrapAndCopyInto(AbstractPipeline.java:474)
at java.base/java.util.stream.FindOps$FindOp.evaluateSequential(FindOps.java:150)
at java.base/java.util.stream.AbstractPipeline.evaluate(AbstractPipeline.java:234)
at java.base/java.util.stream.ReferencePipeline.findFirst(ReferencePipeline.java:647)
at org.openqa.selenium.remote.ProtocolHandshake.createSession(ProtocolHandshake.java:126)
at org.openqa.selenium.remote.ProtocolHandshake.createSession(ProtocolHandshake.java:73)
at org.openqa.selenium.remote.HttpCommandExecutor.execute(HttpCommandExecutor.java:136)
at org.openqa.selenium.remote.service.DriverCommandExecutor.execute(DriverCommandExecutor.java:83)
at org.openqa.selenium.remote.RemoteWebDriver.execute(RemoteWebDriver.java:548)
at org.openqa.selenium.remote.RemoteWebDriver.startSession(RemoteWebDriver.java:212)
at org.openqa.selenium.remote.RemoteWebDriver.<init>(RemoteWebDriver.java:130)
at org.openqa.selenium.chrome.ChromeDriver.<init>(ChromeDriver.java:181)
at org.openqa.selenium.chrome.ChromeDriver.<init>(ChromeDriver.java:168)
at org.openqa.selenium.chrome.ChromeDriver.<init>(ChromeDriver.java:157)
at adminConfig.AdminBase_Setup.before_Method(AdminBase_Setup.java:61)
at java.base/java.util.ArrayList.forEach(ArrayList.java:1511)
... Removed 36 stack frames]]>
    </failure>
  </testcase> <!-- @BeforeMethod before_Method -->
  <testcase classname="adminConfig.AdminBase_Setup" name="@AfterMethod after_Method" time="-1.644920895947E9">
    <skipped/>
  </testcase> <!-- @AfterMethod after_Method -->
  <testcase classname="adminConfig.AdminBase_Setup" name="@BeforeMethod before_Method" time="0.638">
    <failure type="org.openqa.selenium.SessionNotCreatedException" message="session not created: This version of ChromeDriver only supports Chrome version 96
Current browser version is 98.0.4758.82 with binary path C:\Program Files\Google\Chrome\Application\chrome.exe
Build info: version: &amp;apos;3.13.0&amp;apos;, revision: &amp;apos;2f0d292&amp;apos;, time: &amp;apos;2018-06-25T15:24:21.231Z&amp;apos;
System info: host: &amp;apos;A-ABDELSATAR&amp;apos;, ip: &amp;apos;197.168.3.131&amp;apos;, os.name: &amp;apos;Windows 10&amp;apos;, os.arch: &amp;apos;amd64&amp;apos;, os.version: &amp;apos;10.0&amp;apos;, java.version: &amp;apos;16.0.2&amp;apos;
Driver info: driver.version: ChromeDriver
remote stacktrace: Backtrace:
	Ordinal0 [0x015E6903+2517251]
	Ordinal0 [0x0157F8E1+2095329]
	Ordinal0 [0x01482848+1058888]
	Ordinal0 [0x014A0B9D+1182621]
	Ordinal0 [0x0149CA60+1165920]
	Ordinal0 [0x0149A2CF+1155791]
	Ordinal0 [0x014CAAAF+1354415]
	Ordinal0 [0x014CA71A+1353498]
	Ordinal0 [0x014C639B+1336219]
	Ordinal0 [0x014A27A7+1189799]
	Ordinal0 [0x014A3609+1193481]
	GetHandleVerifier [0x01775904+1577972]
	GetHandleVerifier [0x01820B97+2279047]
	GetHandleVerifier [0x01676D09+534521]
	GetHandleVerifier [0x01675DB9+530601]
	Ordinal0 [0x01584FF9+2117625]
	Ordinal0 [0x015898A8+2136232]
	Ordinal0 [0x015899E2+2136546]
	Ordinal0 [0x01593541+2176321]
	BaseThreadInitThunk [0x746E0419+25]
	RtlGetAppContainerNamedObjectPath [0x770B72ED+237]
	RtlGetAppContainerNamedObjectPath [0x770B72BD+189]
">
      <![CDATA[org.openqa.selenium.SessionNotCreatedException: session not created: This version of ChromeDriver only supports Chrome version 96
Current browser version is 98.0.4758.82 with binary path C:\Program Files\Google\Chrome\Application\chrome.exe
Build info: version: '3.13.0', revision: '2f0d292', time: '2018-06-25T15:24:21.231Z'
System info: host: 'A-ABDELSATAR', ip: '197.168.3.131', os.name: 'Windows 10', os.arch: 'amd64', os.version: '10.0', java.version: '16.0.2'
Driver info: driver.version: ChromeDriver
remote stacktrace: Backtrace:
Ordinal0 [0x015E6903+2517251]
Ordinal0 [0x0157F8E1+2095329]
Ordinal0 [0x01482848+1058888]
Ordinal0 [0x014A0B9D+1182621]
Ordinal0 [0x0149CA60+1165920]
Ordinal0 [0x0149A2CF+1155791]
Ordinal0 [0x014CAAAF+1354415]
Ordinal0 [0x014CA71A+1353498]
Ordinal0 [0x014C639B+1336219]
Ordinal0 [0x014A27A7+1189799]
Ordinal0 [0x014A3609+1193481]
GetHandleVerifier [0x01775904+1577972]
GetHandleVerifier [0x01820B97+2279047]
GetHandleVerifier [0x01676D09+534521]
GetHandleVerifier [0x01675DB9+530601]
Ordinal0 [0x01584FF9+2117625]
Ordinal0 [0x015898A8+2136232]
Ordinal0 [0x015899E2+2136546]
Ordinal0 [0x01593541+2176321]
BaseThreadInitThunk [0x746E0419+25]
RtlGetAppContainerNamedObjectPath [0x770B72ED+237]
RtlGetAppContainerNamedObjectPath [0x770B72BD+189]

at org.openqa.selenium.remote.W3CHandshakeResponse.lambda$new$0(W3CHandshakeResponse.java:57)
at org.openqa.selenium.remote.W3CHandshakeResponse.lambda$getResponseFunction$2(W3CHandshakeResponse.java:104)
at org.openqa.selenium.remote.ProtocolHandshake.lambda$createSession$0(ProtocolHandshake.java:123)
at java.base/java.util.stream.ReferencePipeline$3$1.accept(ReferencePipeline.java:197)
at java.base/java.util.Spliterators$ArraySpliterator.tryAdvance(Spliterators.java:958)
at java.base/java.util.stream.ReferencePipeline.forEachWithCancel(ReferencePipeline.java:129)
at java.base/java.util.stream.AbstractPipeline.copyIntoWithCancel(AbstractPipeline.java:502)
at java.base/java.util.stream.AbstractPipeline.copyInto(AbstractPipeline.java:488)
at java.base/java.util.stream.AbstractPipeline.wrapAndCopyInto(AbstractPipeline.java:474)
at java.base/java.util.stream.FindOps$FindOp.evaluateSequential(FindOps.java:150)
at java.base/java.util.stream.AbstractPipeline.evaluate(AbstractPipeline.java:234)
at java.base/java.util.stream.ReferencePipeline.findFirst(ReferencePipeline.java:647)
at org.openqa.selenium.remote.ProtocolHandshake.createSession(ProtocolHandshake.java:126)
at org.openqa.selenium.remote.ProtocolHandshake.createSession(ProtocolHandshake.java:73)
at org.openqa.selenium.remote.HttpCommandExecutor.execute(HttpCommandExecutor.java:136)
at org.openqa.selenium.remote.service.DriverCommandExecutor.execute(DriverCommandExecutor.java:83)
at org.openqa.selenium.remote.RemoteWebDriver.execute(RemoteWebDriver.java:548)
at org.openqa.selenium.remote.RemoteWebDriver.startSession(RemoteWebDriver.java:212)
at org.openqa.selenium.remote.RemoteWebDriver.<init>(RemoteWebDriver.java:130)
at org.openqa.selenium.chrome.ChromeDriver.<init>(ChromeDriver.java:181)
at org.openqa.selenium.chrome.ChromeDriver.<init>(ChromeDriver.java:168)
at org.openqa.selenium.chrome.ChromeDriver.<init>(ChromeDriver.java:157)
at adminConfig.AdminBase_Setup.before_Method(AdminBase_Setup.java:61)
at java.base/java.util.ArrayList.forEach(ArrayList.java:1511)
... Removed 36 stack frames]]>
    </failure>
  </testcase> <!-- @BeforeMethod before_Method -->
  <testcase classname="adminConfig.AdminBase_Setup" name="@AfterMethod after_Method" time="-1.644920896588E9">
    <skipped/>
  </testcase> <!-- @AfterMethod after_Method -->
  <testcase classname="adminTestCases.LoginPageTest" name="test1" time="0.0">
    <skipped/>
  </testcase> <!-- test1 -->
  <testcase classname="adminTestCases.DeactivateUserPageTest" name="test4" time="0.0">
    <skipped/>
  </testcase> <!-- test4 -->
  <testcase classname="adminTestCases.HomePageTest" name="test6" time="0.0">
    <skipped/>
  </testcase> <!-- test6 -->
  <testcase classname="adminTestCases.AddUserPageTest" name="test2" time="0.0">
    <skipped/>
  </testcase> <!-- test2 -->
  <testcase classname="adminTestCases.ViewUserDetailsPageTest" name="test8" time="0.0">
    <skipped/>
  </testcase> <!-- test8 -->
  <testcase classname="adminTestCases.EditUserPageTest" name="test5" time="0.0">
    <skipped/>
  </testcase> <!-- test5 -->
  <testcase classname="adminTestCases.UserPermessionPageTest" name="test7" time="0.0">
    <skipped/>
  </testcase> <!-- test7 -->
  <testcase classname="adminTestCases.UserTablePageTest" name="test9" time="0.0">
    <skipped/>
  </testcase> <!-- test9 -->
  <testcase classname="adminTestCases.ChangeUserPasswordPageTest" name="test3" time="0.0">
    <skipped/>
  </testcase> <!-- test3 -->
</testsuite> <!-- Test -->
