<?xml version="1.0" encoding="UTF-8"?>
<!-- Generated by org.testng.reporters.JUnitXMLReporter -->
<testsuite hostname="A-ABDELSATAR" failures="0" tests="14" name="Test" time="1.207" errors="0" timestamp="15 Feb 2022 07:30:46 GMT">
  <testcase classname="testCases.LoginTest" name="@BeforeMethod before_Method" time="0.0">
    <failure type="org.openqa.selenium.SessionNotCreatedException" message="session not created: This version of ChromeDriver only supports Chrome version 96
Current browser version is 98.0.4758.82 with binary path C:\Program Files\Google\Chrome\Application\chrome.exe
Build info: version: &amp;apos;3.13.0&amp;apos;, revision: &amp;apos;2f0d292&amp;apos;, time: &amp;apos;2018-06-25T15:24:21.231Z&amp;apos;
System info: host: &amp;apos;A-ABDELSATAR&amp;apos;, ip: &amp;apos;197.168.3.131&amp;apos;, os.name: &amp;apos;Windows 10&amp;apos;, os.arch: &amp;apos;amd64&amp;apos;, os.version: &amp;apos;10.0&amp;apos;, java.version: &amp;apos;16.0.2&amp;apos;
Driver info: driver.version: ChromeDriver
remote stacktrace: Backtrace:
	Ordinal0 [0x00B26903+2517251]
	Ordinal0 [0x00ABF8E1+2095329]
	Ordinal0 [0x009C2848+1058888]
	Ordinal0 [0x009E0B9D+1182621]
	Ordinal0 [0x009DCA60+1165920]
	Ordinal0 [0x009DA2CF+1155791]
	Ordinal0 [0x00A0AAAF+1354415]
	Ordinal0 [0x00A0A71A+1353498]
	Ordinal0 [0x00A0639B+1336219]
	Ordinal0 [0x009E27A7+1189799]
	Ordinal0 [0x009E3609+1193481]
	GetHandleVerifier [0x00CB5904+1577972]
	GetHandleVerifier [0x00D60B97+2279047]
	GetHandleVerifier [0x00BB6D09+534521]
	GetHandleVerifier [0x00BB5DB9+530601]
	Ordinal0 [0x00AC4FF9+2117625]
	Ordinal0 [0x00AC98A8+2136232]
	Ordinal0 [0x00AC99E2+2136546]
	Ordinal0 [0x00AD3541+2176321]
	BaseThreadInitThunk [0x746E0419+25]
	RtlGetAppContainerNamedObjectPath [0x770B72ED+237]
	RtlGetAppContainerNamedObjectPath [0x770B72BD+189]
">
      <![CDATA[org.openqa.selenium.SessionNotCreatedException: session not created: This version of ChromeDriver only supports Chrome version 96
Current browser version is 98.0.4758.82 with binary path C:\Program Files\Google\Chrome\Application\chrome.exe
Build info: version: '3.13.0', revision: '2f0d292', time: '2018-06-25T15:24:21.231Z'
System info: host: 'A-ABDELSATAR', ip: '197.168.3.131', os.name: 'Windows 10', os.arch: 'amd64', os.version: '10.0', java.version: '16.0.2'
Driver info: driver.version: ChromeDriver
remote stacktrace: Backtrace:
	Ordinal0 [0x00B26903+2517251]
	Ordinal0 [0x00ABF8E1+2095329]
	Ordinal0 [0x009C2848+1058888]
	Ordinal0 [0x009E0B9D+1182621]
	Ordinal0 [0x009DCA60+1165920]
	Ordinal0 [0x009DA2CF+1155791]
	Ordinal0 [0x00A0AAAF+1354415]
	Ordinal0 [0x00A0A71A+1353498]
	Ordinal0 [0x00A0639B+1336219]
	Ordinal0 [0x009E27A7+1189799]
	Ordinal0 [0x009E3609+1193481]
	GetHandleVerifier [0x00CB5904+1577972]
	GetHandleVerifier [0x00D60B97+2279047]
	GetHandleVerifier [0x00BB6D09+534521]
	GetHandleVerifier [0x00BB5DB9+530601]
	Ordinal0 [0x00AC4FF9+2117625]
	Ordinal0 [0x00AC98A8+2136232]
	Ordinal0 [0x00AC99E2+2136546]
	Ordinal0 [0x00AD3541+2176321]
	BaseThreadInitThunk [0x746E0419+25]
	RtlGetAppContainerNamedObjectPath [0x770B72ED+237]
	RtlGetAppContainerNamedObjectPath [0x770B72BD+189]

	at org.openqa.selenium.remote.W3CHandshakeResponse.lambda$new$0(W3CHandshakeResponse.java:57)
	at org.openqa.selenium.remote.W3CHandshakeResponse.lambda$getResponseFunction$2(W3CHandshakeResponse.java:104)
	at org.openqa.selenium.remote.ProtocolHandshake.lambda$createSession$0(ProtocolHandshake.java:123)
	at java.base/java.util.stream.ReferencePipeline$3$1.accept(ReferencePipeline.java:197)
	at java.base/java.util.Spliterators$ArraySpliterator.tryAdvance(Spliterators.java:958)
	at java.base/java.util.stream.ReferencePipeline.forEachWithCancel(ReferencePipeline.java:129)
	at java.base/java.util.stream.AbstractPipeline.copyIntoWithCancel(AbstractPipeline.java:502)
	at java.base/java.util.stream.AbstractPipeline.copyInto(AbstractPipeline.java:488)
	at java.base/java.util.stream.AbstractPipeline.wrapAndCopyInto(AbstractPipeline.java:474)
	at java.base/java.util.stream.FindOps$FindOp.evaluateSequential(FindOps.java:150)
	at java.base/java.util.stream.AbstractPipeline.evaluate(AbstractPipeline.java:234)
	at java.base/java.util.stream.ReferencePipeline.findFirst(ReferencePipeline.java:647)
	at org.openqa.selenium.remote.ProtocolHandshake.createSession(ProtocolHandshake.java:126)
	at org.openqa.selenium.remote.ProtocolHandshake.createSession(ProtocolHandshake.java:73)
	at org.openqa.selenium.remote.HttpCommandExecutor.execute(HttpCommandExecutor.java:136)
	at org.openqa.selenium.remote.service.DriverCommandExecutor.execute(DriverCommandExecutor.java:83)
	at org.openqa.selenium.remote.RemoteWebDriver.execute(RemoteWebDriver.java:548)
	at org.openqa.selenium.remote.RemoteWebDriver.startSession(RemoteWebDriver.java:212)
	at org.openqa.selenium.remote.RemoteWebDriver.<init>(RemoteWebDriver.java:130)
	at org.openqa.selenium.chrome.ChromeDriver.<init>(ChromeDriver.java:181)
	at org.openqa.selenium.chrome.ChromeDriver.<init>(ChromeDriver.java:168)
	at org.openqa.selenium.chrome.ChromeDriver.<init>(ChromeDriver.java:157)
	at basic.Config.SetUp.before_Method(SetUp.java:67)
... Removed 31 stack frames]]>
    </failure>
  </testcase> <!-- @BeforeMethod before_Method -->
  <testcase classname="testCases.LoginTest" name="@AfterMethod after_Method" time="0.0">
    <skipped/>
  </testcase> <!-- @AfterMethod after_Method -->
  <testcase classname="testCases.LoginTest" name="@BeforeMethod before_Method" time="0.0">
    <skipped/>
  </testcase> <!-- @BeforeMethod before_Method -->
  <testcase classname="testCases.LoginTest" name="@AfterMethod after_Method" time="0.0">
    <skipped/>
  </testcase> <!-- @AfterMethod after_Method -->
  <testcase classname="testCases.Rest1Test" name="@BeforeMethod before_Method" time="0.0">
    <skipped/>
  </testcase> <!-- @BeforeMethod before_Method -->
  <testcase classname="testCases.Rest1Test" name="@AfterMethod after_Method" time="0.0">
    <skipped/>
  </testcase> <!-- @AfterMethod after_Method -->
  <testcase classname="testCases.Rest1Test" name="@BeforeMethod before_Method" time="0.0">
    <skipped/>
  </testcase> <!-- @BeforeMethod before_Method -->
  <testcase classname="testCases.Rest1Test" name="@AfterMethod after_Method" time="0.0">
    <skipped/>
  </testcase> <!-- @AfterMethod after_Method -->
  <testcase classname="testCases.Rest1Test" name="@BeforeMethod before_Method" time="0.0">
    <skipped/>
  </testcase> <!-- @BeforeMethod before_Method -->
  <testcase classname="testCases.Rest1Test" name="@AfterMethod after_Method" time="0.0">
    <skipped/>
  </testcase> <!-- @AfterMethod after_Method -->
  <testcase classname="testCases.Rest1Test" name="@BeforeMethod before_Method" time="0.0">
    <skipped/>
  </testcase> <!-- @BeforeMethod before_Method -->
  <testcase classname="testCases.Rest1Test" name="@AfterMethod after_Method" time="0.0">
    <skipped/>
  </testcase> <!-- @AfterMethod after_Method -->
  <testcase classname="testCases.Rest1Test" name="@BeforeMethod before_Method" time="0.0">
    <skipped/>
  </testcase> <!-- @BeforeMethod before_Method -->
  <testcase classname="testCases.Rest1Test" name="@AfterMethod after_Method" time="0.0">
    <skipped/>
  </testcase> <!-- @AfterMethod after_Method -->
  <testcase classname="testCases.Rest1Test" name="@BeforeMethod before_Method" time="0.0">
    <skipped/>
  </testcase> <!-- @BeforeMethod before_Method -->
  <testcase classname="testCases.Rest1Test" name="@AfterMethod after_Method" time="0.0">
    <skipped/>
  </testcase> <!-- @AfterMethod after_Method -->
  <testcase classname="testCases.Rest1Test" name="@BeforeMethod before_Method" time="0.0">
    <skipped/>
  </testcase> <!-- @BeforeMethod before_Method -->
  <testcase classname="testCases.Rest1Test" name="@AfterMethod after_Method" time="0.0">
    <skipped/>
  </testcase> <!-- @AfterMethod after_Method -->
  <testcase classname="testCases.Rest1Test" name="@BeforeMethod before_Method" time="0.0">
    <skipped/>
  </testcase> <!-- @BeforeMethod before_Method -->
  <testcase classname="testCases.Rest1Test" name="@AfterMethod after_Method" time="0.0">
    <skipped/>
  </testcase> <!-- @AfterMethod after_Method -->
  <testcase classname="testCases.Rest1Test" name="@BeforeMethod before_Method" time="0.0">
    <skipped/>
  </testcase> <!-- @BeforeMethod before_Method -->
  <testcase classname="testCases.Rest1Test" name="@AfterMethod after_Method" time="0.0">
    <skipped/>
  </testcase> <!-- @AfterMethod after_Method -->
  <testcase classname="testCases.Rest1Test" name="@BeforeMethod before_Method" time="0.0">
    <skipped/>
  </testcase> <!-- @BeforeMethod before_Method -->
  <testcase classname="testCases.Rest1Test" name="@AfterMethod after_Method" time="0.0">
    <skipped/>
  </testcase> <!-- @AfterMethod after_Method -->
  <testcase classname="testCases.Rest1Test" name="@BeforeMethod before_Method" time="0.0">
    <skipped/>
  </testcase> <!-- @BeforeMethod before_Method -->
  <testcase classname="testCases.Rest1Test" name="@AfterMethod after_Method" time="0.0">
    <skipped/>
  </testcase> <!-- @AfterMethod after_Method -->
  <testcase classname="testCases.Rest1Test" name="@BeforeMethod before_Method" time="0.0">
    <skipped/>
  </testcase> <!-- @BeforeMethod before_Method -->
  <testcase classname="testCases.Rest1Test" name="@AfterMethod after_Method" time="0.0">
    <skipped/>
  </testcase> <!-- @AfterMethod after_Method -->
  <testcase classname="testCases.LoginTest" name="get_Title" time="0.001">
    <skipped/>
  </testcase> <!-- get_Title -->
  <testcase classname="testCases.LoginTest" name="get_Url" time="0.001">
    <skipped/>
  </testcase> <!-- get_Url -->
  <testcase classname="testCases.Rest1Test" name="check_Datajson" time="0.0">
    <skipped/>
  </testcase> <!-- check_Datajson -->
  <testcase classname="testCases.Rest1Test" name="check_Status" time="0.0">
    <skipped/>
  </testcase> <!-- check_Status -->
  <testcase classname="testCases.Rest1Test" name="check_data2" time="0.0">
    <skipped/>
  </testcase> <!-- check_data2 -->
  <testcase classname="testCases.Rest1Test" name="getPageData" time="0.0">
    <skipped/>
  </testcase> <!-- getPageData -->
  <testcase classname="testCases.Rest1Test" name="getTitle" time="0.0">
    <skipped/>
  </testcase> <!-- getTitle -->
  <testcase classname="testCases.Rest1Test" name="getURL" time="0.0">
    <skipped/>
  </testcase> <!-- getURL -->
  <testcase classname="testCases.Rest1Test" name="restTest2Statuscode" time="0.0">
    <skipped/>
  </testcase> <!-- restTest2Statuscode -->
  <testcase classname="testCases.Rest1Test" name="test_all_rest" time="0.0">
    <skipped/>
  </testcase> <!-- test_all_rest -->
  <testcase classname="testCases.Rest1Test" name="test_all_rest" time="0.001">
    <skipped/>
  </testcase> <!-- test_all_rest -->
  <testcase classname="testCases.Rest1Test" name="test_all_rest" time="0.0">
    <skipped/>
  </testcase> <!-- test_all_rest -->
  <testcase classname="testCases.Rest1Test" name="test_all_rest" time="0.0">
    <skipped/>
  </testcase> <!-- test_all_rest -->
  <testcase classname="testCases.Rest1Test" name="test_all_rest" time="0.001">
    <skipped/>
  </testcase> <!-- test_all_rest -->
</testsuite> <!-- Test -->
