<html>
<head>
<title>TestNG:  Test</title>
<link href="../testng.css" rel="stylesheet" type="text/css" />
<link href="../my-testng.css" rel="stylesheet" type="text/css" />

<style type="text/css">
.log { display: none;} 
.stack-trace { display: none;} 
</style>
<script type="text/javascript">
<!--
function flip(e) {
  current = e.style.display;
  if (current == 'block') {
    e.style.display = 'none';
    return 0;
  }
  else {
    e.style.display = 'block';
    return 1;
  }
}

function toggleBox(szDivId, elem, msg1, msg2)
{
  var res = -1;  if (document.getElementById) {
    res = flip(document.getElementById(szDivId));
  }
  else if (document.all) {
    // this is the way old msie versions work
    res = flip(document.all[szDivId]);
  }
  if(elem) {
    if(res == 0) elem.innerHTML = msg1; else elem.innerHTML = msg2;
  }

}

function toggleAllBoxes() {
  if (document.getElementsByTagName) {
    d = document.getElementsByTagName('div');
    for (i = 0; i < d.length; i++) {
      if (d[i].className == 'log') {
        flip(d[i]);
      }
    }
  }
}

// -->
</script>

</head>
<body>
<h2 align='center'>Test</h2><table border='1' align="center">
<tr>
<td>Tests passed/Failed/Skipped:</td><td>0/0/14</td>
</tr><tr>
<td>Started on:</td><td>Tue Feb 15 09:30:45 EET 2022</td>
</tr>
<tr><td>Total time:</td><td>1 seconds (1207 ms)</td>
</tr><tr>
<td>Included groups:</td><td></td>
</tr><tr>
<td>Excluded groups:</td><td></td>
</tr>
</table><p/>
<small><i>(Hover the method name to see the test class name)</i></small><p/>
<table width='100%' border='1' class='invocation-failed'>
<tr><td colspan='4' align='center'><b>FAILED CONFIGURATIONS</b></td></tr>
<tr><td><b>Test method</b></td>
<td width="30%"><b>Exception</b></td>
<td width="10%"><b>Time (seconds)</b></td>
<td><b>Instance</b></td>
</tr>
<tr>
<td title='testCases.LoginTest.before_Method()'><b>before_Method</b><br>Test class: testCases.LoginTest<br>Parameters: public void testCases.LoginTest.get_Title() throws java.io.IOException, chrome</td>
<td><div><pre>org.openqa.selenium.SessionNotCreatedException: session not created: This version of ChromeDriver only supports Chrome version 96
Current browser version is 98.0.4758.82 with binary path C:\Program Files\Google\Chrome\Application\chrome.exe
Build info: version: &apos;3.13.0&apos;, revision: &apos;2f0d292&apos;, time: &apos;2018-06-25T15:24:21.231Z&apos;
System info: host: &apos;A-ABDELSATAR&apos;, ip: &apos;197.168.3.131&apos;, os.name: &apos;Windows 10&apos;, os.arch: &apos;amd64&apos;, os.version: &apos;10.0&apos;, java.version: &apos;16.0.2&apos;
Driver info: driver.version: ChromeDriver
remote stacktrace: Backtrace:
	Ordinal0 [0x00B26903+2517251]
	Ordinal0 [0x00ABF8E1+2095329]
	Ordinal0 [0x009C2848+1058888]
	Ordinal0 [0x009E0B9D+1182621]
	Ordinal0 [0x009DCA60+1165920]
	Ordinal0 [0x009DA2CF+1155791]
	Ordinal0 [0x00A0AAAF+1354415]
	Ordinal0 [0x00A0A71A+1353498]
	Ordinal0 [0x00A0639B+1336219]
	Ordinal0 [0x009E27A7+1189799]
	Ordinal0 [0x009E3609+1193481]
	GetHandleVerifier [0x00CB5904+1577972]
	GetHandleVerifier [0x00D60B97+2279047]
	GetHandleVerifier [0x00BB6D09+534521]
	GetHandleVerifier [0x00BB5DB9+530601]
	Ordinal0 [0x00AC4FF9+2117625]
	Ordinal0 [0x00AC98A8+2136232]
	Ordinal0 [0x00AC99E2+2136546]
	Ordinal0 [0x00AD3541+2176321]
	BaseThreadInitThunk [0x746E0419+25]
	RtlGetAppContainerNamedObjectPath [0x770B72ED+237]
	RtlGetAppContainerNamedObjectPath [0x770B72BD+189]

	at org.openqa.selenium.remote.W3CHandshakeResponse.lambda$new$0(W3CHandshakeResponse.java:57)
	at org.openqa.selenium.remote.W3CHandshakeResponse.lambda$getResponseFunction$2(W3CHandshakeResponse.java:104)
	at org.openqa.selenium.remote.ProtocolHandshake.lambda$createSession$0(ProtocolHandshake.java:123)
	at java.base/java.util.stream.ReferencePipeline$3$1.accept(ReferencePipeline.java:197)
	at java.base/java.util.Spliterators$ArraySpliterator.tryAdvance(Spliterators.java:958)
	at java.base/java.util.stream.ReferencePipeline.forEachWithCancel(ReferencePipeline.java:129)
	at java.base/java.util.stream.AbstractPipeline.copyIntoWithCancel(AbstractPipeline.java:502)
	at java.base/java.util.stream.AbstractPipeline.copyInto(AbstractPipeline.java:488)
	at java.base/java.util.stream.AbstractPipeline.wrapAndCopyInto(AbstractPipeline.java:474)
	at java.base/java.util.stream.FindOps$FindOp.evaluateSequential(FindOps.java:150)
	at java.base/java.util.stream.AbstractPipeline.evaluate(AbstractPipeline.java:234)
	at java.base/java.util.stream.ReferencePipeline.findFirst(ReferencePipeline.java:647)
	at org.openqa.selenium.remote.ProtocolHandshake.createSession(ProtocolHandshake.java:126)
	at org.openqa.selenium.remote.ProtocolHandshake.createSession(ProtocolHandshake.java:73)
	at org.openqa.selenium.remote.HttpCommandExecutor.execute(HttpCommandExecutor.java:136)
	at org.openqa.selenium.remote.service.DriverCommandExecutor.execute(DriverCommandExecutor.java:83)
	at org.openqa.selenium.remote.RemoteWebDriver.execute(RemoteWebDriver.java:548)
	at org.openqa.selenium.remote.RemoteWebDriver.startSession(RemoteWebDriver.java:212)
	at org.openqa.selenium.remote.RemoteWebDriver.&lt;init&gt;(RemoteWebDriver.java:130)
	at org.openqa.selenium.chrome.ChromeDriver.&lt;init&gt;(ChromeDriver.java:181)
	at org.openqa.selenium.chrome.ChromeDriver.&lt;init&gt;(ChromeDriver.java:168)
	at org.openqa.selenium.chrome.ChromeDriver.&lt;init&gt;(ChromeDriver.java:157)
	at basic.Config.SetUp.before_Method(SetUp.java:67)
... Removed 31 stack frames</pre></div><a href='#' onClick='toggleBox("stack-trace463381475", this, "Click to show all stack frames", "Click to hide stack frames")'>Click to show all stack frames</a>
<div class='stack-trace' id='stack-trace463381475'><pre>org.openqa.selenium.SessionNotCreatedException: session not created: This version of ChromeDriver only supports Chrome version 96
Current browser version is 98.0.4758.82 with binary path C:\Program Files\Google\Chrome\Application\chrome.exe
Build info: version: &apos;3.13.0&apos;, revision: &apos;2f0d292&apos;, time: &apos;2018-06-25T15:24:21.231Z&apos;
System info: host: &apos;A-ABDELSATAR&apos;, ip: &apos;197.168.3.131&apos;, os.name: &apos;Windows 10&apos;, os.arch: &apos;amd64&apos;, os.version: &apos;10.0&apos;, java.version: &apos;16.0.2&apos;
Driver info: driver.version: ChromeDriver
remote stacktrace: Backtrace:
	Ordinal0 [0x00B26903+2517251]
	Ordinal0 [0x00ABF8E1+2095329]
	Ordinal0 [0x009C2848+1058888]
	Ordinal0 [0x009E0B9D+1182621]
	Ordinal0 [0x009DCA60+1165920]
	Ordinal0 [0x009DA2CF+1155791]
	Ordinal0 [0x00A0AAAF+1354415]
	Ordinal0 [0x00A0A71A+1353498]
	Ordinal0 [0x00A0639B+1336219]
	Ordinal0 [0x009E27A7+1189799]
	Ordinal0 [0x009E3609+1193481]
	GetHandleVerifier [0x00CB5904+1577972]
	GetHandleVerifier [0x00D60B97+2279047]
	GetHandleVerifier [0x00BB6D09+534521]
	GetHandleVerifier [0x00BB5DB9+530601]
	Ordinal0 [0x00AC4FF9+2117625]
	Ordinal0 [0x00AC98A8+2136232]
	Ordinal0 [0x00AC99E2+2136546]
	Ordinal0 [0x00AD3541+2176321]
	BaseThreadInitThunk [0x746E0419+25]
	RtlGetAppContainerNamedObjectPath [0x770B72ED+237]
	RtlGetAppContainerNamedObjectPath [0x770B72BD+189]

	at java.base/jdk.internal.reflect.NativeConstructorAccessorImpl.newInstance0(Native Method)
	at java.base/jdk.internal.reflect.NativeConstructorAccessorImpl.newInstance(NativeConstructorAccessorImpl.java:78)
	at java.base/jdk.internal.reflect.DelegatingConstructorAccessorImpl.newInstance(DelegatingConstructorAccessorImpl.java:45)
	at java.base/java.lang.reflect.Constructor.newInstanceWithCaller(Constructor.java:499)
	at java.base/java.lang.reflect.Constructor.newInstance(Constructor.java:480)
	at org.openqa.selenium.remote.W3CHandshakeResponse.lambda$new$0(W3CHandshakeResponse.java:57)
	at org.openqa.selenium.remote.W3CHandshakeResponse.lambda$getResponseFunction$2(W3CHandshakeResponse.java:104)
	at org.openqa.selenium.remote.ProtocolHandshake.lambda$createSession$0(ProtocolHandshake.java:123)
	at java.base/java.util.stream.ReferencePipeline$3$1.accept(ReferencePipeline.java:197)
	at java.base/java.util.Spliterators$ArraySpliterator.tryAdvance(Spliterators.java:958)
	at java.base/java.util.stream.ReferencePipeline.forEachWithCancel(ReferencePipeline.java:129)
	at java.base/java.util.stream.AbstractPipeline.copyIntoWithCancel(AbstractPipeline.java:502)
	at java.base/java.util.stream.AbstractPipeline.copyInto(AbstractPipeline.java:488)
	at java.base/java.util.stream.AbstractPipeline.wrapAndCopyInto(AbstractPipeline.java:474)
	at java.base/java.util.stream.FindOps$FindOp.evaluateSequential(FindOps.java:150)
	at java.base/java.util.stream.AbstractPipeline.evaluate(AbstractPipeline.java:234)
	at java.base/java.util.stream.ReferencePipeline.findFirst(ReferencePipeline.java:647)
	at org.openqa.selenium.remote.ProtocolHandshake.createSession(ProtocolHandshake.java:126)
	at org.openqa.selenium.remote.ProtocolHandshake.createSession(ProtocolHandshake.java:73)
	at org.openqa.selenium.remote.HttpCommandExecutor.execute(HttpCommandExecutor.java:136)
	at org.openqa.selenium.remote.service.DriverCommandExecutor.execute(DriverCommandExecutor.java:83)
	at org.openqa.selenium.remote.RemoteWebDriver.execute(RemoteWebDriver.java:548)
	at org.openqa.selenium.remote.RemoteWebDriver.startSession(RemoteWebDriver.java:212)
	at org.openqa.selenium.remote.RemoteWebDriver.&lt;init&gt;(RemoteWebDriver.java:130)
	at org.openqa.selenium.chrome.ChromeDriver.&lt;init&gt;(ChromeDriver.java:181)
	at org.openqa.selenium.chrome.ChromeDriver.&lt;init&gt;(ChromeDriver.java:168)
	at org.openqa.selenium.chrome.ChromeDriver.&lt;init&gt;(ChromeDriver.java:157)
	at basic.Config.SetUp.before_Method(SetUp.java:67)
	at java.base/jdk.internal.reflect.NativeMethodAccessorImpl.invoke0(Native Method)
	at java.base/jdk.internal.reflect.NativeMethodAccessorImpl.invoke(NativeMethodAccessorImpl.java:78)
	at java.base/jdk.internal.reflect.DelegatingMethodAccessorImpl.invoke(DelegatingMethodAccessorImpl.java:43)
	at java.base/java.lang.reflect.Method.invoke(Method.java:567)
	at org.testng.internal.MethodInvocationHelper.invokeMethod(MethodInvocationHelper.java:84)
	at org.testng.internal.Invoker.invokeConfigurationMethod(Invoker.java:564)
	at org.testng.internal.Invoker.invokeConfigurations(Invoker.java:213)
	at org.testng.internal.Invoker.invokeMethod(Invoker.java:653)
	at org.testng.internal.Invoker.invokeTestMethod(Invoker.java:901)
	at org.testng.internal.Invoker.invokeTestMethods(Invoker.java:1231)
	at org.testng.internal.TestMethodWorker.invokeTestMethods(TestMethodWorker.java:127)
	at org.testng.internal.TestMethodWorker.run(TestMethodWorker.java:111)
	at org.testng.TestRunner.privateRun(TestRunner.java:767)
	at org.testng.TestRunner.run(TestRunner.java:617)
	at org.testng.SuiteRunner.runTest(SuiteRunner.java:348)
	at org.testng.SuiteRunner.runSequentially(SuiteRunner.java:343)
	at org.testng.SuiteRunner.privateRun(SuiteRunner.java:305)
	at org.testng.SuiteRunner.run(SuiteRunner.java:254)
	at org.testng.SuiteRunnerWorker.runSuite(SuiteRunnerWorker.java:52)
	at org.testng.SuiteRunnerWorker.run(SuiteRunnerWorker.java:86)
	at org.testng.TestNG.runSuitesSequentially(TestNG.java:1224)
	at org.testng.TestNG.runSuitesLocally(TestNG.java:1149)
	at org.testng.TestNG.run(TestNG.java:1057)
	at org.testng.remote.AbstractRemoteTestNG.run(AbstractRemoteTestNG.java:115)
	at org.testng.remote.RemoteTestNG.initAndRun(RemoteTestNG.java:251)
	at org.testng.remote.RemoteTestNG.main(RemoteTestNG.java:77)
</pre></div></td>
<td>0</td>
<td>testCases.LoginTest@239a307b</td></tr>
</table><p>
<table width='100%' border='1' class='invocation-skipped'>
<tr><td colspan='4' align='center'><b>SKIPPED CONFIGURATIONS</b></td></tr>
<tr><td><b>Test method</b></td>
<td width="30%"><b>Exception</b></td>
<td width="10%"><b>Time (seconds)</b></td>
<td><b>Instance</b></td>
</tr>
<tr>
<td title='testCases.LoginTest.before_Method()'><b>before_Method</b><br>Test class: testCases.LoginTest</td>
<td></td>
<td>0</td>
<td>testCases.LoginTest@239a307b</td></tr>
<tr>
<td title='testCases.Rest1Test.before_Method()'><b>before_Method</b><br>Test class: testCases.Rest1Test</td>
<td></td>
<td>0</td>
<td>testCases.Rest1Test@43f02ef2</td></tr>
<tr>
<td title='testCases.Rest1Test.before_Method()'><b>before_Method</b><br>Test class: testCases.Rest1Test</td>
<td></td>
<td>0</td>
<td>testCases.Rest1Test@43f02ef2</td></tr>
<tr>
<td title='testCases.Rest1Test.before_Method()'><b>before_Method</b><br>Test class: testCases.Rest1Test</td>
<td></td>
<td>0</td>
<td>testCases.Rest1Test@43f02ef2</td></tr>
<tr>
<td title='testCases.Rest1Test.before_Method()'><b>before_Method</b><br>Test class: testCases.Rest1Test</td>
<td></td>
<td>0</td>
<td>testCases.Rest1Test@43f02ef2</td></tr>
<tr>
<td title='testCases.Rest1Test.before_Method()'><b>before_Method</b><br>Test class: testCases.Rest1Test</td>
<td></td>
<td>0</td>
<td>testCases.Rest1Test@43f02ef2</td></tr>
<tr>
<td title='testCases.Rest1Test.before_Method()'><b>before_Method</b><br>Test class: testCases.Rest1Test</td>
<td></td>
<td>0</td>
<td>testCases.Rest1Test@43f02ef2</td></tr>
<tr>
<td title='testCases.Rest1Test.before_Method()'><b>before_Method</b><br>Test class: testCases.Rest1Test</td>
<td></td>
<td>0</td>
<td>testCases.Rest1Test@43f02ef2</td></tr>
<tr>
<td title='testCases.Rest1Test.before_Method()'><b>before_Method</b><br>Test class: testCases.Rest1Test</td>
<td></td>
<td>0</td>
<td>testCases.Rest1Test@43f02ef2</td></tr>
<tr>
<td title='testCases.Rest1Test.before_Method()'><b>before_Method</b><br>Test class: testCases.Rest1Test</td>
<td></td>
<td>0</td>
<td>testCases.Rest1Test@43f02ef2</td></tr>
<tr>
<td title='testCases.Rest1Test.before_Method()'><b>before_Method</b><br>Test class: testCases.Rest1Test</td>
<td></td>
<td>0</td>
<td>testCases.Rest1Test@43f02ef2</td></tr>
<tr>
<td title='testCases.Rest1Test.before_Method()'><b>before_Method</b><br>Test class: testCases.Rest1Test</td>
<td></td>
<td>0</td>
<td>testCases.Rest1Test@43f02ef2</td></tr>
<tr>
<td title='testCases.Rest1Test.before_Method()'><b>before_Method</b><br>Test class: testCases.Rest1Test</td>
<td></td>
<td>0</td>
<td>testCases.Rest1Test@43f02ef2</td></tr>
<tr>
<td title='testCases.LoginTest.after_Method()'><b>after_Method</b><br>Test class: testCases.LoginTest</td>
<td></td>
<td>0</td>
<td>testCases.LoginTest@239a307b</td></tr>
<tr>
<td title='testCases.LoginTest.after_Method()'><b>after_Method</b><br>Test class: testCases.LoginTest</td>
<td></td>
<td>0</td>
<td>testCases.LoginTest@239a307b</td></tr>
<tr>
<td title='testCases.Rest1Test.after_Method()'><b>after_Method</b><br>Test class: testCases.Rest1Test</td>
<td></td>
<td>0</td>
<td>testCases.Rest1Test@43f02ef2</td></tr>
<tr>
<td title='testCases.Rest1Test.after_Method()'><b>after_Method</b><br>Test class: testCases.Rest1Test</td>
<td></td>
<td>0</td>
<td>testCases.Rest1Test@43f02ef2</td></tr>
<tr>
<td title='testCases.Rest1Test.after_Method()'><b>after_Method</b><br>Test class: testCases.Rest1Test</td>
<td></td>
<td>0</td>
<td>testCases.Rest1Test@43f02ef2</td></tr>
<tr>
<td title='testCases.Rest1Test.after_Method()'><b>after_Method</b><br>Test class: testCases.Rest1Test</td>
<td></td>
<td>0</td>
<td>testCases.Rest1Test@43f02ef2</td></tr>
<tr>
<td title='testCases.Rest1Test.after_Method()'><b>after_Method</b><br>Test class: testCases.Rest1Test</td>
<td></td>
<td>0</td>
<td>testCases.Rest1Test@43f02ef2</td></tr>
<tr>
<td title='testCases.Rest1Test.after_Method()'><b>after_Method</b><br>Test class: testCases.Rest1Test</td>
<td></td>
<td>0</td>
<td>testCases.Rest1Test@43f02ef2</td></tr>
<tr>
<td title='testCases.Rest1Test.after_Method()'><b>after_Method</b><br>Test class: testCases.Rest1Test</td>
<td></td>
<td>0</td>
<td>testCases.Rest1Test@43f02ef2</td></tr>
<tr>
<td title='testCases.Rest1Test.after_Method()'><b>after_Method</b><br>Test class: testCases.Rest1Test</td>
<td></td>
<td>0</td>
<td>testCases.Rest1Test@43f02ef2</td></tr>
<tr>
<td title='testCases.Rest1Test.after_Method()'><b>after_Method</b><br>Test class: testCases.Rest1Test</td>
<td></td>
<td>0</td>
<td>testCases.Rest1Test@43f02ef2</td></tr>
<tr>
<td title='testCases.Rest1Test.after_Method()'><b>after_Method</b><br>Test class: testCases.Rest1Test</td>
<td></td>
<td>0</td>
<td>testCases.Rest1Test@43f02ef2</td></tr>
<tr>
<td title='testCases.Rest1Test.after_Method()'><b>after_Method</b><br>Test class: testCases.Rest1Test</td>
<td></td>
<td>0</td>
<td>testCases.Rest1Test@43f02ef2</td></tr>
<tr>
<td title='testCases.Rest1Test.after_Method()'><b>after_Method</b><br>Test class: testCases.Rest1Test</td>
<td></td>
<td>0</td>
<td>testCases.Rest1Test@43f02ef2</td></tr>
</table><p>
<table width='100%' border='1' class='invocation-skipped'>
<tr><td colspan='4' align='center'><b>SKIPPED TESTS</b></td></tr>
<tr><td><b>Test method</b></td>
<td width="30%"><b>Exception</b></td>
<td width="10%"><b>Time (seconds)</b></td>
<td><b>Instance</b></td>
</tr>
<tr>
<td title='testCases.Rest1Test.check_Datajson()'><b>check_Datajson</b><br>Test class: testCases.Rest1Test</td>
<td></td>
<td>0</td>
<td>testCases.Rest1Test@43f02ef2</td></tr>
<tr>
<td title='testCases.Rest1Test.check_Status()'><b>check_Status</b><br>Test class: testCases.Rest1Test</td>
<td></td>
<td>0</td>
<td>testCases.Rest1Test@43f02ef2</td></tr>
<tr>
<td title='testCases.Rest1Test.check_data2()'><b>check_data2</b><br>Test class: testCases.Rest1Test</td>
<td></td>
<td>0</td>
<td>testCases.Rest1Test@43f02ef2</td></tr>
<tr>
<td title='testCases.Rest1Test.getPageData()'><b>getPageData</b><br>Test class: testCases.Rest1Test</td>
<td></td>
<td>0</td>
<td>testCases.Rest1Test@43f02ef2</td></tr>
<tr>
<td title='testCases.Rest1Test.getTitle()'><b>getTitle</b><br>Test class: testCases.Rest1Test</td>
<td></td>
<td>0</td>
<td>testCases.Rest1Test@43f02ef2</td></tr>
<tr>
<td title='testCases.Rest1Test.getURL()'><b>getURL</b><br>Test class: testCases.Rest1Test</td>
<td></td>
<td>0</td>
<td>testCases.Rest1Test@43f02ef2</td></tr>
<tr>
<td title='testCases.LoginTest.get_Title()'><b>get_Title</b><br>Test class: testCases.LoginTest</td>
<td></td>
<td>0</td>
<td>testCases.LoginTest@239a307b</td></tr>
<tr>
<td title='testCases.LoginTest.get_Url()'><b>get_Url</b><br>Test class: testCases.LoginTest</td>
<td></td>
<td>0</td>
<td>testCases.LoginTest@239a307b</td></tr>
<tr>
<td title='testCases.Rest1Test.restTest2Statuscode()'><b>restTest2Statuscode</b><br>Test class: testCases.Rest1Test</td>
<td></td>
<td>0</td>
<td>testCases.Rest1Test@43f02ef2</td></tr>
<tr>
<td title='testCases.Rest1Test.test_all_rest()'><b>test_all_rest</b><br>Test class: testCases.Rest1Test<br>Parameters: byron.fields@reqres.in</td>
<td></td>
<td>0</td>
<td>testCases.Rest1Test@43f02ef2</td></tr>
<tr>
<td title='testCases.Rest1Test.test_all_rest()'><b>test_all_rest</b><br>Test class: testCases.Rest1Test<br>Parameters: Ahmed 1</td>
<td></td>
<td>0</td>
<td>testCases.Rest1Test@43f02ef2</td></tr>
<tr>
<td title='testCases.Rest1Test.test_all_rest()'><b>test_all_rest</b><br>Test class: testCases.Rest1Test<br>Parameters: Ahmed 2</td>
<td></td>
<td>0</td>
<td>testCases.Rest1Test@43f02ef2</td></tr>
<tr>
<td title='testCases.Rest1Test.test_all_rest()'><b>test_all_rest</b><br>Test class: testCases.Rest1Test<br>Parameters: Ahmed 3</td>
<td></td>
<td>0</td>
<td>testCases.Rest1Test@43f02ef2</td></tr>
<tr>
<td title='testCases.Rest1Test.test_all_rest()'><b>test_all_rest</b><br>Test class: testCases.Rest1Test<br>Parameters: Ahmed 4</td>
<td></td>
<td>0</td>
<td>testCases.Rest1Test@43f02ef2</td></tr>
</table><p>
</body>
</html>