<?xml version="1.0" encoding="UTF-8"?>
<testng-results total="6" passed="2" failed="4" skipped="0">
  <reporter-output>
  </reporter-output>
  <suite started-at="2022-01-26T23:03:47Z" name="Suite" finished-at="2022-01-26T23:04:11Z" duration-ms="24766">
    <groups>
    </groups>
    <test started-at="2022-01-26T23:03:47Z" name="Test" finished-at="2022-01-26T23:04:11Z" duration-ms="24766">
      <class name="pagesTests.LoginTest">
        <test-method is-config="true" signature="SetUp(java.lang.reflect.Method, java.lang.String)[pri:0, instance:pagesTests.LoginTest@2767e23c]" started-at="2022-01-27T01:04:03Z" name="SetUp" finished-at="2022-01-27T01:04:07Z" duration-ms="3667" status="PASS">
          <params>
            <param index="0">
              <value>
                <![CDATA[public void pagesTests.LoginTest.Test1() throws java.io.IOException]]>
              </value>
            </param>
            <param index="1">
              <value>
                <![CDATA[chrome]]>
              </value>
            </param>
          </params>
          <reporter-output>
          </reporter-output>
        </test-method> <!-- SetUp -->
        <test-method signature="Test1()[pri:0, instance:pagesTests.LoginTest@2767e23c]" started-at="2022-01-27T01:04:07Z" name="Test1" finished-at="2022-01-27T01:04:07Z" duration-ms="465" status="PASS">
          <reporter-output>
          </reporter-output>
        </test-method> <!-- Test1 -->
        <test-method is-config="true" signature="afterMethod(java.lang.reflect.Method, org.testng.ITestResult)[pri:0, instance:pagesTests.LoginTest@2767e23c]" started-at="2022-01-27T01:04:07Z" name="afterMethod" finished-at="2022-01-27T01:04:07Z" duration-ms="226" status="PASS">
          <params>
            <param index="0">
              <value>
                <![CDATA[public void pagesTests.LoginTest.Test1() throws java.io.IOException]]>
              </value>
            </param>
            <param index="1">
              <value>
                <![CDATA[[TestResult name=Test1 status=SUCCESS method=LoginTest.Test1()[pri:0, instance:pagesTests.LoginTest@2767e23c] output={null}]]]>
              </value>
            </param>
          </params>
          <reporter-output>
          </reporter-output>
        </test-method> <!-- afterMethod -->
        <test-method is-config="true" signature="SetUp(java.lang.reflect.Method, java.lang.String)[pri:0, instance:pagesTests.LoginTest@2767e23c]" started-at="2022-01-27T01:04:07Z" name="SetUp" finished-at="2022-01-27T01:04:11Z" duration-ms="3602" status="PASS">
          <params>
            <param index="0">
              <value>
                <![CDATA[public void pagesTests.LoginTest.Test2()]]>
              </value>
            </param>
            <param index="1">
              <value>
                <![CDATA[chrome]]>
              </value>
            </param>
          </params>
          <reporter-output>
          </reporter-output>
        </test-method> <!-- SetUp -->
        <test-method signature="Test2()[pri:0, instance:pagesTests.LoginTest@2767e23c]" started-at="2022-01-27T01:04:11Z" name="Test2" finished-at="2022-01-27T01:04:11Z" duration-ms="382" status="PASS">
          <reporter-output>
          </reporter-output>
        </test-method> <!-- Test2 -->
        <test-method is-config="true" signature="afterMethod(java.lang.reflect.Method, org.testng.ITestResult)[pri:0, instance:pagesTests.LoginTest@2767e23c]" started-at="2022-01-27T01:04:11Z" name="afterMethod" finished-at="2022-01-27T01:04:11Z" duration-ms="190" status="PASS">
          <params>
            <param index="0">
              <value>
                <![CDATA[public void pagesTests.LoginTest.Test2()]]>
              </value>
            </param>
            <param index="1">
              <value>
                <![CDATA[[TestResult name=Test2 status=SUCCESS method=LoginTest.Test2()[pri:0, instance:pagesTests.LoginTest@2767e23c] output={null}]]]>
              </value>
            </param>
          </params>
          <reporter-output>
          </reporter-output>
        </test-method> <!-- afterMethod -->
      </class> <!-- pagesTests.LoginTest -->
      <class name="pagesTests.RestAssured1">
        <test-method is-config="true" signature="SetUp(java.lang.reflect.Method, java.lang.String)[pri:0, instance:pagesTests.RestAssured1@8458f04]" started-at="2022-01-27T01:03:47Z" name="SetUp" finished-at="2022-01-27T01:03:51Z" duration-ms="4106" status="PASS">
          <params>
            <param index="0">
              <value>
                <![CDATA[public void pagesTests.RestAssured1.getPageData()]]>
              </value>
            </param>
            <param index="1">
              <value>
                <![CDATA[chrome]]>
              </value>
            </param>
          </params>
          <reporter-output>
          </reporter-output>
        </test-method> <!-- SetUp -->
        <test-method signature="getPageData()[pri:0, instance:pagesTests.RestAssured1@8458f04]" started-at="2022-01-27T01:03:51Z" name="getPageData" finished-at="2022-01-27T01:03:51Z" duration-ms="281" status="FAIL">
          <exception class="java.lang.NoClassDefFoundError">
            <message>
              <![CDATA[io/restassured/path/json/mapper/factory/JsonbObjectMapperFactory]]>
            </message>
            <full-stacktrace>
              <![CDATA[java.lang.NoClassDefFoundError: io/restassured/path/json/mapper/factory/JsonbObjectMapperFactory
	at io.restassured.config.RestAssuredConfig.<init>(RestAssuredConfig.java:41)
	at io.restassured.RestAssured.<clinit>(RestAssured.java:422)
	at pagesTests.RestAssured1.getPageData(RestAssured1.java:66)
	at java.base/jdk.internal.reflect.NativeMethodAccessorImpl.invoke0(Native Method)
	at java.base/jdk.internal.reflect.NativeMethodAccessorImpl.invoke(NativeMethodAccessorImpl.java:78)
	at java.base/jdk.internal.reflect.DelegatingMethodAccessorImpl.invoke(DelegatingMethodAccessorImpl.java:43)
	at java.base/java.lang.reflect.Method.invoke(Method.java:567)
	at org.testng.internal.MethodInvocationHelper.invokeMethod(MethodInvocationHelper.java:84)
	at org.testng.internal.Invoker.invokeMethod(Invoker.java:714)
	at org.testng.internal.Invoker.invokeTestMethod(Invoker.java:901)
	at org.testng.internal.Invoker.invokeTestMethods(Invoker.java:1231)
	at org.testng.internal.TestMethodWorker.invokeTestMethods(TestMethodWorker.java:127)
	at org.testng.internal.TestMethodWorker.run(TestMethodWorker.java:111)
	at org.testng.TestRunner.privateRun(TestRunner.java:767)
	at org.testng.TestRunner.run(TestRunner.java:617)
	at org.testng.SuiteRunner.runTest(SuiteRunner.java:348)
	at org.testng.SuiteRunner.runSequentially(SuiteRunner.java:343)
	at org.testng.SuiteRunner.privateRun(SuiteRunner.java:305)
	at org.testng.SuiteRunner.run(SuiteRunner.java:254)
	at org.testng.SuiteRunnerWorker.runSuite(SuiteRunnerWorker.java:52)
	at org.testng.SuiteRunnerWorker.run(SuiteRunnerWorker.java:86)
	at org.testng.TestNG.runSuitesSequentially(TestNG.java:1224)
	at org.testng.TestNG.runSuitesLocally(TestNG.java:1149)
	at org.testng.TestNG.run(TestNG.java:1057)
	at org.apache.maven.surefire.testng.TestNGExecutor.run(TestNGExecutor.java:283)
	at org.apache.maven.surefire.testng.TestNGXmlTestSuite.execute(TestNGXmlTestSuite.java:75)
	at org.apache.maven.surefire.testng.TestNGProvider.invoke(TestNGProvider.java:120)
	at org.apache.maven.surefire.booter.ForkedBooter.invokeProviderInSameClassLoader(ForkedBooter.java:383)
	at org.apache.maven.surefire.booter.ForkedBooter.runSuitesInProcess(ForkedBooter.java:344)
	at org.apache.maven.surefire.booter.ForkedBooter.execute(ForkedBooter.java:125)
	at org.apache.maven.surefire.booter.ForkedBooter.main(ForkedBooter.java:417)
Caused by: java.lang.ClassNotFoundException: io.restassured.path.json.mapper.factory.JsonbObjectMapperFactory
	at java.base/jdk.internal.loader.BuiltinClassLoader.loadClass(BuiltinClassLoader.java:636)
	at java.base/jdk.internal.loader.ClassLoaders$AppClassLoader.loadClass(ClassLoaders.java:182)
	at java.base/java.lang.ClassLoader.loadClass(ClassLoader.java:519)
	... 31 more
]]>
            </full-stacktrace>
          </exception> <!-- java.lang.NoClassDefFoundError -->
          <reporter-output>
          </reporter-output>
        </test-method> <!-- getPageData -->
        <test-method is-config="true" signature="afterMethod(java.lang.reflect.Method, org.testng.ITestResult)[pri:0, instance:pagesTests.RestAssured1@8458f04]" started-at="2022-01-27T01:03:51Z" name="afterMethod" finished-at="2022-01-27T01:03:51Z" duration-ms="169" status="PASS">
          <params>
            <param index="0">
              <value>
                <![CDATA[public void pagesTests.RestAssured1.getPageData()]]>
              </value>
            </param>
            <param index="1">
              <value>
                <![CDATA[[TestResult name=getPageData status=FAILURE method=RestAssured1.getPageData()[pri:0, instance:pagesTests.RestAssured1@8458f04] output={null}]]]>
              </value>
            </param>
          </params>
          <reporter-output>
          </reporter-output>
        </test-method> <!-- afterMethod -->
        <test-method is-config="true" signature="SetUp(java.lang.reflect.Method, java.lang.String)[pri:0, instance:pagesTests.RestAssured1@8458f04]" started-at="2022-01-27T01:03:51Z" name="SetUp" finished-at="2022-01-27T01:03:55Z" duration-ms="3671" status="PASS">
          <params>
            <param index="0">
              <value>
                <![CDATA[public void pagesTests.RestAssured1.restTest1()]]>
              </value>
            </param>
            <param index="1">
              <value>
                <![CDATA[chrome]]>
              </value>
            </param>
          </params>
          <reporter-output>
          </reporter-output>
        </test-method> <!-- SetUp -->
        <test-method signature="restTest1()[pri:0, instance:pagesTests.RestAssured1@8458f04]" started-at="2022-01-27T01:03:55Z" name="restTest1" finished-at="2022-01-27T01:03:55Z" duration-ms="0" status="FAIL">
          <exception class="java.lang.NoClassDefFoundError">
            <message>
              <![CDATA[Could not initialize class io.restassured.RestAssured]]>
            </message>
            <full-stacktrace>
              <![CDATA[java.lang.NoClassDefFoundError: Could not initialize class io.restassured.RestAssured
	at pagesTests.RestAssured1.restTest1(RestAssured1.java:27)
	at java.base/jdk.internal.reflect.NativeMethodAccessorImpl.invoke0(Native Method)
	at java.base/jdk.internal.reflect.NativeMethodAccessorImpl.invoke(NativeMethodAccessorImpl.java:78)
	at java.base/jdk.internal.reflect.DelegatingMethodAccessorImpl.invoke(DelegatingMethodAccessorImpl.java:43)
	at java.base/java.lang.reflect.Method.invoke(Method.java:567)
	at org.testng.internal.MethodInvocationHelper.invokeMethod(MethodInvocationHelper.java:84)
	at org.testng.internal.Invoker.invokeMethod(Invoker.java:714)
	at org.testng.internal.Invoker.invokeTestMethod(Invoker.java:901)
	at org.testng.internal.Invoker.invokeTestMethods(Invoker.java:1231)
	at org.testng.internal.TestMethodWorker.invokeTestMethods(TestMethodWorker.java:127)
	at org.testng.internal.TestMethodWorker.run(TestMethodWorker.java:111)
	at org.testng.TestRunner.privateRun(TestRunner.java:767)
	at org.testng.TestRunner.run(TestRunner.java:617)
	at org.testng.SuiteRunner.runTest(SuiteRunner.java:348)
	at org.testng.SuiteRunner.runSequentially(SuiteRunner.java:343)
	at org.testng.SuiteRunner.privateRun(SuiteRunner.java:305)
	at org.testng.SuiteRunner.run(SuiteRunner.java:254)
	at org.testng.SuiteRunnerWorker.runSuite(SuiteRunnerWorker.java:52)
	at org.testng.SuiteRunnerWorker.run(SuiteRunnerWorker.java:86)
	at org.testng.TestNG.runSuitesSequentially(TestNG.java:1224)
	at org.testng.TestNG.runSuitesLocally(TestNG.java:1149)
	at org.testng.TestNG.run(TestNG.java:1057)
	at org.apache.maven.surefire.testng.TestNGExecutor.run(TestNGExecutor.java:283)
	at org.apache.maven.surefire.testng.TestNGXmlTestSuite.execute(TestNGXmlTestSuite.java:75)
	at org.apache.maven.surefire.testng.TestNGProvider.invoke(TestNGProvider.java:120)
	at org.apache.maven.surefire.booter.ForkedBooter.invokeProviderInSameClassLoader(ForkedBooter.java:383)
	at org.apache.maven.surefire.booter.ForkedBooter.runSuitesInProcess(ForkedBooter.java:344)
	at org.apache.maven.surefire.booter.ForkedBooter.execute(ForkedBooter.java:125)
	at org.apache.maven.surefire.booter.ForkedBooter.main(ForkedBooter.java:417)
]]>
            </full-stacktrace>
          </exception> <!-- java.lang.NoClassDefFoundError -->
          <reporter-output>
          </reporter-output>
        </test-method> <!-- restTest1 -->
        <test-method is-config="true" signature="afterMethod(java.lang.reflect.Method, org.testng.ITestResult)[pri:0, instance:pagesTests.RestAssured1@8458f04]" started-at="2022-01-27T01:03:55Z" name="afterMethod" finished-at="2022-01-27T01:03:55Z" duration-ms="174" status="PASS">
          <params>
            <param index="0">
              <value>
                <![CDATA[public void pagesTests.RestAssured1.restTest1()]]>
              </value>
            </param>
            <param index="1">
              <value>
                <![CDATA[[TestResult name=restTest1 status=FAILURE method=RestAssured1.restTest1()[pri:0, instance:pagesTests.RestAssured1@8458f04] output={null}]]]>
              </value>
            </param>
          </params>
          <reporter-output>
          </reporter-output>
        </test-method> <!-- afterMethod -->
        <test-method is-config="true" signature="SetUp(java.lang.reflect.Method, java.lang.String)[pri:0, instance:pagesTests.RestAssured1@8458f04]" started-at="2022-01-27T01:03:55Z" name="SetUp" finished-at="2022-01-27T01:03:59Z" duration-ms="3687" status="PASS">
          <params>
            <param index="0">
              <value>
                <![CDATA[public void pagesTests.RestAssured1.restTest2Statuscode()]]>
              </value>
            </param>
            <param index="1">
              <value>
                <![CDATA[chrome]]>
              </value>
            </param>
          </params>
          <reporter-output>
          </reporter-output>
        </test-method> <!-- SetUp -->
        <test-method signature="restTest2Statuscode()[pri:0, instance:pagesTests.RestAssured1@8458f04]" started-at="2022-01-27T01:03:59Z" name="restTest2Statuscode" finished-at="2022-01-27T01:03:59Z" duration-ms="0" status="FAIL">
          <exception class="java.lang.NoClassDefFoundError">
            <message>
              <![CDATA[Could not initialize class io.restassured.RestAssured]]>
            </message>
            <full-stacktrace>
              <![CDATA[java.lang.NoClassDefFoundError: Could not initialize class io.restassured.RestAssured
	at pagesTests.RestAssured1.restTest2Statuscode(RestAssured1.java:46)
	at java.base/jdk.internal.reflect.NativeMethodAccessorImpl.invoke0(Native Method)
	at java.base/jdk.internal.reflect.NativeMethodAccessorImpl.invoke(NativeMethodAccessorImpl.java:78)
	at java.base/jdk.internal.reflect.DelegatingMethodAccessorImpl.invoke(DelegatingMethodAccessorImpl.java:43)
	at java.base/java.lang.reflect.Method.invoke(Method.java:567)
	at org.testng.internal.MethodInvocationHelper.invokeMethod(MethodInvocationHelper.java:84)
	at org.testng.internal.Invoker.invokeMethod(Invoker.java:714)
	at org.testng.internal.Invoker.invokeTestMethod(Invoker.java:901)
	at org.testng.internal.Invoker.invokeTestMethods(Invoker.java:1231)
	at org.testng.internal.TestMethodWorker.invokeTestMethods(TestMethodWorker.java:127)
	at org.testng.internal.TestMethodWorker.run(TestMethodWorker.java:111)
	at org.testng.TestRunner.privateRun(TestRunner.java:767)
	at org.testng.TestRunner.run(TestRunner.java:617)
	at org.testng.SuiteRunner.runTest(SuiteRunner.java:348)
	at org.testng.SuiteRunner.runSequentially(SuiteRunner.java:343)
	at org.testng.SuiteRunner.privateRun(SuiteRunner.java:305)
	at org.testng.SuiteRunner.run(SuiteRunner.java:254)
	at org.testng.SuiteRunnerWorker.runSuite(SuiteRunnerWorker.java:52)
	at org.testng.SuiteRunnerWorker.run(SuiteRunnerWorker.java:86)
	at org.testng.TestNG.runSuitesSequentially(TestNG.java:1224)
	at org.testng.TestNG.runSuitesLocally(TestNG.java:1149)
	at org.testng.TestNG.run(TestNG.java:1057)
	at org.apache.maven.surefire.testng.TestNGExecutor.run(TestNGExecutor.java:283)
	at org.apache.maven.surefire.testng.TestNGXmlTestSuite.execute(TestNGXmlTestSuite.java:75)
	at org.apache.maven.surefire.testng.TestNGProvider.invoke(TestNGProvider.java:120)
	at org.apache.maven.surefire.booter.ForkedBooter.invokeProviderInSameClassLoader(ForkedBooter.java:383)
	at org.apache.maven.surefire.booter.ForkedBooter.runSuitesInProcess(ForkedBooter.java:344)
	at org.apache.maven.surefire.booter.ForkedBooter.execute(ForkedBooter.java:125)
	at org.apache.maven.surefire.booter.ForkedBooter.main(ForkedBooter.java:417)
]]>
            </full-stacktrace>
          </exception> <!-- java.lang.NoClassDefFoundError -->
          <reporter-output>
          </reporter-output>
        </test-method> <!-- restTest2Statuscode -->
        <test-method is-config="true" signature="afterMethod(java.lang.reflect.Method, org.testng.ITestResult)[pri:0, instance:pagesTests.RestAssured1@8458f04]" started-at="2022-01-27T01:03:59Z" name="afterMethod" finished-at="2022-01-27T01:03:59Z" duration-ms="168" status="PASS">
          <params>
            <param index="0">
              <value>
                <![CDATA[public void pagesTests.RestAssured1.restTest2Statuscode()]]>
              </value>
            </param>
            <param index="1">
              <value>
                <![CDATA[[TestResult name=restTest2Statuscode status=FAILURE method=RestAssured1.restTest2Statuscode()[pri:0, instance:pagesTests.RestAssured1@8458f04] output={null}]]]>
              </value>
            </param>
          </params>
          <reporter-output>
          </reporter-output>
        </test-method> <!-- afterMethod -->
        <test-method is-config="true" signature="SetUp(java.lang.reflect.Method, java.lang.String)[pri:0, instance:pagesTests.RestAssured1@8458f04]" started-at="2022-01-27T01:03:59Z" name="SetUp" finished-at="2022-01-27T01:04:03Z" duration-ms="3785" status="PASS">
          <params>
            <param index="0">
              <value>
                <![CDATA[public void pagesTests.RestAssured1.restTest3containsdata()]]>
              </value>
            </param>
            <param index="1">
              <value>
                <![CDATA[chrome]]>
              </value>
            </param>
          </params>
          <reporter-output>
          </reporter-output>
        </test-method> <!-- SetUp -->
        <test-method signature="restTest3containsdata()[pri:0, instance:pagesTests.RestAssured1@8458f04]" started-at="2022-01-27T01:04:03Z" name="restTest3containsdata" finished-at="2022-01-27T01:04:03Z" duration-ms="0" status="FAIL">
          <exception class="java.lang.NoClassDefFoundError">
            <message>
              <![CDATA[Could not initialize class io.restassured.RestAssured]]>
            </message>
            <full-stacktrace>
              <![CDATA[java.lang.NoClassDefFoundError: Could not initialize class io.restassured.RestAssured
	at pagesTests.RestAssured1.restTest3containsdata(RestAssured1.java:56)
	at java.base/jdk.internal.reflect.NativeMethodAccessorImpl.invoke0(Native Method)
	at java.base/jdk.internal.reflect.NativeMethodAccessorImpl.invoke(NativeMethodAccessorImpl.java:78)
	at java.base/jdk.internal.reflect.DelegatingMethodAccessorImpl.invoke(DelegatingMethodAccessorImpl.java:43)
	at java.base/java.lang.reflect.Method.invoke(Method.java:567)
	at org.testng.internal.MethodInvocationHelper.invokeMethod(MethodInvocationHelper.java:84)
	at org.testng.internal.Invoker.invokeMethod(Invoker.java:714)
	at org.testng.internal.Invoker.invokeTestMethod(Invoker.java:901)
	at org.testng.internal.Invoker.invokeTestMethods(Invoker.java:1231)
	at org.testng.internal.TestMethodWorker.invokeTestMethods(TestMethodWorker.java:127)
	at org.testng.internal.TestMethodWorker.run(TestMethodWorker.java:111)
	at org.testng.TestRunner.privateRun(TestRunner.java:767)
	at org.testng.TestRunner.run(TestRunner.java:617)
	at org.testng.SuiteRunner.runTest(SuiteRunner.java:348)
	at org.testng.SuiteRunner.runSequentially(SuiteRunner.java:343)
	at org.testng.SuiteRunner.privateRun(SuiteRunner.java:305)
	at org.testng.SuiteRunner.run(SuiteRunner.java:254)
	at org.testng.SuiteRunnerWorker.runSuite(SuiteRunnerWorker.java:52)
	at org.testng.SuiteRunnerWorker.run(SuiteRunnerWorker.java:86)
	at org.testng.TestNG.runSuitesSequentially(TestNG.java:1224)
	at org.testng.TestNG.runSuitesLocally(TestNG.java:1149)
	at org.testng.TestNG.run(TestNG.java:1057)
	at org.apache.maven.surefire.testng.TestNGExecutor.run(TestNGExecutor.java:283)
	at org.apache.maven.surefire.testng.TestNGXmlTestSuite.execute(TestNGXmlTestSuite.java:75)
	at org.apache.maven.surefire.testng.TestNGProvider.invoke(TestNGProvider.java:120)
	at org.apache.maven.surefire.booter.ForkedBooter.invokeProviderInSameClassLoader(ForkedBooter.java:383)
	at org.apache.maven.surefire.booter.ForkedBooter.runSuitesInProcess(ForkedBooter.java:344)
	at org.apache.maven.surefire.booter.ForkedBooter.execute(ForkedBooter.java:125)
	at org.apache.maven.surefire.booter.ForkedBooter.main(ForkedBooter.java:417)
]]>
            </full-stacktrace>
          </exception> <!-- java.lang.NoClassDefFoundError -->
          <reporter-output>
          </reporter-output>
        </test-method> <!-- restTest3containsdata -->
        <test-method is-config="true" signature="afterMethod(java.lang.reflect.Method, org.testng.ITestResult)[pri:0, instance:pagesTests.RestAssured1@8458f04]" started-at="2022-01-27T01:04:03Z" name="afterMethod" finished-at="2022-01-27T01:04:03Z" duration-ms="170" status="PASS">
          <params>
            <param index="0">
              <value>
                <![CDATA[public void pagesTests.RestAssured1.restTest3containsdata()]]>
              </value>
            </param>
            <param index="1">
              <value>
                <![CDATA[[TestResult name=restTest3containsdata status=FAILURE method=RestAssured1.restTest3containsdata()[pri:0, instance:pagesTests.RestAssured1@8458f04] output={null}]]]>
              </value>
            </param>
          </params>
          <reporter-output>
          </reporter-output>
        </test-method> <!-- afterMethod -->
      </class> <!-- pagesTests.RestAssured1 -->
      <class name="pagesTests.Extents">
        <test-method is-config="true" signature="ExtentReport()[pri:0, instance:pagesTests.Extents@710c2b53]" started-at="2022-01-27T01:03:47Z" name="ExtentReport" finished-at="2022-01-27T01:03:47Z" duration-ms="99" status="PASS">
          <reporter-output>
          </reporter-output>
        </test-method> <!-- ExtentReport -->
        <test-method is-config="true" signature="afterSuite()[pri:0, instance:pagesTests.Extents@710c2b53]" started-at="2022-01-27T01:04:11Z" name="afterSuite" finished-at="2022-01-27T01:04:12Z" duration-ms="193" status="PASS">
          <reporter-output>
          </reporter-output>
        </test-method> <!-- afterSuite -->
      </class> <!-- pagesTests.Extents -->
    </test> <!-- Test -->
  </suite> <!-- Suite -->
</testng-results>
