<!DOCTYPE html>

<html>
  <head>
  <title>TestNG reports</title>

    <link type="text/css" href="testng-reports.css" rel="stylesheet" />  
    <script type="text/javascript" src="jquery-1.7.1.min.js"></script>
    <script type="text/javascript" src="testng-reports.js"></script>
    <script type="text/javascript" src="https://www.google.com/jsapi"></script>
    <script type='text/javascript'>
      google.load('visualization', '1', {packages:['table']});
      google.setOnLoadCallback(drawTable);
      var suiteTableInitFunctions = new Array();
      var suiteTableData = new Array();
    </script>
    <!--
      <script type="text/javascript" src="jquery-ui/js/jquery-ui-1.8.16.custom.min.js"></script>
     -->
  </head>

  <body>
    <div class="top-banner-root">
      <span class="top-banner-title-font">Test results</span>
      <br/>
      <span class="top-banner-font-1">1 suite, 5 failed tests</span>
    </div> <!-- top-banner-root -->
    <div class="navigator-root">
      <div class="navigator-suite-header">
        <span>All suites</span>
        <a href="#" title="Collapse/expand all the suites" class="collapse-all-link">
          <img src="collapseall.gif" class="collapse-all-icon">
          </img> <!-- collapse-all-icon -->
        </a> <!-- collapse-all-link -->
      </div> <!-- navigator-suite-header -->
      <div class="suite">
        <div class="rounded-window">
          <div class="suite-header light-rounded-window-top">
            <a href="#" panel-name="suite-Suite" class="navigator-link">
              <span class="suite-name border-failed">Suite</span>
            </a> <!-- navigator-link -->
          </div> <!-- suite-header light-rounded-window-top -->
          <div class="navigator-suite-content">
            <div class="suite-section-title">
              <span>Info</span>
            </div> <!-- suite-section-title -->
            <div class="suite-section-content">
              <ul>
                <li>
                  <a href="#" panel-name="test-xml-Suite" class="navigator-link ">
                    <span>C:\Users\ahmed.abdelstar\eclipse-workspace\RestAssured3\testng.xml</span>
                  </a> <!-- navigator-link  -->
                </li>
                <li>
                  <a href="#" panel-name="testlist-Suite" class="navigator-link ">
                    <span class="test-stats">1 test</span>
                  </a> <!-- navigator-link  -->
                </li>
                <li>
                  <a href="#" panel-name="group-Suite" class="navigator-link ">
                    <span>0 groups</span>
                  </a> <!-- navigator-link  -->
                </li>
                <li>
                  <a href="#" panel-name="times-Suite" class="navigator-link ">
                    <span>Times</span>
                  </a> <!-- navigator-link  -->
                </li>
                <li>
                  <a href="#" panel-name="reporter-Suite" class="navigator-link ">
                    <span>Reporter output</span>
                  </a> <!-- navigator-link  -->
                </li>
                <li>
                  <a href="#" panel-name="ignored-methods-Suite" class="navigator-link ">
                    <span>Ignored methods</span>
                  </a> <!-- navigator-link  -->
                </li>
                <li>
                  <a href="#" panel-name="chronological-Suite" class="navigator-link ">
                    <span>Chronological view</span>
                  </a> <!-- navigator-link  -->
                </li>
              </ul>
            </div> <!-- suite-section-content -->
            <div class="result-section">
              <div class="suite-section-title">
                <span>Results</span>
              </div> <!-- suite-section-title -->
              <div class="suite-section-content">
                <ul>
                  <li>
                    <span class="method-stats">14 methods, 5 failed,   9 passed</span>
                  </li>
                  <li>
                    <span class="method-list-title failed">Failed methods</span>
                    <span class="show-or-hide-methods failed">
                      <a href="#" panel-name="suite-Suite" class="hide-methods failed suite-Suite"> (hide)</a> <!-- hide-methods failed suite-Suite -->
                      <a href="#" panel-name="suite-Suite" class="show-methods failed suite-Suite"> (show)</a> <!-- show-methods failed suite-Suite -->
                    </span>
                    <div class="method-list-content failed suite-Suite">
                      <span>
                        <img src="failed.png" width="3%"/>
                        <a href="#" panel-name="suite-Suite" title="testCases.Rest1Test" class="method navigator-link" hash-for-method="check_Status">check_Status</a> <!-- method navigator-link -->
                      </span>
                      <br/>
                      <span>
                        <img src="failed.png" width="3%"/>
                        <a href="#" panel-name="suite-Suite" title="testCases.Rest1Test" class="method navigator-link" hash-for-method="test_all_rest(Ahmed 3)">test_all_rest(Ahmed 3)</a> <!-- method navigator-link -->
                      </span>
                      <br/>
                      <span>
                        <img src="failed.png" width="3%"/>
                        <a href="#" panel-name="suite-Suite" title="testCases.Rest1Test" class="method navigator-link" hash-for-method="test_all_rest(Ahmed 2)">test_all_rest(Ahmed 2)</a> <!-- method navigator-link -->
                      </span>
                      <br/>
                      <span>
                        <img src="failed.png" width="3%"/>
                        <a href="#" panel-name="suite-Suite" title="testCases.Rest1Test" class="method navigator-link" hash-for-method="test_all_rest(Ahmed 4)">test_all_rest(Ahmed 4)</a> <!-- method navigator-link -->
                      </span>
                      <br/>
                      <span>
                        <img src="failed.png" width="3%"/>
                        <a href="#" panel-name="suite-Suite" title="testCases.Rest1Test" class="method navigator-link" hash-for-method="test_all_rest(Ahmed 1)">test_all_rest(Ahmed 1)</a> <!-- method navigator-link -->
                      </span>
                      <br/>
                    </div> <!-- method-list-content failed suite-Suite -->
                  </li>
                  <li>
                    <span class="method-list-title passed">Passed methods</span>
                    <span class="show-or-hide-methods passed">
                      <a href="#" panel-name="suite-Suite" class="hide-methods passed suite-Suite"> (hide)</a> <!-- hide-methods passed suite-Suite -->
                      <a href="#" panel-name="suite-Suite" class="show-methods passed suite-Suite"> (show)</a> <!-- show-methods passed suite-Suite -->
                    </span>
                    <div class="method-list-content passed suite-Suite">
                      <span>
                        <img src="passed.png" width="3%"/>
                        <a href="#" panel-name="suite-Suite" title="testCases.Rest1Test" class="method navigator-link" hash-for-method="check_Datajson">check_Datajson</a> <!-- method navigator-link -->
                      </span>
                      <br/>
                      <span>
                        <img src="passed.png" width="3%"/>
                        <a href="#" panel-name="suite-Suite" title="testCases.Rest1Test" class="method navigator-link" hash-for-method="check_data2">check_data2</a> <!-- method navigator-link -->
                      </span>
                      <br/>
                      <span>
                        <img src="passed.png" width="3%"/>
                        <a href="#" panel-name="suite-Suite" title="testCases.Rest1Test" class="method navigator-link" hash-for-method="getPageData">getPageData</a> <!-- method navigator-link -->
                      </span>
                      <br/>
                      <span>
                        <img src="passed.png" width="3%"/>
                        <a href="#" panel-name="suite-Suite" title="testCases.Rest1Test" class="method navigator-link" hash-for-method="getTitle">getTitle</a> <!-- method navigator-link -->
                      </span>
                      <br/>
                      <span>
                        <img src="passed.png" width="3%"/>
                        <a href="#" panel-name="suite-Suite" title="testCases.Rest1Test" class="method navigator-link" hash-for-method="getURL">getURL</a> <!-- method navigator-link -->
                      </span>
                      <br/>
                      <span>
                        <img src="passed.png" width="3%"/>
                        <a href="#" panel-name="suite-Suite" title="testCases.LoginTest" class="method navigator-link" hash-for-method="get_Title">get_Title</a> <!-- method navigator-link -->
                      </span>
                      <br/>
                      <span>
                        <img src="passed.png" width="3%"/>
                        <a href="#" panel-name="suite-Suite" title="testCases.LoginTest" class="method navigator-link" hash-for-method="get_Url">get_Url</a> <!-- method navigator-link -->
                      </span>
                      <br/>
                      <span>
                        <img src="passed.png" width="3%"/>
                        <a href="#" panel-name="suite-Suite" title="testCases.Rest1Test" class="method navigator-link" hash-for-method="restTest2Statuscode">restTest2Statuscode</a> <!-- method navigator-link -->
                      </span>
                      <br/>
                      <span>
                        <img src="passed.png" width="3%"/>
                        <a href="#" panel-name="suite-Suite" title="testCases.Rest1Test" class="method navigator-link" hash-for-method="test_all_rest(byron.fields@reqres.in)">test_all_rest(byron.fields@reqres.in)</a> <!-- method navigator-link -->
                      </span>
                      <br/>
                    </div> <!-- method-list-content passed suite-Suite -->
                  </li>
                </ul>
              </div> <!-- suite-section-content -->
            </div> <!-- result-section -->
          </div> <!-- navigator-suite-content -->
        </div> <!-- rounded-window -->
      </div> <!-- suite -->
    </div> <!-- navigator-root -->
    <div class="wrapper">
      <div class="main-panel-root">
        <div panel-name="suite-Suite" class="panel Suite">
          <div class="suite-Suite-class-failed">
            <div class="main-panel-header rounded-window-top">
              <img src="failed.png"/>
              <span class="class-name">testCases.Rest1Test</span>
            </div> <!-- main-panel-header rounded-window-top -->
            <div class="main-panel-content rounded-window-bottom">
              <div class="method">
                <div class="method-content">
                  <a name="check_Status">
                  </a> <!-- check_Status -->
                  <span class="method-name">check_Status</span>
                  <div class="stack-trace">java.lang.AssertionError: 1 expectation failed.
Expected status code &lt;300&gt; but was &lt;200&gt;.

	at org.codehaus.groovy.runtime.callsite.ConstructorSite$ConstructorSiteNoUnwrapNoCoerce.callConstructor(ConstructorSite.java:105)
	at org.codehaus.groovy.runtime.callsite.CallSiteArray.defaultCallConstructor(CallSiteArray.java:59)
	at org.codehaus.groovy.runtime.callsite.AbstractCallSite.callConstructor(AbstractCallSite.java:263)
	at org.codehaus.groovy.runtime.callsite.AbstractCallSite.callConstructor(AbstractCallSite.java:277)
	at io.restassured.internal.ResponseSpecificationImpl$HamcrestAssertionClosure.validate(ResponseSpecificationImpl.groovy:493)
	at io.restassured.internal.ResponseSpecificationImpl$HamcrestAssertionClosure$validate$1.call(Unknown Source)
	at org.codehaus.groovy.runtime.callsite.CallSiteArray.defaultCall(CallSiteArray.java:47)
	at org.codehaus.groovy.runtime.callsite.AbstractCallSite.call(AbstractCallSite.java:125)
	at org.codehaus.groovy.runtime.callsite.AbstractCallSite.call(AbstractCallSite.java:139)
	at io.restassured.internal.ResponseSpecificationImpl.validateResponseIfRequired(ResponseSpecificationImpl.groovy:674)
	at org.codehaus.groovy.runtime.callsite.PlainObjectMetaMethodSite.doInvoke(PlainObjectMetaMethodSite.java:43)
	at org.codehaus.groovy.runtime.callsite.PogoMetaMethodSite$PogoCachedMethodSiteNoUnwrapNoCoerce.invoke(PogoMetaMethodSite.java:193)
	at org.codehaus.groovy.runtime.callsite.PogoMetaMethodSite.callCurrent(PogoMetaMethodSite.java:61)
	at org.codehaus.groovy.runtime.callsite.CallSiteArray.defaultCallCurrent(CallSiteArray.java:51)
	at org.codehaus.groovy.runtime.callsite.AbstractCallSite.callCurrent(AbstractCallSite.java:171)
	at org.codehaus.groovy.runtime.callsite.AbstractCallSite.callCurrent(AbstractCallSite.java:185)
	at io.restassured.internal.ResponseSpecificationImpl.statusCode(ResponseSpecificationImpl.groovy:126)
	at io.restassured.specification.ResponseSpecification$statusCode$0.callCurrent(Unknown Source)
	at org.codehaus.groovy.runtime.callsite.CallSiteArray.defaultCallCurrent(CallSiteArray.java:51)
	at org.codehaus.groovy.runtime.callsite.AbstractCallSite.callCurrent(AbstractCallSite.java:171)
	at org.codehaus.groovy.runtime.callsite.AbstractCallSite.callCurrent(AbstractCallSite.java:185)
	at io.restassured.internal.ResponseSpecificationImpl.statusCode(ResponseSpecificationImpl.groovy:134)
	at io.restassured.internal.ValidatableResponseOptionsImpl.statusCode(ValidatableResponseOptionsImpl.java:89)
	at io.restassured.internal.ValidatableResponseImpl.super$2$statusCode(ValidatableResponseImpl.groovy)
	at groovy.lang.MetaMethod.doMethodInvoke(MetaMethod.java:323)
	at groovy.lang.MetaClassImpl.invokeMethod(MetaClassImpl.java:1268)
	at org.codehaus.groovy.runtime.ScriptBytecodeAdapter.invokeMethodOnSuperN(ScriptBytecodeAdapter.java:144)
	at io.restassured.internal.ValidatableResponseImpl.statusCode(ValidatableResponseImpl.groovy:142)
	at io.restassured.internal.ValidatableResponseImpl.statusCode(ValidatableResponseImpl.groovy)
	at testCases.Rest1Test.check_Status(Rest1Test.java:32)
... Removed 43 stack frames
</div> <!-- stack-trace -->
                </div> <!-- method-content -->
              </div> <!-- method -->
              <div class="method">
                <div class="method-content">
                  <a name="test_all_rest(Ahmed 3)">
                  </a> <!-- test_all_rest(Ahmed 3) -->
                  <span class="method-name">test_all_rest</span>
                  <span class="parameters">(Ahmed 3)</span>
                  <div class="stack-trace">java.lang.AssertionError: 1 expectation failed.
JSON path data[3].&apos;email&apos; doesn&apos;t match.
Expected: Ahmed 3
  Actual: byron.fields@reqres.in

	at org.codehaus.groovy.runtime.callsite.ConstructorSite$ConstructorSiteNoUnwrapNoCoerce.callConstructor(ConstructorSite.java:105)
	at org.codehaus.groovy.runtime.callsite.AbstractCallSite.callConstructor(AbstractCallSite.java:277)
	at io.restassured.internal.ResponseSpecificationImpl$HamcrestAssertionClosure.validate(ResponseSpecificationImpl.groovy:493)
	at io.restassured.internal.ResponseSpecificationImpl$HamcrestAssertionClosure$validate$1.call(Unknown Source)
	at io.restassured.internal.ResponseSpecificationImpl.validateResponseIfRequired(ResponseSpecificationImpl.groovy:674)
	at org.codehaus.groovy.runtime.callsite.PlainObjectMetaMethodSite.doInvoke(PlainObjectMetaMethodSite.java:43)
	at org.codehaus.groovy.runtime.callsite.PogoMetaMethodSite$PogoCachedMethodSiteNoUnwrapNoCoerce.invoke(PogoMetaMethodSite.java:193)
	at org.codehaus.groovy.runtime.callsite.PogoMetaMethodSite.callCurrent(PogoMetaMethodSite.java:61)
	at org.codehaus.groovy.runtime.callsite.AbstractCallSite.callCurrent(AbstractCallSite.java:185)
	at io.restassured.internal.ResponseSpecificationImpl.body(ResponseSpecificationImpl.groovy:261)
	at io.restassured.specification.ResponseSpecification$body$1.callCurrent(Unknown Source)
	at io.restassured.internal.ResponseSpecificationImpl.body(ResponseSpecificationImpl.groovy:108)
	at io.restassured.internal.ValidatableResponseOptionsImpl.body(ValidatableResponseOptionsImpl.java:244)
	at io.restassured.internal.ValidatableResponseImpl.super$2$body(ValidatableResponseImpl.groovy)
	at groovy.lang.MetaMethod.doMethodInvoke(MetaMethod.java:323)
	at groovy.lang.MetaClassImpl.invokeMethod(MetaClassImpl.java:1268)
	at org.codehaus.groovy.runtime.ScriptBytecodeAdapter.invokeMethodOnSuperN(ScriptBytecodeAdapter.java:144)
	at io.restassured.internal.ValidatableResponseImpl.body(ValidatableResponseImpl.groovy:298)
	at io.restassured.internal.ValidatableResponseImpl.body(ValidatableResponseImpl.groovy)
	at testCases.Rest1Test.test_all_rest(Rest1Test.java:84)
... Removed 43 stack frames
</div> <!-- stack-trace -->
                </div> <!-- method-content -->
              </div> <!-- method -->
              <div class="method">
                <div class="method-content">
                  <a name="test_all_rest(Ahmed 2)">
                  </a> <!-- test_all_rest(Ahmed 2) -->
                  <span class="method-name">test_all_rest</span>
                  <span class="parameters">(Ahmed 2)</span>
                  <div class="stack-trace">java.lang.AssertionError: 1 expectation failed.
JSON path data[3].&apos;email&apos; doesn&apos;t match.
Expected: Ahmed 2
  Actual: byron.fields@reqres.in

	at org.codehaus.groovy.runtime.callsite.ConstructorSite$ConstructorSiteNoUnwrapNoCoerce.callConstructor(ConstructorSite.java:105)
	at org.codehaus.groovy.runtime.callsite.AbstractCallSite.callConstructor(AbstractCallSite.java:277)
	at io.restassured.internal.ResponseSpecificationImpl$HamcrestAssertionClosure.validate(ResponseSpecificationImpl.groovy:493)
	at io.restassured.internal.ResponseSpecificationImpl$HamcrestAssertionClosure$validate$1.call(Unknown Source)
	at io.restassured.internal.ResponseSpecificationImpl.validateResponseIfRequired(ResponseSpecificationImpl.groovy:674)
	at org.codehaus.groovy.runtime.callsite.PlainObjectMetaMethodSite.doInvoke(PlainObjectMetaMethodSite.java:43)
	at org.codehaus.groovy.runtime.callsite.PogoMetaMethodSite$PogoCachedMethodSiteNoUnwrapNoCoerce.invoke(PogoMetaMethodSite.java:193)
	at org.codehaus.groovy.runtime.callsite.PogoMetaMethodSite.callCurrent(PogoMetaMethodSite.java:61)
	at org.codehaus.groovy.runtime.callsite.AbstractCallSite.callCurrent(AbstractCallSite.java:185)
	at io.restassured.internal.ResponseSpecificationImpl.body(ResponseSpecificationImpl.groovy:261)
	at io.restassured.specification.ResponseSpecification$body$1.callCurrent(Unknown Source)
	at io.restassured.internal.ResponseSpecificationImpl.body(ResponseSpecificationImpl.groovy:108)
	at io.restassured.internal.ValidatableResponseOptionsImpl.body(ValidatableResponseOptionsImpl.java:244)
	at io.restassured.internal.ValidatableResponseImpl.super$2$body(ValidatableResponseImpl.groovy)
	at groovy.lang.MetaMethod.doMethodInvoke(MetaMethod.java:323)
	at groovy.lang.MetaClassImpl.invokeMethod(MetaClassImpl.java:1268)
	at org.codehaus.groovy.runtime.ScriptBytecodeAdapter.invokeMethodOnSuperN(ScriptBytecodeAdapter.java:144)
	at io.restassured.internal.ValidatableResponseImpl.body(ValidatableResponseImpl.groovy:298)
	at io.restassured.internal.ValidatableResponseImpl.body(ValidatableResponseImpl.groovy)
	at testCases.Rest1Test.test_all_rest(Rest1Test.java:84)
... Removed 43 stack frames
</div> <!-- stack-trace -->
                </div> <!-- method-content -->
              </div> <!-- method -->
              <div class="method">
                <div class="method-content">
                  <a name="test_all_rest(Ahmed 4)">
                  </a> <!-- test_all_rest(Ahmed 4) -->
                  <span class="method-name">test_all_rest</span>
                  <span class="parameters">(Ahmed 4)</span>
                  <div class="stack-trace">java.lang.AssertionError: 1 expectation failed.
JSON path data[3].&apos;email&apos; doesn&apos;t match.
Expected: Ahmed 4
  Actual: byron.fields@reqres.in

	at org.codehaus.groovy.runtime.callsite.ConstructorSite$ConstructorSiteNoUnwrapNoCoerce.callConstructor(ConstructorSite.java:105)
	at org.codehaus.groovy.runtime.callsite.AbstractCallSite.callConstructor(AbstractCallSite.java:277)
	at io.restassured.internal.ResponseSpecificationImpl$HamcrestAssertionClosure.validate(ResponseSpecificationImpl.groovy:493)
	at io.restassured.internal.ResponseSpecificationImpl$HamcrestAssertionClosure$validate$1.call(Unknown Source)
	at io.restassured.internal.ResponseSpecificationImpl.validateResponseIfRequired(ResponseSpecificationImpl.groovy:674)
	at org.codehaus.groovy.runtime.callsite.PlainObjectMetaMethodSite.doInvoke(PlainObjectMetaMethodSite.java:43)
	at org.codehaus.groovy.runtime.callsite.PogoMetaMethodSite$PogoCachedMethodSiteNoUnwrapNoCoerce.invoke(PogoMetaMethodSite.java:193)
	at org.codehaus.groovy.runtime.callsite.PogoMetaMethodSite.callCurrent(PogoMetaMethodSite.java:61)
	at org.codehaus.groovy.runtime.callsite.AbstractCallSite.callCurrent(AbstractCallSite.java:185)
	at io.restassured.internal.ResponseSpecificationImpl.body(ResponseSpecificationImpl.groovy:261)
	at io.restassured.specification.ResponseSpecification$body$1.callCurrent(Unknown Source)
	at io.restassured.internal.ResponseSpecificationImpl.body(ResponseSpecificationImpl.groovy:108)
	at io.restassured.internal.ValidatableResponseOptionsImpl.body(ValidatableResponseOptionsImpl.java:244)
	at io.restassured.internal.ValidatableResponseImpl.super$2$body(ValidatableResponseImpl.groovy)
	at groovy.lang.MetaMethod.doMethodInvoke(MetaMethod.java:323)
	at groovy.lang.MetaClassImpl.invokeMethod(MetaClassImpl.java:1268)
	at org.codehaus.groovy.runtime.ScriptBytecodeAdapter.invokeMethodOnSuperN(ScriptBytecodeAdapter.java:144)
	at io.restassured.internal.ValidatableResponseImpl.body(ValidatableResponseImpl.groovy:298)
	at io.restassured.internal.ValidatableResponseImpl.body(ValidatableResponseImpl.groovy)
	at testCases.Rest1Test.test_all_rest(Rest1Test.java:84)
... Removed 43 stack frames
</div> <!-- stack-trace -->
                </div> <!-- method-content -->
              </div> <!-- method -->
              <div class="method">
                <div class="method-content">
                  <a name="test_all_rest(Ahmed 1)">
                  </a> <!-- test_all_rest(Ahmed 1) -->
                  <span class="method-name">test_all_rest</span>
                  <span class="parameters">(Ahmed 1)</span>
                  <div class="stack-trace">java.lang.AssertionError: 1 expectation failed.
JSON path data[3].&apos;email&apos; doesn&apos;t match.
Expected: Ahmed 1
  Actual: byron.fields@reqres.in

	at org.codehaus.groovy.runtime.callsite.ConstructorSite$ConstructorSiteNoUnwrapNoCoerce.callConstructor(ConstructorSite.java:105)
	at org.codehaus.groovy.runtime.callsite.AbstractCallSite.callConstructor(AbstractCallSite.java:277)
	at io.restassured.internal.ResponseSpecificationImpl$HamcrestAssertionClosure.validate(ResponseSpecificationImpl.groovy:493)
	at io.restassured.internal.ResponseSpecificationImpl$HamcrestAssertionClosure$validate$1.call(Unknown Source)
	at io.restassured.internal.ResponseSpecificationImpl.validateResponseIfRequired(ResponseSpecificationImpl.groovy:674)
	at org.codehaus.groovy.runtime.callsite.PlainObjectMetaMethodSite.doInvoke(PlainObjectMetaMethodSite.java:43)
	at org.codehaus.groovy.runtime.callsite.PogoMetaMethodSite$PogoCachedMethodSiteNoUnwrapNoCoerce.invoke(PogoMetaMethodSite.java:193)
	at org.codehaus.groovy.runtime.callsite.PogoMetaMethodSite.callCurrent(PogoMetaMethodSite.java:61)
	at org.codehaus.groovy.runtime.callsite.AbstractCallSite.callCurrent(AbstractCallSite.java:185)
	at io.restassured.internal.ResponseSpecificationImpl.body(ResponseSpecificationImpl.groovy:261)
	at io.restassured.specification.ResponseSpecification$body$1.callCurrent(Unknown Source)
	at io.restassured.internal.ResponseSpecificationImpl.body(ResponseSpecificationImpl.groovy:108)
	at io.restassured.internal.ValidatableResponseOptionsImpl.body(ValidatableResponseOptionsImpl.java:244)
	at io.restassured.internal.ValidatableResponseImpl.super$2$body(ValidatableResponseImpl.groovy)
	at groovy.lang.MetaMethod.doMethodInvoke(MetaMethod.java:323)
	at groovy.lang.MetaClassImpl.invokeMethod(MetaClassImpl.java:1268)
	at org.codehaus.groovy.runtime.ScriptBytecodeAdapter.invokeMethodOnSuperN(ScriptBytecodeAdapter.java:144)
	at io.restassured.internal.ValidatableResponseImpl.body(ValidatableResponseImpl.groovy:298)
	at io.restassured.internal.ValidatableResponseImpl.body(ValidatableResponseImpl.groovy)
	at testCases.Rest1Test.test_all_rest(Rest1Test.java:84)
... Removed 43 stack frames
</div> <!-- stack-trace -->
                </div> <!-- method-content -->
              </div> <!-- method -->
            </div> <!-- main-panel-content rounded-window-bottom -->
          </div> <!-- suite-Suite-class-failed -->
          <div class="suite-Suite-class-passed">
            <div class="main-panel-header rounded-window-top">
              <img src="passed.png"/>
              <span class="class-name">testCases.Rest1Test</span>
            </div> <!-- main-panel-header rounded-window-top -->
            <div class="main-panel-content rounded-window-bottom">
              <div class="method">
                <div class="method-content">
                  <a name="check_Datajson">
                  </a> <!-- check_Datajson -->
                  <span class="method-name">check_Datajson</span>
                </div> <!-- method-content -->
              </div> <!-- method -->
              <div class="method">
                <div class="method-content">
                  <a name="check_data2">
                  </a> <!-- check_data2 -->
                  <span class="method-name">check_data2</span>
                </div> <!-- method-content -->
              </div> <!-- method -->
              <div class="method">
                <div class="method-content">
                  <a name="getPageData">
                  </a> <!-- getPageData -->
                  <span class="method-name">getPageData</span>
                </div> <!-- method-content -->
              </div> <!-- method -->
              <div class="method">
                <div class="method-content">
                  <a name="getTitle">
                  </a> <!-- getTitle -->
                  <span class="method-name">getTitle</span>
                </div> <!-- method-content -->
              </div> <!-- method -->
              <div class="method">
                <div class="method-content">
                  <a name="getURL">
                  </a> <!-- getURL -->
                  <span class="method-name">getURL</span>
                </div> <!-- method-content -->
              </div> <!-- method -->
              <div class="method">
                <div class="method-content">
                  <a name="restTest2Statuscode">
                  </a> <!-- restTest2Statuscode -->
                  <span class="method-name">restTest2Statuscode</span>
                </div> <!-- method-content -->
              </div> <!-- method -->
              <div class="method">
                <div class="method-content">
                  <a name="test_all_rest(byron.fields@reqres.in)">
                  </a> <!-- test_all_rest(byron.fields@reqres.in) -->
                  <span class="method-name">test_all_rest</span>
                  <span class="parameters">(byron.fields@reqres.in)</span>
                </div> <!-- method-content -->
              </div> <!-- method -->
            </div> <!-- main-panel-content rounded-window-bottom -->
          </div> <!-- suite-Suite-class-passed -->
          <div class="suite-Suite-class-passed">
            <div class="main-panel-header rounded-window-top">
              <img src="passed.png"/>
              <span class="class-name">testCases.LoginTest</span>
            </div> <!-- main-panel-header rounded-window-top -->
            <div class="main-panel-content rounded-window-bottom">
              <div class="method">
                <div class="method-content">
                  <a name="get_Title">
                  </a> <!-- get_Title -->
                  <span class="method-name">get_Title</span>
                </div> <!-- method-content -->
              </div> <!-- method -->
              <div class="method">
                <div class="method-content">
                  <a name="get_Url">
                  </a> <!-- get_Url -->
                  <span class="method-name">get_Url</span>
                </div> <!-- method-content -->
              </div> <!-- method -->
            </div> <!-- main-panel-content rounded-window-bottom -->
          </div> <!-- suite-Suite-class-passed -->
        </div> <!-- panel Suite -->
        <div panel-name="test-xml-Suite" class="panel">
          <div class="main-panel-header rounded-window-top">
            <span class="header-content">C:\Users\ahmed.abdelstar\eclipse-workspace\RestAssured3\testng.xml</span>
          </div> <!-- main-panel-header rounded-window-top -->
          <div class="main-panel-content rounded-window-bottom">
            <pre>
&lt;?xml version=&quot;1.0&quot; encoding=&quot;UTF-8&quot;?&gt;
&lt;!DOCTYPE suite SYSTEM &quot;http://testng.org/testng-1.0.dtd&quot;&gt;
&lt;suite parallel=&quot;none&quot; name=&quot;Suite&quot; verbose=&quot;0&quot;&gt;
  &lt;listeners&gt;
    &lt;listener class-name=&quot;listeners.ITListener&quot;/&gt;
  &lt;/listeners&gt;
  &lt;test thread-count=&quot;5&quot; name=&quot;Test&quot;&gt;
    &lt;parameter name=&quot;browser&quot; value=&quot;chrome&quot;/&gt;
    &lt;classes&gt;
      &lt;class name=&quot;testCases.Extent&quot;/&gt;
      &lt;class name=&quot;testCases.LoginTest&quot;/&gt;
      &lt;class name=&quot;testCases.Rest1Test&quot;/&gt;
    &lt;/classes&gt;
  &lt;/test&gt; &lt;!-- Test --&gt;
&lt;/suite&gt; &lt;!-- Suite --&gt;
            </pre>
          </div> <!-- main-panel-content rounded-window-bottom -->
        </div> <!-- panel -->
        <div panel-name="testlist-Suite" class="panel">
          <div class="main-panel-header rounded-window-top">
            <span class="header-content">Tests for Suite</span>
          </div> <!-- main-panel-header rounded-window-top -->
          <div class="main-panel-content rounded-window-bottom">
            <ul>
              <li>
                <span class="test-name">Test (3 classes)</span>
              </li>
            </ul>
          </div> <!-- main-panel-content rounded-window-bottom -->
        </div> <!-- panel -->
        <div panel-name="group-Suite" class="panel">
          <div class="main-panel-header rounded-window-top">
            <span class="header-content">Groups for Suite</span>
          </div> <!-- main-panel-header rounded-window-top -->
          <div class="main-panel-content rounded-window-bottom">
          </div> <!-- main-panel-content rounded-window-bottom -->
        </div> <!-- panel -->
        <div panel-name="times-Suite" class="panel">
          <div class="main-panel-header rounded-window-top">
            <span class="header-content">Times for Suite</span>
          </div> <!-- main-panel-header rounded-window-top -->
          <div class="main-panel-content rounded-window-bottom">
            <div class="times-div">
              <script type="text/javascript">
suiteTableInitFunctions.push('tableData_Suite');
function tableData_Suite() {
var data = new google.visualization.DataTable();
data.addColumn('number', 'Number');
data.addColumn('string', 'Method');
data.addColumn('string', 'Class');
data.addColumn('number', 'Time (ms)');
data.addRows(14);
data.setCell(0, 0, 0)
data.setCell(0, 1, 'get_Url')
data.setCell(0, 2, 'testCases.LoginTest')
data.setCell(0, 3, 3696);
data.setCell(1, 0, 1)
data.setCell(1, 1, 'get_Title')
data.setCell(1, 2, 'testCases.LoginTest')
data.setCell(1, 3, 3478);
data.setCell(2, 0, 2)
data.setCell(2, 1, 'check_Datajson')
data.setCell(2, 2, 'testCases.Rest1Test')
data.setCell(2, 3, 1577);
data.setCell(3, 0, 3)
data.setCell(3, 1, 'check_data2')
data.setCell(3, 2, 'testCases.Rest1Test')
data.setCell(3, 3, 755);
data.setCell(4, 0, 4)
data.setCell(4, 1, 'check_Status')
data.setCell(4, 2, 'testCases.Rest1Test')
data.setCell(4, 3, 345);
data.setCell(5, 0, 5)
data.setCell(5, 1, 'getURL')
data.setCell(5, 2, 'testCases.Rest1Test')
data.setCell(5, 3, 318);
data.setCell(6, 0, 6)
data.setCell(6, 1, 'getTitle')
data.setCell(6, 2, 'testCases.Rest1Test')
data.setCell(6, 3, 291);
data.setCell(7, 0, 7)
data.setCell(7, 1, 'test_all_rest')
data.setCell(7, 2, 'testCases.Rest1Test')
data.setCell(7, 3, 277);
data.setCell(8, 0, 8)
data.setCell(8, 1, 'test_all_rest')
data.setCell(8, 2, 'testCases.Rest1Test')
data.setCell(8, 3, 263);
data.setCell(9, 0, 9)
data.setCell(9, 1, 'test_all_rest')
data.setCell(9, 2, 'testCases.Rest1Test')
data.setCell(9, 3, 260);
data.setCell(10, 0, 10)
data.setCell(10, 1, 'test_all_rest')
data.setCell(10, 2, 'testCases.Rest1Test')
data.setCell(10, 3, 259);
data.setCell(11, 0, 11)
data.setCell(11, 1, 'restTest2Statuscode')
data.setCell(11, 2, 'testCases.Rest1Test')
data.setCell(11, 3, 258);
data.setCell(12, 0, 12)
data.setCell(12, 1, 'test_all_rest')
data.setCell(12, 2, 'testCases.Rest1Test')
data.setCell(12, 3, 256);
data.setCell(13, 0, 13)
data.setCell(13, 1, 'getPageData')
data.setCell(13, 2, 'testCases.Rest1Test')
data.setCell(13, 3, 250);
window.suiteTableData['Suite']= { tableData: data, tableDiv: 'times-div-Suite'}
return data;
}
              </script>
              <span class="suite-total-time">Total running time: 12 seconds</span>
              <div id="times-div-Suite">
              </div> <!-- times-div-Suite -->
            </div> <!-- times-div -->
          </div> <!-- main-panel-content rounded-window-bottom -->
        </div> <!-- panel -->
        <div panel-name="reporter-Suite" class="panel">
          <div class="main-panel-header rounded-window-top">
            <span class="header-content">Reporter output for Suite</span>
          </div> <!-- main-panel-header rounded-window-top -->
          <div class="main-panel-content rounded-window-bottom">
          </div> <!-- main-panel-content rounded-window-bottom -->
        </div> <!-- panel -->
        <div panel-name="ignored-methods-Suite" class="panel">
          <div class="main-panel-header rounded-window-top">
            <span class="header-content">0 ignored methods</span>
          </div> <!-- main-panel-header rounded-window-top -->
          <div class="main-panel-content rounded-window-bottom">
          </div> <!-- main-panel-content rounded-window-bottom -->
        </div> <!-- panel -->
        <div panel-name="chronological-Suite" class="panel">
          <div class="main-panel-header rounded-window-top">
            <span class="header-content">Methods in chronological order</span>
          </div> <!-- main-panel-header rounded-window-top -->
          <div class="main-panel-content rounded-window-bottom">
            <div class="chronological-class">
              <div class="chronological-class-name">testCases.Extent</div> <!-- chronological-class-name -->
              <div class="configuration-suite before">
                <span class="method-name">ExtentsRep</span>
                <span class="method-start">0 ms</span>
              </div> <!-- configuration-suite before -->
            </div> <!-- chronological-class -->
            <div class="chronological-class">
              <div class="chronological-class-name">testCases.LoginTest</div> <!-- chronological-class-name -->
              <div class="configuration-method before">
                <span class="method-name">before_Method(public void testCases.LoginTest.get_Title() throws java.io.IOException, chrome)</span>
                <span class="method-start">116 ms</span>
              </div> <!-- configuration-method before -->
              <div class="test-method">
                <span class="method-name">get_Title</span>
                <span class="method-start">2982 ms</span>
              </div> <!-- test-method -->
              <div class="configuration-method after">
                <span class="method-name">after_Method(public void testCases.LoginTest.get_Title() throws java.io.IOException, [TestResult name=get_Title s...)</span>
                <span class="method-start">6460 ms</span>
              </div> <!-- configuration-method after -->
              <div class="configuration-method before">
                <span class="method-name">before_Method(public void testCases.LoginTest.get_Url(), chrome)</span>
                <span class="method-start">8800 ms</span>
              </div> <!-- configuration-method before -->
              <div class="test-method">
                <span class="method-name">get_Url</span>
                <span class="method-start">11410 ms</span>
              </div> <!-- test-method -->
              <div class="configuration-method after">
                <span class="method-name">after_Method(public void testCases.LoginTest.get_Url(), [TestResult name=get_Url status=SUCCESS method=LoginTest....)</span>
                <span class="method-start">15106 ms</span>
              </div> <!-- configuration-method after -->
            </div> <!-- chronological-class -->
            <div class="chronological-class">
              <div class="chronological-class-name">testCases.Rest1Test</div> <!-- chronological-class-name -->
              <div class="configuration-method before">
                <span class="method-name">before_Method(public void testCases.Rest1Test.check_Datajson(), chrome)</span>
                <span class="method-start">17625 ms</span>
              </div> <!-- configuration-method before -->
              <div class="test-method">
                <span class="method-name">check_Datajson</span>
                <span class="method-start">20236 ms</span>
              </div> <!-- test-method -->
              <div class="configuration-method after">
                <span class="method-name">after_Method(public void testCases.Rest1Test.check_Datajson(), [TestResult name=check_Datajson status=SUCCESS met...)</span>
                <span class="method-start">21813 ms</span>
              </div> <!-- configuration-method after -->
              <div class="configuration-method before">
                <span class="method-name">before_Method(public void testCases.Rest1Test.check_Status(), chrome)</span>
                <span class="method-start">21973 ms</span>
              </div> <!-- configuration-method before -->
              <div class="test-method">
                <img src="failed.png">
                </img>
                <span class="method-name">check_Status</span>
                <span class="method-start">24572 ms</span>
              </div> <!-- test-method -->
              <div class="configuration-method after">
                <span class="method-name">after_Method(public void testCases.Rest1Test.check_Status(), [TestResult name=check_Status status=FAILURE method=...)</span>
                <span class="method-start">24921 ms</span>
              </div> <!-- configuration-method after -->
              <div class="configuration-method before">
                <span class="method-name">before_Method(public void testCases.Rest1Test.check_data2(), chrome)</span>
                <span class="method-start">25049 ms</span>
              </div> <!-- configuration-method before -->
              <div class="test-method">
                <span class="method-name">check_data2</span>
                <span class="method-start">27699 ms</span>
              </div> <!-- test-method -->
              <div class="configuration-method after">
                <span class="method-name">after_Method(public void testCases.Rest1Test.check_data2(), [TestResult name=check_data2 status=SUCCESS method=Re...)</span>
                <span class="method-start">28455 ms</span>
              </div> <!-- configuration-method after -->
              <div class="configuration-method before">
                <span class="method-name">before_Method(public void testCases.Rest1Test.getPageData(), chrome)</span>
                <span class="method-start">28638 ms</span>
              </div> <!-- configuration-method before -->
              <div class="test-method">
                <span class="method-name">getPageData</span>
                <span class="method-start">31241 ms</span>
              </div> <!-- test-method -->
              <div class="configuration-method after">
                <span class="method-name">after_Method(public void testCases.Rest1Test.getPageData(), [TestResult name=getPageData status=SUCCESS method=Re...)</span>
                <span class="method-start">31491 ms</span>
              </div> <!-- configuration-method after -->
              <div class="configuration-method before">
                <span class="method-name">before_Method(public void testCases.Rest1Test.getTitle() throws java.io.IOException, chrome)</span>
                <span class="method-start">31624 ms</span>
              </div> <!-- configuration-method before -->
              <div class="test-method">
                <span class="method-name">getTitle</span>
                <span class="method-start">34243 ms</span>
              </div> <!-- test-method -->
              <div class="configuration-method after">
                <span class="method-name">after_Method(public void testCases.Rest1Test.getTitle() throws java.io.IOException, [TestResult name=getTitle sta...)</span>
                <span class="method-start">34534 ms</span>
              </div> <!-- configuration-method after -->
              <div class="configuration-method before">
                <span class="method-name">before_Method(public void testCases.Rest1Test.getURL(), chrome)</span>
                <span class="method-start">34687 ms</span>
              </div> <!-- configuration-method before -->
              <div class="test-method">
                <span class="method-name">getURL</span>
                <span class="method-start">37317 ms</span>
              </div> <!-- test-method -->
              <div class="configuration-method after">
                <span class="method-name">after_Method(public void testCases.Rest1Test.getURL(), [TestResult name=getURL status=SUCCESS method=Rest1Test.ge...)</span>
                <span class="method-start">37635 ms</span>
              </div> <!-- configuration-method after -->
              <div class="configuration-method before">
                <span class="method-name">before_Method(public void testCases.Rest1Test.restTest2Statuscode(), chrome)</span>
                <span class="method-start">37794 ms</span>
              </div> <!-- configuration-method before -->
              <div class="test-method">
                <span class="method-name">restTest2Statuscode</span>
                <span class="method-start">40463 ms</span>
              </div> <!-- test-method -->
              <div class="configuration-method after">
                <span class="method-name">after_Method(public void testCases.Rest1Test.restTest2Statuscode(), [TestResult name=restTest2Statuscode status=S...)</span>
                <span class="method-start">40721 ms</span>
              </div> <!-- configuration-method after -->
              <div class="configuration-method before">
                <span class="method-name">before_Method(public void testCases.Rest1Test.test_all_rest(java.lang.String), chrome)</span>
                <span class="method-start">41238 ms</span>
              </div> <!-- configuration-method before -->
              <div class="test-method">
                <span class="method-name">test_all_rest(byron.fields@reqres.in)</span>
                <span class="method-start">43909 ms</span>
              </div> <!-- test-method -->
              <div class="configuration-method after">
                <span class="method-name">after_Method(public void testCases.Rest1Test.test_all_rest(java.lang.String), [TestResult name=test_all_rest stat...)</span>
                <span class="method-start">44168 ms</span>
              </div> <!-- configuration-method after -->
              <div class="configuration-method before">
                <span class="method-name">before_Method(public void testCases.Rest1Test.test_all_rest(java.lang.String), chrome)</span>
                <span class="method-start">44321 ms</span>
              </div> <!-- configuration-method before -->
              <div class="test-method">
                <img src="failed.png">
                </img>
                <span class="method-name">test_all_rest(Ahmed 1)</span>
                <span class="method-start">47005 ms</span>
              </div> <!-- test-method -->
              <div class="configuration-method after">
                <span class="method-name">after_Method(public void testCases.Rest1Test.test_all_rest(java.lang.String), [TestResult name=test_all_rest stat...)</span>
                <span class="method-start">47268 ms</span>
              </div> <!-- configuration-method after -->
              <div class="configuration-method before">
                <span class="method-name">before_Method(public void testCases.Rest1Test.test_all_rest(java.lang.String), chrome)</span>
                <span class="method-start">47404 ms</span>
              </div> <!-- configuration-method before -->
              <div class="test-method">
                <img src="failed.png">
                </img>
                <span class="method-name">test_all_rest(Ahmed 2)</span>
                <span class="method-start">50005 ms</span>
              </div> <!-- test-method -->
              <div class="configuration-method after">
                <span class="method-name">after_Method(public void testCases.Rest1Test.test_all_rest(java.lang.String), [TestResult name=test_all_rest stat...)</span>
                <span class="method-start">50282 ms</span>
              </div> <!-- configuration-method after -->
              <div class="configuration-method before">
                <span class="method-name">before_Method(public void testCases.Rest1Test.test_all_rest(java.lang.String), chrome)</span>
                <span class="method-start">50430 ms</span>
              </div> <!-- configuration-method before -->
              <div class="test-method">
                <img src="failed.png">
                </img>
                <span class="method-name">test_all_rest(Ahmed 3)</span>
                <span class="method-start">53070 ms</span>
              </div> <!-- test-method -->
              <div class="configuration-method after">
                <span class="method-name">after_Method(public void testCases.Rest1Test.test_all_rest(java.lang.String), [TestResult name=test_all_rest stat...)</span>
                <span class="method-start">53326 ms</span>
              </div> <!-- configuration-method after -->
              <div class="configuration-method before">
                <span class="method-name">before_Method(public void testCases.Rest1Test.test_all_rest(java.lang.String), chrome)</span>
                <span class="method-start">53484 ms</span>
              </div> <!-- configuration-method before -->
              <div class="test-method">
                <img src="failed.png">
                </img>
                <span class="method-name">test_all_rest(Ahmed 4)</span>
                <span class="method-start">56102 ms</span>
              </div> <!-- test-method -->
              <div class="configuration-method after">
                <span class="method-name">after_Method(public void testCases.Rest1Test.test_all_rest(java.lang.String), [TestResult name=test_all_rest stat...)</span>
                <span class="method-start">56362 ms</span>
              </div> <!-- configuration-method after -->
            </div> <!-- chronological-class -->
            <div class="chronological-class">
              <div class="chronological-class-name">testCases.Extent</div> <!-- chronological-class-name -->
              <div class="configuration-suite after">
                <span class="method-name">after_Suite</span>
                <span class="method-start">56536 ms</span>
              </div> <!-- configuration-suite after -->
          </div> <!-- main-panel-content rounded-window-bottom -->
        </div> <!-- panel -->
      </div> <!-- main-panel-root -->
    </div> <!-- wrapper -->
  </body>
</html>
