<html>
<head>
<title>TestNG:  Surefire test</title>
<link href="../testng.css" rel="stylesheet" type="text/css" />
<link href="../my-testng.css" rel="stylesheet" type="text/css" />

<style type="text/css">
.log { display: none;} 
.stack-trace { display: none;} 
</style>
<script type="text/javascript">
<!--
function flip(e) {
  current = e.style.display;
  if (current == 'block') {
    e.style.display = 'none';
    return 0;
  }
  else {
    e.style.display = 'block';
    return 1;
  }
}

function toggleBox(szDivId, elem, msg1, msg2)
{
  var res = -1;  if (document.getElementById) {
    res = flip(document.getElementById(szDivId));
  }
  else if (document.all) {
    // this is the way old msie versions work
    res = flip(document.all[szDivId]);
  }
  if(elem) {
    if(res == 0) elem.innerHTML = msg1; else elem.innerHTML = msg2;
  }

}

function toggleAllBoxes() {
  if (document.getElementsByTagName) {
    d = document.getElementsByTagName('div');
    for (i = 0; i < d.length; i++) {
      if (d[i].className == 'log') {
        flip(d[i]);
      }
    }
  }
}

// -->
</script>

</head>
<body>
<h2 align='center'>Surefire test</h2><table border='1' align="center">
<tr>
<td>Tests passed/Failed/Skipped:</td><td>0/0/9</td>
</tr><tr>
<td>Started on:</td><td>Wed Jan 12 17:17:22 EET 2022</td>
</tr>
<tr><td>Total time:</td><td>0 seconds (29 ms)</td>
</tr><tr>
<td>Included groups:</td><td></td>
</tr><tr>
<td>Excluded groups:</td><td></td>
</tr>
</table><p/>
<small><i>(Hover the method name to see the test class name)</i></small><p/>
<table width='100%' border='1' class='invocation-failed'>
<tr><td colspan='4' align='center'><b>FAILED CONFIGURATIONS</b></td></tr>
<tr><td><b>Test method</b></td>
<td width="30%"><b>Exception</b></td>
<td width="10%"><b>Time (seconds)</b></td>
<td><b>Instance</b></td>
</tr>
<tr>
<td title='adminTestCases.AddUserPageTest.before_Method()'><b>before_Method</b><br>Test class: adminTestCases.AddUserPageTest</td>
<td><div><pre>org.testng.TestNGException: 
Parameter &apos;browser&apos; is required by @Configuration on method before_Method but has not been marked @Optional or defined

... Removed 28 stack frames</pre></div><a href='#' onClick='toggleBox("stack-trace1564984895", this, "Click to show all stack frames", "Click to hide stack frames")'>Click to show all stack frames</a>
<div class='stack-trace' id='stack-trace1564984895'><pre>org.testng.TestNGException: 
Parameter &apos;browser&apos; is required by @Configuration on method before_Method but has not been marked @Optional or defined

	at org.testng.internal.Parameters.createParameters(Parameters.java:155)
	at org.testng.internal.Parameters.createParameters(Parameters.java:358)
	at org.testng.internal.Parameters.createConfigurationParameters(Parameters.java:86)
	at org.testng.internal.Invoker.invokeConfigurations(Invoker.java:199)
	at org.testng.internal.Invoker.invokeMethod(Invoker.java:653)
	at org.testng.internal.Invoker.invokeTestMethod(Invoker.java:901)
	at org.testng.internal.Invoker.invokeTestMethods(Invoker.java:1231)
	at org.testng.internal.TestMethodWorker.invokeTestMethods(TestMethodWorker.java:127)
	at org.testng.internal.TestMethodWorker.run(TestMethodWorker.java:111)
	at org.testng.TestRunner.privateRun(TestRunner.java:767)
	at org.testng.TestRunner.run(TestRunner.java:617)
	at org.testng.SuiteRunner.runTest(SuiteRunner.java:348)
	at org.testng.SuiteRunner.runSequentially(SuiteRunner.java:343)
	at org.testng.SuiteRunner.privateRun(SuiteRunner.java:305)
	at org.testng.SuiteRunner.run(SuiteRunner.java:254)
	at org.testng.SuiteRunnerWorker.runSuite(SuiteRunnerWorker.java:52)
	at org.testng.SuiteRunnerWorker.run(SuiteRunnerWorker.java:86)
	at org.testng.TestNG.runSuitesSequentially(TestNG.java:1224)
	at org.testng.TestNG.runSuitesLocally(TestNG.java:1149)
	at org.testng.TestNG.run(TestNG.java:1057)
	at org.apache.maven.surefire.testng.TestNGExecutor.run(TestNGExecutor.java:135)
	at org.apache.maven.surefire.testng.TestNGDirectoryTestSuite.executeMulti(TestNGDirectoryTestSuite.java:193)
	at org.apache.maven.surefire.testng.TestNGDirectoryTestSuite.execute(TestNGDirectoryTestSuite.java:94)
	at org.apache.maven.surefire.testng.TestNGProvider.invoke(TestNGProvider.java:146)
	at org.apache.maven.surefire.booter.ForkedBooter.invokeProviderInSameClassLoader(ForkedBooter.java:384)
	at org.apache.maven.surefire.booter.ForkedBooter.runSuitesInProcess(ForkedBooter.java:345)
	at org.apache.maven.surefire.booter.ForkedBooter.execute(ForkedBooter.java:126)
	at org.apache.maven.surefire.booter.ForkedBooter.main(ForkedBooter.java:418)
</pre></div></td>
<td>0</td>
<td>adminTestCases.AddUserPageTest@4e41089d</td></tr>
</table><p>
<table width='100%' border='1' class='invocation-skipped'>
<tr><td colspan='4' align='center'><b>SKIPPED CONFIGURATIONS</b></td></tr>
<tr><td><b>Test method</b></td>
<td width="30%"><b>Exception</b></td>
<td width="10%"><b>Time (seconds)</b></td>
<td><b>Instance</b></td>
</tr>
<tr>
<td title='adminTestCases.ChangeUserPasswordPageTest.before_Method()'><b>before_Method</b><br>Test class: adminTestCases.ChangeUserPasswordPageTest</td>
<td></td>
<td>0</td>
<td>adminTestCases.ChangeUserPasswordPageTest@3d3fcdb0</td></tr>
<tr>
<td title='adminTestCases.DeactivateUserPageTest.before_Method()'><b>before_Method</b><br>Test class: adminTestCases.DeactivateUserPageTest</td>
<td></td>
<td>0</td>
<td>adminTestCases.DeactivateUserPageTest@25359ed8</td></tr>
<tr>
<td title='adminTestCases.EditUserPageTest.before_Method()'><b>before_Method</b><br>Test class: adminTestCases.EditUserPageTest</td>
<td></td>
<td>0</td>
<td>adminTestCases.EditUserPageTest@37574691</td></tr>
<tr>
<td title='adminTestCases.HomePageTest.before_Method()'><b>before_Method</b><br>Test class: adminTestCases.HomePageTest</td>
<td></td>
<td>0</td>
<td>adminTestCases.HomePageTest@6e38921c</td></tr>
<tr>
<td title='adminTestCases.LoginPageTest.before_Method()'><b>before_Method</b><br>Test class: adminTestCases.LoginPageTest</td>
<td></td>
<td>0</td>
<td>adminTestCases.LoginPageTest@1372ed45</td></tr>
<tr>
<td title='adminTestCases.UserPermessionPageTest.before_Method()'><b>before_Method</b><br>Test class: adminTestCases.UserPermessionPageTest</td>
<td></td>
<td>0</td>
<td>adminTestCases.UserPermessionPageTest@6a79c292</td></tr>
<tr>
<td title='adminTestCases.UserTablePageTest.before_Method()'><b>before_Method</b><br>Test class: adminTestCases.UserTablePageTest</td>
<td></td>
<td>0</td>
<td>adminTestCases.UserTablePageTest@21a947fe</td></tr>
<tr>
<td title='adminTestCases.ViewUserDetailsPageTest.before_Method()'><b>before_Method</b><br>Test class: adminTestCases.ViewUserDetailsPageTest</td>
<td></td>
<td>0</td>
<td>adminTestCases.ViewUserDetailsPageTest@641147d0</td></tr>
<tr>
<td title='adminTestCases.AddUserPageTest.after_Method()'><b>after_Method</b><br>Test class: adminTestCases.AddUserPageTest</td>
<td></td>
<td>0</td>
<td>adminTestCases.AddUserPageTest@4e41089d</td></tr>
<tr>
<td title='adminTestCases.ChangeUserPasswordPageTest.after_Method()'><b>after_Method</b><br>Test class: adminTestCases.ChangeUserPasswordPageTest</td>
<td></td>
<td>0</td>
<td>adminTestCases.ChangeUserPasswordPageTest@3d3fcdb0</td></tr>
<tr>
<td title='adminTestCases.DeactivateUserPageTest.after_Method()'><b>after_Method</b><br>Test class: adminTestCases.DeactivateUserPageTest</td>
<td></td>
<td>0</td>
<td>adminTestCases.DeactivateUserPageTest@25359ed8</td></tr>
<tr>
<td title='adminTestCases.EditUserPageTest.after_Method()'><b>after_Method</b><br>Test class: adminTestCases.EditUserPageTest</td>
<td></td>
<td>0</td>
<td>adminTestCases.EditUserPageTest@37574691</td></tr>
<tr>
<td title='adminTestCases.HomePageTest.after_Method()'><b>after_Method</b><br>Test class: adminTestCases.HomePageTest</td>
<td></td>
<td>0</td>
<td>adminTestCases.HomePageTest@6e38921c</td></tr>
<tr>
<td title='adminTestCases.LoginPageTest.after_Method()'><b>after_Method</b><br>Test class: adminTestCases.LoginPageTest</td>
<td></td>
<td>0</td>
<td>adminTestCases.LoginPageTest@1372ed45</td></tr>
<tr>
<td title='adminTestCases.UserPermessionPageTest.after_Method()'><b>after_Method</b><br>Test class: adminTestCases.UserPermessionPageTest</td>
<td></td>
<td>0</td>
<td>adminTestCases.UserPermessionPageTest@6a79c292</td></tr>
<tr>
<td title='adminTestCases.UserTablePageTest.after_Method()'><b>after_Method</b><br>Test class: adminTestCases.UserTablePageTest</td>
<td></td>
<td>0</td>
<td>adminTestCases.UserTablePageTest@21a947fe</td></tr>
<tr>
<td title='adminTestCases.ViewUserDetailsPageTest.after_Method()'><b>after_Method</b><br>Test class: adminTestCases.ViewUserDetailsPageTest</td>
<td></td>
<td>0</td>
<td>adminTestCases.ViewUserDetailsPageTest@641147d0</td></tr>
</table><p>
<table width='100%' border='1' class='invocation-skipped'>
<tr><td colspan='4' align='center'><b>SKIPPED TESTS</b></td></tr>
<tr><td><b>Test method</b></td>
<td width="30%"><b>Exception</b></td>
<td width="10%"><b>Time (seconds)</b></td>
<td><b>Instance</b></td>
</tr>
<tr>
<td title='adminTestCases.LoginPageTest.test1()'><b>test1</b><br>Test class: adminTestCases.LoginPageTest<br>Parameters: public void adminTestCases.LoginPageTest.test1(java.lang.reflect.Method)</td>
<td></td>
<td>0</td>
<td>adminTestCases.LoginPageTest@1372ed45</td></tr>
<tr>
<td title='adminTestCases.AddUserPageTest.test2()'><b>test2</b><br>Test class: adminTestCases.AddUserPageTest<br>Parameters: public void adminTestCases.AddUserPageTest.test2(java.lang.reflect.Method)</td>
<td></td>
<td>0</td>
<td>adminTestCases.AddUserPageTest@4e41089d</td></tr>
<tr>
<td title='adminTestCases.ChangeUserPasswordPageTest.test3()'><b>test3</b><br>Test class: adminTestCases.ChangeUserPasswordPageTest<br>Parameters: public void adminTestCases.ChangeUserPasswordPageTest.test3(java.lang.reflect.Method)</td>
<td></td>
<td>0</td>
<td>adminTestCases.ChangeUserPasswordPageTest@3d3fcdb0</td></tr>
<tr>
<td title='adminTestCases.DeactivateUserPageTest.test4()'><b>test4</b><br>Test class: adminTestCases.DeactivateUserPageTest<br>Parameters: public void adminTestCases.DeactivateUserPageTest.test4(java.lang.reflect.Method)</td>
<td></td>
<td>0</td>
<td>adminTestCases.DeactivateUserPageTest@25359ed8</td></tr>
<tr>
<td title='adminTestCases.EditUserPageTest.test5()'><b>test5</b><br>Test class: adminTestCases.EditUserPageTest<br>Parameters: public void adminTestCases.EditUserPageTest.test5(java.lang.reflect.Method)</td>
<td></td>
<td>0</td>
<td>adminTestCases.EditUserPageTest@37574691</td></tr>
<tr>
<td title='adminTestCases.HomePageTest.test6()'><b>test6</b><br>Test class: adminTestCases.HomePageTest<br>Parameters: public void adminTestCases.HomePageTest.test6(java.lang.reflect.Method)</td>
<td></td>
<td>0</td>
<td>adminTestCases.HomePageTest@6e38921c</td></tr>
<tr>
<td title='adminTestCases.UserPermessionPageTest.test7()'><b>test7</b><br>Test class: adminTestCases.UserPermessionPageTest<br>Parameters: public void adminTestCases.UserPermessionPageTest.test7(java.lang.reflect.Method)</td>
<td></td>
<td>0</td>
<td>adminTestCases.UserPermessionPageTest@6a79c292</td></tr>
<tr>
<td title='adminTestCases.ViewUserDetailsPageTest.test8()'><b>test8</b><br>Test class: adminTestCases.ViewUserDetailsPageTest<br>Parameters: public void adminTestCases.ViewUserDetailsPageTest.test8(java.lang.reflect.Method)</td>
<td></td>
<td>0</td>
<td>adminTestCases.ViewUserDetailsPageTest@641147d0</td></tr>
<tr>
<td title='adminTestCases.UserTablePageTest.test9()'><b>test9</b><br>Test class: adminTestCases.UserTablePageTest<br>Parameters: public void adminTestCases.UserTablePageTest.test9(java.lang.reflect.Method)</td>
<td></td>
<td>0</td>
<td>adminTestCases.UserTablePageTest@21a947fe</td></tr>
</table><p>
</body>
</html>