<?xml version="1.0" encoding="UTF-8"?>
<!-- Generated by org.testng.reporters.JUnitXMLReporter -->
<testsuite hostname="A-ABDELSATAR" failures="0" tests="9" name="Surefire test" time="0.029" errors="0" timestamp="12 Jan 2022 15:17:22 GMT">
  <testcase classname="adminTestCases.AddUserPageTest" name="@BeforeMethod before_Method" time="0.0">
    <failure type="org.testng.TestNGException" message="
Parameter &amp;apos;browser&amp;apos; is required by @Configuration on method before_Method but has not been marked @Optional or defined
">
      <![CDATA[org.testng.TestNGException: 
Parameter 'browser' is required by @Configuration on method before_Method but has not been marked @Optional or defined

... Removed 28 stack frames]]>
    </failure>
  </testcase> <!-- @BeforeMethod before_Method -->
  <testcase classname="adminTestCases.AddUserPageTest" name="@AfterMethod after_Method" time="0.0">
    <skipped/>
  </testcase> <!-- @AfterMethod after_Method -->
  <testcase classname="adminTestCases.ChangeUserPasswordPageTest" name="@BeforeMethod before_Method" time="0.0">
    <skipped/>
  </testcase> <!-- @BeforeMethod before_Method -->
  <testcase classname="adminTestCases.ChangeUserPasswordPageTest" name="@AfterMethod after_Method" time="0.0">
    <skipped/>
  </testcase> <!-- @AfterMethod after_Method -->
  <testcase classname="adminTestCases.DeactivateUserPageTest" name="@BeforeMethod before_Method" time="0.0">
    <skipped/>
  </testcase> <!-- @BeforeMethod before_Method -->
  <testcase classname="adminTestCases.DeactivateUserPageTest" name="@AfterMethod after_Method" time="0.0">
    <skipped/>
  </testcase> <!-- @AfterMethod after_Method -->
  <testcase classname="adminTestCases.EditUserPageTest" name="@BeforeMethod before_Method" time="0.0">
    <skipped/>
  </testcase> <!-- @BeforeMethod before_Method -->
  <testcase classname="adminTestCases.EditUserPageTest" name="@AfterMethod after_Method" time="0.0">
    <skipped/>
  </testcase> <!-- @AfterMethod after_Method -->
  <testcase classname="adminTestCases.HomePageTest" name="@BeforeMethod before_Method" time="0.0">
    <skipped/>
  </testcase> <!-- @BeforeMethod before_Method -->
  <testcase classname="adminTestCases.HomePageTest" name="@AfterMethod after_Method" time="0.0">
    <skipped/>
  </testcase> <!-- @AfterMethod after_Method -->
  <testcase classname="adminTestCases.LoginPageTest" name="@BeforeMethod before_Method" time="0.0">
    <skipped/>
  </testcase> <!-- @BeforeMethod before_Method -->
  <testcase classname="adminTestCases.LoginPageTest" name="@AfterMethod after_Method" time="0.0">
    <skipped/>
  </testcase> <!-- @AfterMethod after_Method -->
  <testcase classname="adminTestCases.UserPermessionPageTest" name="@BeforeMethod before_Method" time="0.0">
    <skipped/>
  </testcase> <!-- @BeforeMethod before_Method -->
  <testcase classname="adminTestCases.UserPermessionPageTest" name="@AfterMethod after_Method" time="0.0">
    <skipped/>
  </testcase> <!-- @AfterMethod after_Method -->
  <testcase classname="adminTestCases.UserTablePageTest" name="@BeforeMethod before_Method" time="0.0">
    <skipped/>
  </testcase> <!-- @BeforeMethod before_Method -->
  <testcase classname="adminTestCases.UserTablePageTest" name="@AfterMethod after_Method" time="0.0">
    <skipped/>
  </testcase> <!-- @AfterMethod after_Method -->
  <testcase classname="adminTestCases.ViewUserDetailsPageTest" name="@BeforeMethod before_Method" time="0.0">
    <skipped/>
  </testcase> <!-- @BeforeMethod before_Method -->
  <testcase classname="adminTestCases.ViewUserDetailsPageTest" name="@AfterMethod after_Method" time="0.0">
    <skipped/>
  </testcase> <!-- @AfterMethod after_Method -->
  <testcase classname="adminTestCases.AddUserPageTest" name="test2" time="0.003">
    <skipped/>
  </testcase> <!-- test2 -->
  <testcase classname="adminTestCases.ChangeUserPasswordPageTest" name="test3" time="0.0">
    <skipped/>
  </testcase> <!-- test3 -->
  <testcase classname="adminTestCases.DeactivateUserPageTest" name="test4" time="0.0">
    <skipped/>
  </testcase> <!-- test4 -->
  <testcase classname="adminTestCases.EditUserPageTest" name="test5" time="0.0">
    <skipped/>
  </testcase> <!-- test5 -->
  <testcase classname="adminTestCases.HomePageTest" name="test6" time="0.0">
    <skipped/>
  </testcase> <!-- test6 -->
  <testcase classname="adminTestCases.LoginPageTest" name="test1" time="0.0">
    <skipped/>
  </testcase> <!-- test1 -->
  <testcase classname="adminTestCases.UserPermessionPageTest" name="test7" time="0.0">
    <skipped/>
  </testcase> <!-- test7 -->
  <testcase classname="adminTestCases.UserTablePageTest" name="test9" time="0.0">
    <skipped/>
  </testcase> <!-- test9 -->
  <testcase classname="adminTestCases.ViewUserDetailsPageTest" name="test8" time="0.0">
    <skipped/>
  </testcase> <!-- test8 -->
</testsuite> <!-- Surefire test -->
