<?xml version="1.0" encoding="UTF-8"?>
<!-- Generated by org.testng.reporters.JUnitXMLReporter -->
<testsuite ignored="1" hostname="A-ABDELSATAR" failures="0" tests="3" name="Test" time="0.094" errors="0" timestamp="2022-05-24T16:19:40 EET">
  <testcase classname="baseSetup.Config_Setup" name="@BeforeMethod Setup" time="0.044">
    <failure type="java.lang.IllegalStateException" message="The driver executable does not exist: D:\Ahmed\istqb\Selenium Course\chromedriver_path\chromedriver_win32 (2)\chromedriver.exe">
      <![CDATA[java.lang.IllegalStateException: The driver executable does not exist: D:\Ahmed\istqb\Selenium Course\chromedriver_path\chromedriver_win32 (2)\chromedriver.exe
at com.google.common.base.Preconditions.checkState(Preconditions.java:585)
at org.openqa.selenium.remote.service.DriverService.checkExecutable(DriverService.java:137)
at org.openqa.selenium.remote.service.DriverService.findExecutable(DriverService.java:132)
at org.openqa.selenium.chrome.ChromeDriverService.access$000(ChromeDriverService.java:35)
at org.openqa.selenium.chrome.ChromeDriverService$Builder.findDefaultExecutable(ChromeDriverService.java:156)
at org.openqa.selenium.remote.service.DriverService$Builder.build(DriverService.java:346)
at org.openqa.selenium.chrome.ChromeDriverService.createDefaultService(ChromeDriverService.java:91)
at org.openqa.selenium.chrome.ChromeDriver.<init>(ChromeDriver.java:157)
at baseSetup.Config_Setup.Setup(Config_Setup.java:59)
at java.base/java.util.ArrayList.forEach(ArrayList.java:1511)
... Removed 31 stack frames]]>
    </failure>
  </testcase> <!-- @BeforeMethod Setup -->
  <testcase classname="baseSetup.Config_Setup" name="@AfterMethod after_Method" time="-1.65340198041E9">
    <skipped/>
  </testcase> <!-- @AfterMethod after_Method -->
  <testcase classname="baseSetup.Config_Setup" name="@BeforeMethod Setup" time="-1.653401980411E9">
    <skipped/>
  </testcase> <!-- @BeforeMethod Setup -->
  <testcase classname="baseSetup.Config_Setup" name="@AfterMethod after_Method" time="-1.653401980415E9">
    <skipped/>
  </testcase> <!-- @AfterMethod after_Method -->
  <testcase classname="baseSetup.Config_Setup" name="@BeforeMethod Setup" time="0.006">
    <failure type="java.lang.IllegalStateException" message="The driver executable does not exist: D:\Ahmed\istqb\Selenium Course\chromedriver_path\chromedriver_win32 (2)\chromedriver.exe">
      <![CDATA[java.lang.IllegalStateException: The driver executable does not exist: D:\Ahmed\istqb\Selenium Course\chromedriver_path\chromedriver_win32 (2)\chromedriver.exe
at com.google.common.base.Preconditions.checkState(Preconditions.java:585)
at org.openqa.selenium.remote.service.DriverService.checkExecutable(DriverService.java:137)
at org.openqa.selenium.remote.service.DriverService.findExecutable(DriverService.java:132)
at org.openqa.selenium.chrome.ChromeDriverService.access$000(ChromeDriverService.java:35)
at org.openqa.selenium.chrome.ChromeDriverService$Builder.findDefaultExecutable(ChromeDriverService.java:156)
at org.openqa.selenium.remote.service.DriverService$Builder.build(DriverService.java:346)
at org.openqa.selenium.chrome.ChromeDriverService.createDefaultService(ChromeDriverService.java:91)
at org.openqa.selenium.chrome.ChromeDriver.<init>(ChromeDriver.java:157)
at baseSetup.Config_Setup.Setup(Config_Setup.java:59)
at java.base/java.util.ArrayList.forEach(ArrayList.java:1511)
... Removed 31 stack frames]]>
    </failure>
  </testcase> <!-- @BeforeMethod Setup -->
  <testcase classname="baseSetup.Config_Setup" name="@AfterMethod after_Method" time="-1.653401980428E9">
    <skipped/>
  </testcase> <!-- @AfterMethod after_Method -->
  <testcase classname="testCases.LoginPageTest" name="Test1" time="0.0">
    <skipped/>
  </testcase> <!-- Test1 -->
  <testcase classname="testCases.LoginPageTest" name="Test2" time="0.0">
    <skipped/>
  </testcase> <!-- Test2 -->
  <testcase classname="testCases.HomePageTest" name="test_homePage4" time="0.0">
    <skipped/>
  </testcase> <!-- test_homePage4 -->
  <testcase classname="testCases.LoginPageTest" name="Test3" time="0.0">
    <ignored/>
  </testcase> <!-- Test3 -->
</testsuite> <!-- Test -->
