{"uuid":"f8ade7f2-3958-47b0-b0b1-70f2d881e9f6","historyId":"24d3d041a70a23205089b620360c8242","fullName":"testCases.LoginTest.initialBrowser","labels":[{"name":"package","value":"testCases.LoginTest"},{"name":"testClass","value":"testCases.LoginTest"},{"name":"testMethod","value":"initialBrowser"},{"name":"parentSuite","value":"SHAFT: Custom Suite"},{"name":"suite","value":"SHAFT: Custom Test"},{"name":"subSuite","value":"testCases.LoginTest"},{"name":"host","value":"A-ABDELSATAR"},{"name":"thread","value":"16364@A-ABDELSATAR.main(1)"},{"name":"framework","value":"testng"},{"name":"language","value":"java"}],"links":[],"name":"initialBrowser","status":"failed","statusDetails":{"known":false,"muted":false,"flaky":false,"message":"Driver Factory Action [createNewLocalDriverInstance] failed. With the following test data [Failed to create new Browser Session].","trace":"java.lang.AssertionError: Driver Factory Action [createNewLocalDriverInstance] failed. With the following test data [Failed to create new Browser Session].\r\n\tat org.testng.Assert.fail(Assert.java:98)\r\n\tat com.shaft.driver.DriverFactoryHelper.failAction(DriverFactoryHelper.java:304)\r\n\tat com.shaft.driver.DriverFactoryHelper.createNewLocalDriverInstance(DriverFactoryHelper.java:600)\r\n\tat com.shaft.driver.DriverFactoryHelper.getDriver(DriverFactoryHelper.java:815)\r\n\tat com.shaft.driver.DriverFactoryHelper.getDriver(DriverFactoryHelper.java:140)\r\n\tat com.shaft.driver.DriverFactory.getDriver(DriverFactory.java:27)\r\n\tat testCases.LoginTest.initialBrowser(LoginTest.java:70)\r\n\tat java.base/jdk.internal.reflect.NativeMethodAccessorImpl.invoke0(Native Method)\r\n\tat java.base/jdk.internal.reflect.NativeMethodAccessorImpl.invoke(NativeMethodAccessorImpl.java:77)\r\n\tat java.base/jdk.internal.reflect.DelegatingMethodAccessorImpl.invoke(DelegatingMethodAccessorImpl.java:43)\r\n\tat java.base/java.lang.reflect.Method.invoke(Method.java:568)\r\n\tat org.testng.internal.invokers.MethodInvocationHelper.invokeMethod(MethodInvocationHelper.java:135)\r\n\tat org.testng.internal.invokers.TestInvoker.invokeMethod(TestInvoker.java:673)\r\n\tat org.testng.internal.invokers.TestInvoker.invokeTestMethod(TestInvoker.java:220)\r\n\tat org.testng.internal.invokers.MethodRunner.runInSequence(MethodRunner.java:50)\r\n\tat org.testng.internal.invokers.TestInvoker$MethodInvocationAgent.invoke(TestInvoker.java:945)\r\n\tat org.testng.internal.invokers.TestInvoker.invokeTestMethods(TestInvoker.java:193)\r\n\tat org.testng.internal.invokers.TestMethodWorker.invokeTestMethods(TestMethodWorker.java:146)\r\n\tat org.testng.internal.invokers.TestMethodWorker.run(TestMethodWorker.java:128)\r\n\tat java.base/java.util.ArrayList.forEach(ArrayList.java:1511)\r\n\tat org.testng.TestRunner.privateRun(TestRunner.java:808)\r\n\tat org.testng.TestRunner.run(TestRunner.java:603)\r\n\tat org.testng.SuiteRunner.runTest(SuiteRunner.java:429)\r\n\tat org.testng.SuiteRunner.runSequentially(SuiteRunner.java:423)\r\n\tat org.testng.SuiteRunner.privateRun(SuiteRunner.java:383)\r\n\tat org.testng.SuiteRunner.run(SuiteRunner.java:326)\r\n\tat org.testng.SuiteRunnerWorker.runSuite(SuiteRunnerWorker.java:52)\r\n\tat org.testng.SuiteRunnerWorker.run(SuiteRunnerWorker.java:95)\r\n\tat org.testng.TestNG.runSuitesSequentially(TestNG.java:1249)\r\n\tat org.testng.TestNG.runSuitesLocally(TestNG.java:1169)\r\n\tat org.testng.TestNG.runSuites(TestNG.java:1092)\r\n\tat org.testng.TestNG.run(TestNG.java:1060)\r\n\tat org.testng.remote.AbstractRemoteTestNG.run(AbstractRemoteTestNG.java:115)\r\n\tat org.testng.remote.RemoteTestNG.initAndRun(RemoteTestNG.java:251)\r\n\tat org.testng.remote.RemoteTestNG.main(RemoteTestNG.java:77)\r\nCaused by: org.openqa.selenium.SessionNotCreatedException: Could not start a new session. Handshake response does not match any supported protocol\nBuild info: version: '4.1.1', revision: 'e8fcc2cecf'\nSystem info: host: 'A-ABDELSATAR', ip: '197.168.3.131', os.name: 'Windows 10', os.arch: 'amd64', os.version: '10.0', java.version: '17'\nDriver info: org.openqa.selenium.chrome.ChromeDriver\nCommand: [null, newSession {capabilities=[Capabilities {acceptInsecureCerts: true, browserName: chrome, goog:chromeOptions: {args: [--start-maximized, --enable-automation, --no-sandbox, --disable-infobars, --disable-dev-shm-usage, --disable-browser-side-navi..., --disable-gpu, --remote-debugging-port=9222], extensions: [], prefs: {download.default_directory: C:\\Users\\ahmed.abdelstar\\ec..., download.prompt_for_download: false, profile.default_content_settings.popups: 0}}, goog:loggingPrefs: org.openqa.selenium.logging..., pageLoadStrategy: normal, platformName: windows, timeouts: {pageLoad: 30000, script: 30000}, unhandledPromptBehavior: accept and notify}], desiredCapabilities=Capabilities {acceptInsecureCerts: true, acceptSslCerts: true, browserName: chrome, goog:chromeOptions: {args: [--start-maximized, --enable-automation, --no-sandbox, --disable-infobars, --disable-dev-shm-usage, --disable-browser-side-navi..., --disable-gpu, --remote-debugging-port=9222], extensions: [], prefs: {download.default_directory: C:\\Users\\ahmed.abdelstar\\ec..., download.prompt_for_download: false, profile.default_content_settings.popups: 0}}, loggingPrefs: org.openqa.selenium.logging..., pageLoadStrategy: normal, platformName: WINDOWS, timeouts: {pageLoad: 30000, script: 30000}, unhandledPromptBehavior: accept and notify}}]\r\n\tat org.openqa.selenium.remote.ProtocolHandshake.lambda$createSession$2(ProtocolHandshake.java:137)\r\n\tat java.base/java.util.Optional.orElseGet(Optional.java:364)\r\n\tat org.openqa.selenium.remote.ProtocolHandshake.createSession(ProtocolHandshake.java:137)\r\n\tat org.openqa.selenium.remote.ProtocolHandshake.createSession(ProtocolHandshake.java:84)\r\n\tat org.openqa.selenium.remote.ProtocolHandshake.createSession(ProtocolHandshake.java:62)\r\n\tat org.openqa.selenium.remote.HttpCommandExecutor.execute(HttpCommandExecutor.java:156)\r\n\tat org.openqa.selenium.remote.service.DriverCommandExecutor.invokeExecute(DriverCommandExecutor.java:167)\r\n\tat org.openqa.selenium.remote.service.DriverCommandExecutor.execute(DriverCommandExecutor.java:142)\r\n\tat org.openqa.selenium.remote.RemoteWebDriver.execute(RemoteWebDriver.java:543)\r\n\tat org.openqa.selenium.remote.RemoteWebDriver.startSession(RemoteWebDriver.java:230)\r\n\tat org.openqa.selenium.remote.RemoteWebDriver.<init>(RemoteWebDriver.java:151)\r\n\tat org.openqa.selenium.chromium.ChromiumDriver.<init>(ChromiumDriver.java:108)\r\n\tat org.openqa.selenium.chrome.ChromeDriver.<init>(ChromeDriver.java:104)\r\n\tat org.openqa.selenium.chrome.ChromeDriver.<init>(ChromeDriver.java:91)\r\n\tat org.openqa.selenium.chrome.ChromeDriver.<init>(ChromeDriver.java:80)\r\n\tat com.shaft.driver.DriverFactoryHelper.createNewLocalDriverInstanceForChrome(DriverFactoryHelper.java:553)\r\n\tat com.shaft.driver.DriverFactoryHelper.createNewLocalDriverInstance(DriverFactoryHelper.java:594)\r\n\t... 32 more\r\n"},"stage":"finished","steps":[{"name":"Successfully loaded the following test data file [src/test/resources/testDataFiles/Extractor Data.xlsx].","status":"passed","stage":"finished","steps":[],"attachments":[{"name":"Attachment: Test Data - Excel","source":"ac21462f-a85e-4272-8039-c16c3818ff65-attachment.xlsx","type":"application/vnd.openxmlformats-officedocument.spreadsheetml.sheet"}],"parameters":[{"name":"actionCounter","value":"11"},{"name":"logText","value":"Successfully loaded the following test data file [src/test/resources/testDataFiles/Extractor Data.xlsx]."},{"name":"attachments","value":"[[Test Data, Excel, java.io.FileInputStream@3c634a04]]"}],"start":1647332716199,"stop":1647332716201},{"name":"Attempting to run locally on: [Windows-64], [GoogleChrome].","status":"passed","stage":"finished","steps":[],"attachments":[],"parameters":[{"name":"actionCounter","value":"12"},{"name":"logText","value":"Attempting to run locally on: [Windows-64], [GoogleChrome]."}],"start":1647332716202,"stop":1647332716202},{"name":"Identifying OS/Driver combination and selecting the correct driver version automatically. Please note that if a new driver executable will be downloaded it may take some time...","status":"passed","stage":"finished","steps":[],"attachments":[],"parameters":[{"name":"actionCounter","value":"13"},{"name":"logText","value":"Identifying OS/Driver combination and selecting the correct driver version automatically. Please note that if a new driver executable will be downloaded it may take some time..."}],"start":1647332716203,"stop":1647332716203},{"name":"Driver Factory Action [createNewLocalDriverInstance] failed. With the following test data [Failed to create new Browser Session].","status":"passed","stage":"finished","steps":[],"attachments":[],"parameters":[{"name":"actionCounter","value":"14"},{"name":"logText","value":"Driver Factory Action [createNewLocalDriverInstance] failed. With the following test data [Failed to create new Browser Session]."}],"start":1647332717139,"stop":1647332717140},{"name":"An Exception Occured with this Message: Could not start a new session. Handshake response does not match any supported protocol.","status":"passed","stage":"finished","steps":[],"attachments":[{"name":"Attachment: Exception Stack Trace - org.openqa.selenium.SessionNotCreatedException","source":"a0993ec0-bd7e-4136-be97-801ecd198667-attachment"}],"parameters":[{"name":"actionCounter","value":"15"},{"name":"logText","value":"An Exception Occured with this Message: Could not start a new session. Handshake response does not match any supported protocol."},{"name":"attachments","value":"[[Exception Stack Trace, org.openqa.selenium.SessionNotCreatedException, org.openqa.selenium.SessionNotCreatedException:\r\nCould not start a new session. Handshake response does not match any supported protocol\nBuild info: version: '4.1.1', revision: 'e8fcc2cecf'\nSystem info: host: 'A-ABDELSATAR', ip: '197.168.3.131', os.name: 'Windows 10', os.arch: 'amd64', os.version: '10.0', java.version: '17'\nDriver info: org.openqa.selenium.chrome.ChromeDriver\nCommand: [null, newSession {capabilities=[Capabilities {acceptInsecureCerts: true, browserName: chrome, goog:chromeOptions: {args: [--start-maximized, --enable-automation, --no-sandbox, --disable-infobars, --disable-dev-shm-usage, --disable-browser-side-navi..., --disable-gpu, --remote-debugging-port=9222], extensions: [], prefs: {download.default_directory: C:\\Users\\ahmed.abdelstar\\ec..., download.prompt_for_download: false, profile.default_content_settings.popups: 0}}, goog:loggingPrefs: org.openqa.selenium.logging..., pageLoadStrategy: normal, platformName: windows, timeouts: {pageLoad: 30000, script: 30000}, unhandledPromptBehavior: accept and notify}], desiredCapabilities=Capabilities {acceptInsecureCerts: true, acceptSslCerts: true, browserName: chrome, goog:chromeOptions: {args: [--start-maximized, --enable-automation, --no-sandbox, --disable-infobars, --disable-dev-shm-usage, --disable-browser-side-navi..., --disable-gpu, --remote-debugging-port=9222], extensions: [], prefs: {download.default_directory: C:\\Users\\ahmed.abdelstar\\ec..., download.prompt_for_download: false, profile.default_content_settings.popups: 0}}, loggingPrefs: org.openqa.selenium.logging..., pageLoadStrategy: normal, platformName: WINDOWS, timeouts: {pageLoad: 30000, script: 30000}, unhandledPromptBehavior: accept and notify}}]\r\norg.openqa.selenium.remote.ProtocolHandshake.lambda$createSession$2(ProtocolHandshake.java:137)\r\njava.base/java.util.Optional.orElseGet(Optional.java:364)\r\norg.openqa.selenium.remote.ProtocolHandshake.createSession(ProtocolHandshake.java:137)\r\norg.openqa.selenium.remote.ProtocolHandshake.createSession(ProtocolHandshake.java:84)\r\norg.openqa.selenium.remote.ProtocolHandshake.createSession(ProtocolHandshake.java:62)\r\norg.openqa.selenium.remote.HttpCommandExecutor.execute(HttpCommandExecutor.java:156)\r\norg.openqa.selenium.remote.service.DriverCommandExecutor.invokeExecute(DriverCommandExecutor.java:167)\r\norg.openqa.selenium.remote.service.DriverCommandExecutor.execute(DriverCommandExecutor.java:142)\r\norg.openqa.selenium.remote.RemoteWebDriver.execute(RemoteWebDriver.java:543)\r\norg.openqa.selenium.remote.RemoteWebDriver.startSession(RemoteWebDriver.java:230)\r\norg.openqa.selenium.remote.RemoteWebDriver.<init>(RemoteWebDriver.java:151)\r\norg.openqa.selenium.chromium.ChromiumDriver.<init>(ChromiumDriver.java:108)\r\norg.openqa.selenium.chrome.ChromeDriver.<init>(ChromeDriver.java:104)\r\norg.openqa.selenium.chrome.ChromeDriver.<init>(ChromeDriver.java:91)\r\norg.openqa.selenium.chrome.ChromeDriver.<init>(ChromeDriver.java:80)\r\ncom.shaft.driver.DriverFactoryHelper.createNewLocalDriverInstanceForChrome(DriverFactoryHelper.java:553)\r\ncom.shaft.driver.DriverFactoryHelper.createNewLocalDriverInstance(DriverFactoryHelper.java:594)\r\ncom.shaft.driver.DriverFactoryHelper.getDriver(DriverFactoryHelper.java:815)\r\ncom.shaft.driver.DriverFactoryHelper.getDriver(DriverFactoryHelper.java:140)\r\ncom.shaft.driver.DriverFactory.getDriver(DriverFactory.java:27)\r\ntestCases.LoginTest.initialBrowser(LoginTest.java:70)\r\njava.base/jdk.internal.reflect.NativeMethodAccessorImpl.invoke0(Native Method)\r\njava.base/jdk.internal.reflect.NativeMethodAccessorImpl.invoke(NativeMethodAccessorImpl.java:77)\r\njava.base/jdk.internal.reflect.DelegatingMethodAccessorImpl.invoke(DelegatingMethodAccessorImpl.java:43)\r\njava.base/java.lang.reflect.Method.invoke(Method.java:568)\r\norg.testng.internal.invokers.MethodInvocationHelper.invokeMethod(MethodInvocationHelper.java:135)\r\norg.testng.internal.invokers.TestInvoker.invokeMethod(TestInvoker.java:673)\r\norg.testng.internal.invokers.TestInvoker.invokeTestMethod(TestInvoker.java:220)\r\norg.testng.internal.invokers.MethodRunner.runInSequence(MethodRunner.java:50)\r\norg.testng.internal.invokers.TestInvoker$MethodInvocationAgent.invoke(TestInvoker.java:945)\r\norg.testng.internal.invokers.TestInvoker.invokeTestMethods(TestInvoker.java:193)\r\norg.testng.internal.invokers.TestMethodWorker.invokeTestMethods(TestMethodWorker.java:146)\r\norg.testng.internal.invokers.TestMethodWorker.run(TestMethodWorker.java:128)\r\njava.base/java.util.ArrayList.forEach(ArrayList.java:1511)\r\norg.testng.TestRunner.privateRun(TestRunner.java:808)\r\norg.testng.TestRunner.run(TestRunner.java:603)\r\norg.testng.SuiteRunner.runTest(SuiteRunner.java:429)\r\norg.testng.SuiteRunner.runSequentially(SuiteRunner.java:423)\r\norg.testng.SuiteRunner.privateRun(SuiteRunner.java:383)\r\norg.testng.SuiteRunner.run(SuiteRunner.java:326)\r\norg.testng.SuiteRunnerWorker.runSuite(SuiteRunnerWorker.java:52)\r\norg.testng.SuiteRunnerWorker.run(SuiteRunnerWorker.java:95)\r\norg.testng.TestNG.runSuitesSequentially(TestNG.java:1249)\r\norg.testng.TestNG.runSuitesLocally(TestNG.java:1169)\r\norg.testng.TestNG.runSuites(TestNG.java:1092)\r\norg.testng.TestNG.run(TestNG.java:1060)\r\norg.testng.remote.AbstractRemoteTestNG.run(AbstractRemoteTestNG.java:115)\r\norg.testng.remote.RemoteTestNG.initAndRun(RemoteTestNG.java:251)\r\norg.testng.remote.RemoteTestNG.main(RemoteTestNG.java:77)\r\n]]"}],"start":1647332717141,"stop":1647332717142}],"attachments":[{"name":"Attachment: SHAFT Engine Logs - Current Method log: initialBrowser","source":"71241c46-ca9d-4931-bc23-b46c2cc37372-attachment.txt","type":"text/plain"}],"parameters":[],"start":1647332716164,"stop":1647332717146}